#
# There is insufficient memory for the Java Runtime Environment to continue.
# Native memory allocation (malloc) failed to allocate 1048576 bytes. Error detail: AllocateHeap
# Possible reasons:
#   The system is out of physical RAM or swap space
#   This process is running with CompressedOops enabled, and the Java Heap may be blocking the growth of the native heap
# Possible solutions:
#   Reduce memory load on the system
#   Increase physical memory or swap space
#   Check if swap backing store is full
#   Decrease Java heap size (-Xmx/-Xms)
#   Decrease number of Java threads
#   Decrease Java thread stack sizes (-Xss)
#   Set larger code cache with -XX:ReservedCodeCacheSize=
#   JVM is running with Unscaled Compressed Oops mode in which the Java heap is
#     placed in the first 4GB address space. The Java Heap base address is the
#     maximum limit for the native heap growth. Please use -XX:HeapBaseMinAddress
#     to set the Java Heap base and to place the Java Heap above 4GB virtual address.
# This output file may be truncated or incomplete.
#
#  Out of Memory Error (allocation.cpp:44), pid=14228, tid=716
#
# JRE version: OpenJDK Runtime Environment Temurin-21.0.9+10 (21.0.9+10) (build 21.0.9+10-LTS)
# Java VM: OpenJDK 64-Bit Server VM Temurin-21.0.9+10 (21.0.9+10-LTS, mixed mode, sharing, tiered, compressed oops, compressed class ptrs, parallel gc, windows-amd64)
# No core dump will be written. Minidumps are not enabled by default on client versions of Windows
#

---------------  S U M M A R Y ------------

Command Line: --add-modules=ALL-SYSTEM --add-opens=java.base/java.util=ALL-UNNAMED --add-opens=java.base/java.lang=ALL-UNNAMED --add-opens=java.base/sun.nio.fs=ALL-UNNAMED -Declipse.application=org.eclipse.jdt.ls.core.id1 -Dosgi.bundles.defaultStartLevel=4 -Declipse.product=org.eclipse.jdt.ls.core.product -Djava.import.generatesMetadataFilesAtProjectRoot=false -DDetectVMInstallationsJob.disabled=true -Dfile.encoding=utf8 -XX:+UseParallelGC -XX:GCTimeRatio=4 -XX:AdaptiveSizePolicyWeight=90 -Dsun.zip.disableMemoryMapping=true -Xmx2G -Xms100m -Xlog:disable -javaagent:c:\Users\Administrator\.vscode\extensions\redhat.java-1.51.0-win32-x64\lombok\lombok-1.18.39-4050.jar -XX:+HeapDumpOnOutOfMemoryError -XX:HeapDumpPath=c:\Users\Administrator\AppData\Roaming\Code\User\workspaceStorage\3c9e6b34ad60457accf36ae64ad396a8\redhat.java -Daether.dependencyCollector.impl=bf c:\Users\Administrator\.vscode\extensions\redhat.java-1.51.0-win32-x64\server\plugins\org.eclipse.equinox.launcher_1.7.100.v20251111-0406.jar -configuration c:\Users\Administrator\AppData\Roaming\Code\User\globalStorage\redhat.java\1.51.0\config_win -data c:\Users\Administrator\AppData\Roaming\Code\User\workspaceStorage\3c9e6b34ad60457accf36ae64ad396a8\redhat.java\jdt_ws --pipe=\\.\pipe\lsp-7dec9b80a09bd0c8e3f7124ede0a2be2-sock

Host: Intel(R) Core(TM) i7-10750H CPU @ 2.60GHz, 12 cores, 7G,  Windows 10 , 64 bit Build 19041 (10.0.19041.5915)
Time: Fri Jan  9 10:12:24 2026 SE Asia Standard Time elapsed time: 130.835408 seconds (0d 0h 2m 10s)

---------------  T H R E A D  ---------------

Current thread (0x0000018418207c50):  JavaThread "Attach Listener" daemon [_thread_in_vm, id=716, stack(0x0000005ae2c00000,0x0000005ae2d00000) (1024K)]

Stack: [0x0000005ae2c00000,0x0000005ae2d00000]
Native frames: (J=compiled Java code, j=interpreted, Vv=VM code, C=native code)
V  [jvm.dll+0x6d6e29]
V  [jvm.dll+0x8b4b76]
V  [jvm.dll+0x8b712e]
V  [jvm.dll+0x8b7813]
V  [jvm.dll+0x283d86]
V  [jvm.dll+0xc1277]
V  [jvm.dll+0x6d76d9]
V  [jvm.dll+0x133466]
V  [jvm.dll+0x3f7ea6]
V  [jvm.dll+0x85e9ad]
V  [jvm.dll+0x6d565d]
C  [ucrtbase.dll+0x21bb2]
C  [KERNEL32.DLL+0x17374]
C  [ntdll.dll+0x4cc91]


---------------  P R O C E S S  ---------------

Threads class SMR info:
_java_thread_list=0x0000018463375ff0, length=49, elements={
0x000001847fbdff70, 0x0000018418201bb0, 0x00000184182034b0, 0x0000018418206f40,
0x0000018418207c50, 0x000001841820a370, 0x000001841820d910, 0x000001845b259170,
0x000001845b25a1c0, 0x000001845b49be80, 0x000001845b5d8dd0, 0x000001845ba446b0,
0x000001845bc57f80, 0x000001845bda4030, 0x0000018460153fc0, 0x0000018460164610,
0x000001846007a050, 0x0000018460234ad0, 0x00000184601209b0, 0x0000018460743bd0,
0x0000018460742820, 0x0000018460740750, 0x0000018460740de0, 0x0000018460741b00,
0x0000018460742eb0, 0x000001845bd96480, 0x000001845bd93690, 0x000001845bd922e0,
0x000001845bd93000, 0x000001845bd92970, 0x000001845bd943b0, 0x000001845bd96b10,
0x000001845bd93d20, 0x000001845bd91c50, 0x000001845bd908a0, 0x000001845bd90210,
0x000001845bd94a40, 0x000001845bd95760, 0x000001845bd95df0, 0x000001845bd97830,
0x000001845bd971a0, 0x000001845bd90f30, 0x000001845bd950d0, 0x000001845bd915c0,
0x0000018460ed83a0, 0x0000018460ed7680, 0x0000018460eda470, 0x0000018460ed90c0,
0x000001846293cd90
}

Java Threads: ( => current thread )
  0x000001847fbdff70 JavaThread "main"                              [_thread_blocked, id=3748, stack(0x0000005ae2500000,0x0000005ae2600000) (1024K)]
  0x0000018418201bb0 JavaThread "Reference Handler"          daemon [_thread_blocked, id=14072, stack(0x0000005ae2900000,0x0000005ae2a00000) (1024K)]
  0x00000184182034b0 JavaThread "Finalizer"                  daemon [_thread_blocked, id=14096, stack(0x0000005ae2a00000,0x0000005ae2b00000) (1024K)]
  0x0000018418206f40 JavaThread "Signal Dispatcher"          daemon [_thread_blocked, id=13984, stack(0x0000005ae2b00000,0x0000005ae2c00000) (1024K)]
=>0x0000018418207c50 JavaThread "Attach Listener"            daemon [_thread_in_vm, id=716, stack(0x0000005ae2c00000,0x0000005ae2d00000) (1024K)]
  0x000001841820a370 JavaThread "Service Thread"             daemon [_thread_blocked, id=13868, stack(0x0000005ae2d00000,0x0000005ae2e00000) (1024K)]
  0x000001841820d910 JavaThread "Monitor Deflation Thread"   daemon [_thread_blocked, id=13076, stack(0x0000005ae2e00000,0x0000005ae2f00000) (1024K)]
  0x000001845b259170 JavaThread "C2 CompilerThread0"         daemon [_thread_blocked, id=8140, stack(0x0000005ae2f00000,0x0000005ae3000000) (1024K)]
  0x000001845b25a1c0 JavaThread "C1 CompilerThread0"         daemon [_thread_blocked, id=14112, stack(0x0000005ae3000000,0x0000005ae3100000) (1024K)]
  0x000001845b49be80 JavaThread "Common-Cleaner"             daemon [_thread_blocked, id=13928, stack(0x0000005ae3200000,0x0000005ae3300000) (1024K)]
  0x000001845b5d8dd0 JavaThread "Notification Thread"        daemon [_thread_blocked, id=12576, stack(0x0000005ae3300000,0x0000005ae3400000) (1024K)]
  0x000001845ba446b0 JavaThread "Active Thread: Equinox Container: e45fb1b2-f9dd-4416-b396-2201fdacdb99"        [_thread_blocked, id=10728, stack(0x0000005ae3a00000,0x0000005ae3b00000) (1024K)]
  0x000001845bc57f80 JavaThread "Refresh Thread: Equinox Container: e45fb1b2-f9dd-4416-b396-2201fdacdb99" daemon [_thread_blocked, id=13912, stack(0x0000005ae3c00000,0x0000005ae3d00000) (1024K)]
  0x000001845bda4030 JavaThread "Framework Event Dispatcher: Equinox Container: e45fb1b2-f9dd-4416-b396-2201fdacdb99" daemon [_thread_blocked, id=14296, stack(0x0000005ae3d00000,0x0000005ae3e00000) (1024K)]
  0x0000018460153fc0 JavaThread "Start Level: Equinox Container: e45fb1b2-f9dd-4416-b396-2201fdacdb99" daemon [_thread_blocked, id=7516, stack(0x0000005ae3e00000,0x0000005ae3f00000) (1024K)]
  0x0000018460164610 JavaThread "Bundle File Closer"         daemon [_thread_blocked, id=13436, stack(0x0000005ae4100000,0x0000005ae4200000) (1024K)]
  0x000001846007a050 JavaThread "SCR Component Actor"        daemon [_thread_blocked, id=14196, stack(0x0000005ae3100000,0x0000005ae3200000) (1024K)]
  0x0000018460234ad0 JavaThread "Worker-JM"                         [_thread_blocked, id=14188, stack(0x0000005ae4300000,0x0000005ae4400000) (1024K)]
  0x00000184601209b0 JavaThread "JNA Cleaner"                daemon [_thread_blocked, id=2516, stack(0x0000005ae4400000,0x0000005ae4500000) (1024K)]
  0x0000018460743bd0 JavaThread "Java indexing"              daemon [_thread_blocked, id=2980, stack(0x0000005ae4700000,0x0000005ae4800000) (1024K)]
  0x0000018460742820 JavaThread "Worker-3"                          [_thread_blocked, id=1948, stack(0x0000005ae4b00000,0x0000005ae4c00000) (1024K)]
  0x0000018460740750 JavaThread "Worker-4"                          [_thread_blocked, id=4348, stack(0x0000005ae4c00000,0x0000005ae4d00000) (1024K)]
  0x0000018460740de0 JavaThread "Thread-1"                   daemon [_thread_in_native, id=11936, stack(0x0000005ae4d00000,0x0000005ae4e00000) (1024K)]
  0x0000018460741b00 JavaThread "Thread-2"                   daemon [_thread_in_native, id=1612, stack(0x0000005ae4e00000,0x0000005ae4f00000) (1024K)]
  0x0000018460742eb0 JavaThread "Thread-3"                   daemon [_thread_in_native, id=8944, stack(0x0000005ae4f00000,0x0000005ae5000000) (1024K)]
  0x000001845bd96480 JavaThread "Thread-4"                   daemon [_thread_in_native, id=1580, stack(0x0000005ae5000000,0x0000005ae5100000) (1024K)]
  0x000001845bd93690 JavaThread "Thread-5"                   daemon [_thread_in_native, id=14008, stack(0x0000005ae5100000,0x0000005ae5200000) (1024K)]
  0x000001845bd922e0 JavaThread "Thread-6"                   daemon [_thread_in_native, id=14120, stack(0x0000005ae5200000,0x0000005ae5300000) (1024K)]
  0x000001845bd93000 JavaThread "Thread-7"                   daemon [_thread_in_native, id=8064, stack(0x0000005ae5300000,0x0000005ae5400000) (1024K)]
  0x000001845bd92970 JavaThread "Thread-8"                   daemon [_thread_in_native, id=4500, stack(0x0000005ae5400000,0x0000005ae5500000) (1024K)]
  0x000001845bd943b0 JavaThread "Thread-9"                   daemon [_thread_in_native, id=4492, stack(0x0000005ae5500000,0x0000005ae5600000) (1024K)]
  0x000001845bd96b10 JavaThread "Thread-10"                  daemon [_thread_in_native, id=12600, stack(0x0000005ae5600000,0x0000005ae5700000) (1024K)]
  0x000001845bd93d20 JavaThread "Thread-11"                  daemon [_thread_in_native, id=14212, stack(0x0000005ae5700000,0x0000005ae5800000) (1024K)]
  0x000001845bd91c50 JavaThread "Thread-12"                  daemon [_thread_in_native, id=2692, stack(0x0000005ae5800000,0x0000005ae5900000) (1024K)]
  0x000001845bd908a0 JavaThread "Thread-13"                  daemon [_thread_in_native, id=9388, stack(0x0000005ae5900000,0x0000005ae5a00000) (1024K)]
  0x000001845bd90210 JavaThread "pool-2-thread-1"                   [_thread_blocked, id=5204, stack(0x0000005ae5a00000,0x0000005ae5b00000) (1024K)]
  0x000001845bd94a40 JavaThread "WorkspaceEventsHandler"            [_thread_blocked, id=13900, stack(0x0000005ae5b00000,0x0000005ae5c00000) (1024K)]
  0x000001845bd95760 JavaThread "pool-1-thread-1"                   [_thread_blocked, id=1140, stack(0x0000005ae5c00000,0x0000005ae5d00000) (1024K)]
  0x000001845bd95df0 JavaThread "ForkJoinPool.commonPool-worker-1" daemon [_thread_blocked, id=14276, stack(0x0000005ae5d00000,0x0000005ae5e00000) (1024K)]
  0x000001845bd97830 JavaThread "ForkJoinPool.commonPool-worker-2" daemon [_thread_blocked, id=1376, stack(0x0000005ae5e00000,0x0000005ae5f00000) (1024K)]
  0x000001845bd971a0 JavaThread "ForkJoinPool.commonPool-worker-3" daemon [_thread_blocked, id=2596, stack(0x0000005ae5f00000,0x0000005ae6000000) (1024K)]
  0x000001845bd90f30 JavaThread "ForkJoinPool.commonPool-worker-4" daemon [_thread_blocked, id=7612, stack(0x0000005ae6000000,0x0000005ae6100000) (1024K)]
  0x000001845bd950d0 JavaThread "ForkJoinPool.commonPool-worker-6" daemon [_thread_blocked, id=3968, stack(0x0000005ae6100000,0x0000005ae6200000) (1024K)]
  0x000001845bd915c0 JavaThread "ForkJoinPool.commonPool-worker-5" daemon [_thread_blocked, id=3892, stack(0x0000005ae6200000,0x0000005ae6300000) (1024K)]
  0x0000018460ed83a0 JavaThread "ForkJoinPool.commonPool-worker-8" daemon [_thread_blocked, id=5576, stack(0x0000005ae6400000,0x0000005ae6500000) (1024K)]
  0x0000018460ed7680 JavaThread "ForkJoinPool.commonPool-worker-9" daemon [_thread_blocked, id=8288, stack(0x0000005ae6500000,0x0000005ae6600000) (1024K)]
  0x0000018460eda470 JavaThread "ForkJoinPool.commonPool-worker-10" daemon [_thread_blocked, id=5852, stack(0x0000005ae6600000,0x0000005ae6700000) (1024K)]
  0x0000018460ed90c0 JavaThread "ForkJoinPool.commonPool-worker-11" daemon [_thread_blocked, id=8084, stack(0x0000005ae6700000,0x0000005ae6800000) (1024K)]
  0x000001846293cd90 JavaThread "Cleaner-0"                  daemon [_thread_blocked, id=6108, stack(0x0000005ae6d00000,0x0000005ae6e00000) (1024K)]
Total: 49

Other Threads:
  0x00000184181e8c40 VMThread "VM Thread"                           [id=1016, stack(0x0000005ae2800000,0x0000005ae2900000) (1024K)]
  0x0000018418090c30 WatcherThread "VM Periodic Task Thread"        [id=11000, stack(0x0000005ae2700000,0x0000005ae2800000) (1024K)]
  0x000001847fbfe060 WorkerThread "GC Thread#0"                     [id=13032, stack(0x0000005ae2600000,0x0000005ae2700000) (1024K)]
  0x000001845bc649a0 WorkerThread "GC Thread#1"                     [id=6484, stack(0x0000005ae3400000,0x0000005ae3500000) (1024K)]
  0x000001845bc64d40 WorkerThread "GC Thread#2"                     [id=2180, stack(0x0000005ae3500000,0x0000005ae3600000) (1024K)]
  0x000001845ba994c0 WorkerThread "GC Thread#3"                     [id=13832, stack(0x0000005ae3600000,0x0000005ae3700000) (1024K)]
  0x000001845ba99860 WorkerThread "GC Thread#4"                     [id=14132, stack(0x0000005ae3700000,0x0000005ae3800000) (1024K)]
  0x000001845b596aa0 WorkerThread "GC Thread#5"                     [id=14236, stack(0x0000005ae3800000,0x0000005ae3900000) (1024K)]
  0x000001845b596e40 WorkerThread "GC Thread#6"                     [id=6508, stack(0x0000005ae3900000,0x0000005ae3a00000) (1024K)]
  0x000001845bc56570 WorkerThread "GC Thread#7"                     [id=1284, stack(0x0000005ae3b00000,0x0000005ae3c00000) (1024K)]
  0x000001845bc54fb0 WorkerThread "GC Thread#8"                     [id=13792, stack(0x0000005ae3f00000,0x0000005ae4000000) (1024K)]
  0x000001845bc55350 WorkerThread "GC Thread#9"                     [id=13828, stack(0x0000005ae4000000,0x0000005ae4100000) (1024K)]
Total: 12

Threads with active compile tasks:
Total: 0

VM state: not at safepoint (normal execution)

VM Mutex/Monitor currently owned by a thread: None

Heap address: 0x0000000080000000, size: 2048 MB, Compressed Oops mode: 32-bit

CDS archive(s) mapped at: [0x0000018419000000-0x0000018419ba0000-0x0000018419ba0000), size 12189696, SharedBaseAddress: 0x0000018419000000, ArchiveRelocationMode: 1.
Compressed class space mapped at: 0x000001841a000000-0x000001845a000000, reserved size: 1073741824
Narrow klass base: 0x0000018419000000, Narrow klass shift: 0, Narrow klass range: 0x100000000

GC Precious Log:
 CardTable entry size: 512
 CPUs: 12 total, 12 available
 Memory: 8013M
 Large Page Support: Disabled
 NUMA Support: Disabled
 Compressed Oops: Enabled (32-bit)
 Alignments: Space 512K, Generation 512K, Heap 2M
 Heap Min Capacity: 100M
 Heap Initial Capacity: 100M
 Heap Max Capacity: 2G
 Pre-touch: Disabled
 Parallel Workers: 10

Heap:
 PSYoungGen      total 3072K, used 1388K [0x00000000d5580000, 0x00000000d5b00000, 0x0000000100000000)
  eden space 2560K, 35% used [0x00000000d5580000,0x00000000d5663328,0x00000000d5800000)
  from space 512K, 93% used [0x00000000d5880000,0x00000000d58f8030,0x00000000d5900000)
  to   space 1536K, 0% used [0x00000000d5980000,0x00000000d5980000,0x00000000d5b00000)
 ParOldGen       total 251392K, used 250953K [0x0000000080000000, 0x000000008f580000, 0x00000000d5580000)
  object space 251392K, 99% used [0x0000000080000000,0x000000008f5124b8,0x000000008f580000)
 Metaspace       used 69253K, committed 70848K, reserved 1114112K
  class space    used 7221K, committed 7936K, reserved 1048576K

Card table byte_map: [0x0000018413550000,0x0000018413960000] _byte_map_base: 0x0000018413150000

Marking Bits: (ParMarkBitMap*) 0x00007ff877742460
 Begin Bits: [0x0000018413c10000, 0x0000018415c10000)
 End Bits:   [0x0000018415c10000, 0x0000018417c10000)

Polling page: 0x000001847f680000

Metaspace:

Usage:
  Non-class:     60.58 MB used.
      Class:      7.05 MB used.
       Both:     67.63 MB used.

Virtual space:
  Non-class space:       64.00 MB reserved,      61.44 MB ( 96%) committed,  1 nodes.
      Class space:        1.00 GB reserved,       7.75 MB ( <1%) committed,  1 nodes.
             Both:        1.06 GB reserved,      69.19 MB (  6%) committed. 

Chunk freelists:
   Non-Class:  2.50 MB
       Class:  8.13 MB
        Both:  10.63 MB

MaxMetaspaceSize: unlimited
CompressedClassSpaceSize: 1.00 GB
Initial GC threshold: 21.00 MB
Current GC threshold: 98.12 MB
CDS: on
 - commit_granule_bytes: 65536.
 - commit_granule_words: 8192.
 - virtual_space_node_default_size: 8388608.
 - enlarge_chunks_in_place: 1.
 - use_allocation_guard: 0.


Internal statistics:

num_allocs_failed_limit: 13.
num_arena_births: 1354.
num_arena_deaths: 14.
num_vsnodes_births: 2.
num_vsnodes_deaths: 0.
num_space_committed: 1107.
num_space_uncommitted: 0.
num_chunks_returned_to_freelist: 27.
num_chunks_taken_from_freelist: 4706.
num_chunk_merges: 16.
num_chunk_splits: 2911.
num_chunks_enlarged: 1607.
num_inconsistent_stats: 0.

CodeHeap 'non-profiled nmethods': size=120000Kb used=7163Kb max_used=7163Kb free=112836Kb
 bounds [0x000001840c020000, 0x000001840c720000, 0x0000018413550000]
CodeHeap 'profiled nmethods': size=120000Kb used=29686Kb max_used=29686Kb free=90313Kb
 bounds [0x0000018404550000, 0x0000018406250000, 0x000001840ba80000]
CodeHeap 'non-nmethods': size=5760Kb used=1450Kb max_used=1610Kb free=4309Kb
 bounds [0x000001840ba80000, 0x000001840bcf0000, 0x000001840c020000]
CodeCache: size=245760Kb, used=38299Kb, max_used=38459Kb, free=207458Kb
 total_blobs=14396, nmethods=13628, adapters=672, full_count=0
Compilation: enabled, stopped_count=0, restarted_count=0

Compilation events (20 events):
Event: 31.038 Thread 0x000001845b259170 14358       4       java.io.DataOutputStream::writeByte (14 bytes)
Event: 31.041 Thread 0x000001845b259170 nmethod 14358 0x000001840c719710 code [0x000001840c719920, 0x000001840c719ea0]
Event: 31.041 Thread 0x000001845b259170 14320       4       java.util.HashMap$EntrySet::iterator (12 bytes)
Event: 31.043 Thread 0x000001845b259170 nmethod 14320 0x000001840c71a490 code [0x000001840c71a640, 0x000001840c71a940]
Event: 31.043 Thread 0x000001845b259170 14312       4       java.util.HashMap::entrySet (27 bytes)
Event: 31.043 Thread 0x000001845b259170 nmethod 14312 0x000001840c71ab10 code [0x000001840c71aca0, 0x000001840c71adc0]
Event: 31.043 Thread 0x000001845b259170 14363       4       org.eclipse.osgi.container.ModuleDatabase$Persistence::writeString (99 bytes)
Event: 31.058 Thread 0x000001845b259170 nmethod 14363 0x000001840c71ae90 code [0x000001840c71b200, 0x000001840c71c738]
Event: 31.058 Thread 0x000001845b259170 14362       4       org.osgi.framework.Version::hashCode (65 bytes)
Event: 31.059 Thread 0x000001845b259170 nmethod 14362 0x000001840c71da90 code [0x000001840c71dc20, 0x000001840c71dd58]
Event: 31.059 Thread 0x000001845b259170 14325       4       java.util.Collections$1::next (25 bytes)
Event: 31.059 Thread 0x000001845b259170 nmethod 14325 0x000001840c71de10 code [0x000001840c71dfa0, 0x000001840c71e050]
Event: 31.059 Thread 0x000001845b259170 14382       4       java.util.regex.Matcher::find (69 bytes)
Event: 31.061 Thread 0x000001845b259170 nmethod 14382 0x000001840c71e110 code [0x000001840c71e2c0, 0x000001840c71e598]
Event: 31.061 Thread 0x000001845b259170 14326       4       java.util.Collections$SingletonSet::iterator (8 bytes)
Event: 31.062 Thread 0x000001845b259170 nmethod 14326 0x000001840c71e790 code [0x000001840c71e920, 0x000001840c71ea18]
Event: 31.062 Thread 0x000001845b259170 14343       4       java.io.DataOutputStream::writeUTF (7 bytes)
Event: 31.062 Thread 0x000001845b259170 nmethod 14343 0x000001840c71eb10 code [0x000001840c71eca0, 0x000001840c71ed58]
Event: 121.056 Thread 0x000001845b25a1c0 14383       3       java.util.concurrent.ScheduledThreadPoolExecutor::canRunInCurrentRunState (61 bytes)
Event: 121.057 Thread 0x000001845b25a1c0 nmethod 14383 0x000001840624cd90 code [0x000001840624cfa0, 0x000001840624d750]

GC Heap History (20 events):
Event: 13.230 GC heap before
{Heap before GC invocations=323 (full 3):
 PSYoungGen      total 3072K, used 2783K [0x00000000d5580000, 0x00000000d5a00000, 0x0000000100000000)
  eden space 2560K, 99% used [0x00000000d5580000,0x00000000d57fffc0,0x00000000d5800000)
  from space 512K, 43% used [0x00000000d5800000,0x00000000d5838000,0x00000000d5880000)
  to   space 1024K, 0% used [0x00000000d5900000,0x00000000d5900000,0x00000000d5a00000)
 ParOldGen       total 248320K, used 248002K [0x0000000080000000, 0x000000008f280000, 0x00000000d5580000)
  object space 248320K, 99% used [0x0000000080000000,0x000000008f2309e0,0x000000008f280000)
 Metaspace       used 68685K, committed 70208K, reserved 1114112K
  class space    used 7184K, committed 7872K, reserved 1048576K
}
Event: 13.231 GC heap after
{Heap after GC invocations=323 (full 3):
 PSYoungGen      total 3072K, used 384K [0x00000000d5580000, 0x00000000d5980000, 0x0000000100000000)
  eden space 2560K, 0% used [0x00000000d5580000,0x00000000d5580000,0x00000000d5800000)
  from space 512K, 75% used [0x00000000d5900000,0x00000000d5960000,0x00000000d5980000)
  to   space 512K, 0% used [0x00000000d5800000,0x00000000d5800000,0x00000000d5880000)
 ParOldGen       total 248320K, used 248106K [0x0000000080000000, 0x000000008f280000, 0x00000000d5580000)
  object space 248320K, 99% used [0x0000000080000000,0x000000008f24a9e0,0x000000008f280000)
 Metaspace       used 68685K, committed 70208K, reserved 1114112K
  class space    used 7184K, committed 7872K, reserved 1048576K
}
Event: 13.237 GC heap before
{Heap before GC invocations=324 (full 3):
 PSYoungGen      total 3072K, used 2943K [0x00000000d5580000, 0x00000000d5980000, 0x0000000100000000)
  eden space 2560K, 99% used [0x00000000d5580000,0x00000000d57fffc8,0x00000000d5800000)
  from space 512K, 75% used [0x00000000d5900000,0x00000000d5960000,0x00000000d5980000)
  to   space 512K, 0% used [0x00000000d5800000,0x00000000d5800000,0x00000000d5880000)
 ParOldGen       total 248320K, used 248106K [0x0000000080000000, 0x000000008f280000, 0x00000000d5580000)
  object space 248320K, 99% used [0x0000000080000000,0x000000008f24a9e0,0x000000008f280000)
 Metaspace       used 68686K, committed 70208K, reserved 1114112K
  class space    used 7184K, committed 7872K, reserved 1048576K
}
Event: 13.237 GC heap after
{Heap after GC invocations=324 (full 3):
 PSYoungGen      total 3072K, used 288K [0x00000000d5580000, 0x00000000d5980000, 0x0000000100000000)
  eden space 2560K, 0% used [0x00000000d5580000,0x00000000d5580000,0x00000000d5800000)
  from space 512K, 56% used [0x00000000d5800000,0x00000000d5848000,0x00000000d5880000)
  to   space 512K, 0% used [0x00000000d5900000,0x00000000d5900000,0x00000000d5980000)
 ParOldGen       total 248832K, used 248358K [0x0000000080000000, 0x000000008f300000, 0x00000000d5580000)
  object space 248832K, 99% used [0x0000000080000000,0x000000008f289bf8,0x000000008f300000)
 Metaspace       used 68686K, committed 70208K, reserved 1114112K
  class space    used 7184K, committed 7872K, reserved 1048576K
}
Event: 13.243 GC heap before
{Heap before GC invocations=325 (full 3):
 PSYoungGen      total 3072K, used 2848K [0x00000000d5580000, 0x00000000d5980000, 0x0000000100000000)
  eden space 2560K, 100% used [0x00000000d5580000,0x00000000d5800000,0x00000000d5800000)
  from space 512K, 56% used [0x00000000d5800000,0x00000000d5848000,0x00000000d5880000)
  to   space 512K, 0% used [0x00000000d5900000,0x00000000d5900000,0x00000000d5980000)
 ParOldGen       total 248832K, used 248358K [0x0000000080000000, 0x000000008f300000, 0x00000000d5580000)
  object space 248832K, 99% used [0x0000000080000000,0x000000008f289bf8,0x000000008f300000)
 Metaspace       used 68686K, committed 70208K, reserved 1114112K
  class space    used 7184K, committed 7872K, reserved 1048576K
}
Event: 13.243 GC heap after
{Heap after GC invocations=325 (full 3):
 PSYoungGen      total 3072K, used 416K [0x00000000d5580000, 0x00000000d5980000, 0x0000000100000000)
  eden space 2560K, 0% used [0x00000000d5580000,0x00000000d5580000,0x00000000d5800000)
  from space 512K, 81% used [0x00000000d5900000,0x00000000d5968020,0x00000000d5980000)
  to   space 512K, 0% used [0x00000000d5800000,0x00000000d5800000,0x00000000d5880000)
 ParOldGen       total 248832K, used 248486K [0x0000000080000000, 0x000000008f300000, 0x00000000d5580000)
  object space 248832K, 99% used [0x0000000080000000,0x000000008f2a9bf8,0x000000008f300000)
 Metaspace       used 68686K, committed 70208K, reserved 1114112K
  class space    used 7184K, committed 7872K, reserved 1048576K
}
Event: 13.251 GC heap before
{Heap before GC invocations=326 (full 3):
 PSYoungGen      total 3072K, used 2976K [0x00000000d5580000, 0x00000000d5980000, 0x0000000100000000)
  eden space 2560K, 100% used [0x00000000d5580000,0x00000000d5800000,0x00000000d5800000)
  from space 512K, 81% used [0x00000000d5900000,0x00000000d5968020,0x00000000d5980000)
  to   space 512K, 0% used [0x00000000d5800000,0x00000000d5800000,0x00000000d5880000)
 ParOldGen       total 248832K, used 248486K [0x0000000080000000, 0x000000008f300000, 0x00000000d5580000)
  object space 248832K, 99% used [0x0000000080000000,0x000000008f2a9bf8,0x000000008f300000)
 Metaspace       used 68693K, committed 70272K, reserved 1114112K
  class space    used 7184K, committed 7872K, reserved 1048576K
}
Event: 13.252 GC heap after
{Heap after GC invocations=326 (full 3):
 PSYoungGen      total 3072K, used 416K [0x00000000d5580000, 0x00000000d5980000, 0x0000000100000000)
  eden space 2560K, 0% used [0x00000000d5580000,0x00000000d5580000,0x00000000d5800000)
  from space 512K, 81% used [0x00000000d5800000,0x00000000d5868010,0x00000000d5880000)
  to   space 512K, 0% used [0x00000000d5900000,0x00000000d5900000,0x00000000d5980000)
 ParOldGen       total 248832K, used 248727K [0x0000000080000000, 0x000000008f300000, 0x00000000d5580000)
  object space 248832K, 99% used [0x0000000080000000,0x000000008f2e5c18,0x000000008f300000)
 Metaspace       used 68693K, committed 70272K, reserved 1114112K
  class space    used 7184K, committed 7872K, reserved 1048576K
}
Event: 13.276 GC heap before
{Heap before GC invocations=327 (full 3):
 PSYoungGen      total 3072K, used 2976K [0x00000000d5580000, 0x00000000d5980000, 0x0000000100000000)
  eden space 2560K, 100% used [0x00000000d5580000,0x00000000d5800000,0x00000000d5800000)
  from space 512K, 81% used [0x00000000d5800000,0x00000000d5868010,0x00000000d5880000)
  to   space 512K, 0% used [0x00000000d5900000,0x00000000d5900000,0x00000000d5980000)
 ParOldGen       total 248832K, used 248727K [0x0000000080000000, 0x000000008f300000, 0x00000000d5580000)
  object space 248832K, 99% used [0x0000000080000000,0x000000008f2e5c18,0x000000008f300000)
 Metaspace       used 68717K, committed 70272K, reserved 1114112K
  class space    used 7184K, committed 7872K, reserved 1048576K
}
Event: 13.279 GC heap after
{Heap after GC invocations=327 (full 3):
 PSYoungGen      total 3072K, used 512K [0x00000000d5580000, 0x00000000d5a00000, 0x0000000100000000)
  eden space 2560K, 0% used [0x00000000d5580000,0x00000000d5580000,0x00000000d5800000)
  from space 512K, 100% used [0x00000000d5900000,0x00000000d5980000,0x00000000d5980000)
  to   space 1024K, 0% used [0x00000000d5800000,0x00000000d5800000,0x00000000d5900000)
 ParOldGen       total 249344K, used 249031K [0x0000000080000000, 0x000000008f380000, 0x00000000d5580000)
  object space 249344K, 99% used [0x0000000080000000,0x000000008f331c18,0x000000008f380000)
 Metaspace       used 68717K, committed 70272K, reserved 1114112K
  class space    used 7184K, committed 7872K, reserved 1048576K
}
Event: 13.325 GC heap before
{Heap before GC invocations=328 (full 3):
 PSYoungGen      total 3072K, used 3072K [0x00000000d5580000, 0x00000000d5a00000, 0x0000000100000000)
  eden space 2560K, 100% used [0x00000000d5580000,0x00000000d5800000,0x00000000d5800000)
  from space 512K, 100% used [0x00000000d5900000,0x00000000d5980000,0x00000000d5980000)
  to   space 1024K, 0% used [0x00000000d5800000,0x00000000d5800000,0x00000000d5900000)
 ParOldGen       total 249344K, used 249031K [0x0000000080000000, 0x000000008f380000, 0x00000000d5580000)
  object space 249344K, 99% used [0x0000000080000000,0x000000008f331c18,0x000000008f380000)
 Metaspace       used 68737K, committed 70272K, reserved 1114112K
  class space    used 7184K, committed 7872K, reserved 1048576K
}
Event: 13.327 GC heap after
{Heap after GC invocations=328 (full 3):
 PSYoungGen      total 3584K, used 384K [0x00000000d5580000, 0x00000000d5a00000, 0x0000000100000000)
  eden space 2560K, 0% used [0x00000000d5580000,0x00000000d5580000,0x00000000d5800000)
  from space 1024K, 37% used [0x00000000d5800000,0x00000000d5860000,0x00000000d5900000)
  to   space 1024K, 0% used [0x00000000d5900000,0x00000000d5900000,0x00000000d5a00000)
 ParOldGen       total 249856K, used 249419K [0x0000000080000000, 0x000000008f400000, 0x00000000d5580000)
  object space 249856K, 99% used [0x0000000080000000,0x000000008f392c48,0x000000008f400000)
 Metaspace       used 68737K, committed 70272K, reserved 1114112K
  class space    used 7184K, committed 7872K, reserved 1048576K
}
Event: 13.335 GC heap before
{Heap before GC invocations=329 (full 3):
 PSYoungGen      total 3584K, used 2944K [0x00000000d5580000, 0x00000000d5a00000, 0x0000000100000000)
  eden space 2560K, 100% used [0x00000000d5580000,0x00000000d5800000,0x00000000d5800000)
  from space 1024K, 37% used [0x00000000d5800000,0x00000000d5860000,0x00000000d5900000)
  to   space 1024K, 0% used [0x00000000d5900000,0x00000000d5900000,0x00000000d5a00000)
 ParOldGen       total 249856K, used 249419K [0x0000000080000000, 0x000000008f400000, 0x00000000d5580000)
  object space 249856K, 99% used [0x0000000080000000,0x000000008f392c48,0x000000008f400000)
 Metaspace       used 68737K, committed 70272K, reserved 1114112K
  class space    used 7184K, committed 7872K, reserved 1048576K
}
Event: 13.336 GC heap after
{Heap after GC invocations=329 (full 3):
 PSYoungGen      total 3072K, used 432K [0x00000000d5580000, 0x00000000d5980000, 0x0000000100000000)
  eden space 2560K, 0% used [0x00000000d5580000,0x00000000d5580000,0x00000000d5800000)
  from space 512K, 84% used [0x00000000d5900000,0x00000000d596c010,0x00000000d5980000)
  to   space 512K, 0% used [0x00000000d5880000,0x00000000d5880000,0x00000000d5900000)
 ParOldGen       total 249856K, used 249694K [0x0000000080000000, 0x000000008f400000, 0x00000000d5580000)
  object space 249856K, 99% used [0x0000000080000000,0x000000008f3d7b10,0x000000008f400000)
 Metaspace       used 68737K, committed 70272K, reserved 1114112K
  class space    used 7184K, committed 7872K, reserved 1048576K
}
Event: 13.383 GC heap before
{Heap before GC invocations=330 (full 3):
 PSYoungGen      total 3072K, used 2992K [0x00000000d5580000, 0x00000000d5980000, 0x0000000100000000)
  eden space 2560K, 100% used [0x00000000d5580000,0x00000000d5800000,0x00000000d5800000)
  from space 512K, 84% used [0x00000000d5900000,0x00000000d596c010,0x00000000d5980000)
  to   space 512K, 0% used [0x00000000d5880000,0x00000000d5880000,0x00000000d5900000)
 ParOldGen       total 249856K, used 249694K [0x0000000080000000, 0x000000008f400000, 0x00000000d5580000)
  object space 249856K, 99% used [0x0000000080000000,0x000000008f3d7b10,0x000000008f400000)
 Metaspace       used 68812K, committed 70336K, reserved 1114112K
  class space    used 7185K, committed 7872K, reserved 1048576K
}
Event: 13.383 GC heap after
{Heap after GC invocations=330 (full 3):
 PSYoungGen      total 3072K, used 352K [0x00000000d5580000, 0x00000000d5980000, 0x0000000100000000)
  eden space 2560K, 0% used [0x00000000d5580000,0x00000000d5580000,0x00000000d5800000)
  from space 512K, 68% used [0x00000000d5880000,0x00000000d58d8000,0x00000000d5900000)
  to   space 512K, 0% used [0x00000000d5900000,0x00000000d5900000,0x00000000d5980000)
 ParOldGen       total 250368K, used 249958K [0x0000000080000000, 0x000000008f480000, 0x00000000d5580000)
  object space 250368K, 99% used [0x0000000080000000,0x000000008f419b30,0x000000008f480000)
 Metaspace       used 68812K, committed 70336K, reserved 1114112K
  class space    used 7185K, committed 7872K, reserved 1048576K
}
Event: 30.978 GC heap before
{Heap before GC invocations=331 (full 3):
 PSYoungGen      total 3072K, used 2912K [0x00000000d5580000, 0x00000000d5980000, 0x0000000100000000)
  eden space 2560K, 100% used [0x00000000d5580000,0x00000000d5800000,0x00000000d5800000)
  from space 512K, 68% used [0x00000000d5880000,0x00000000d58d8000,0x00000000d5900000)
  to   space 512K, 0% used [0x00000000d5900000,0x00000000d5900000,0x00000000d5980000)
 ParOldGen       total 250368K, used 249958K [0x0000000080000000, 0x000000008f480000, 0x00000000d5580000)
  object space 250368K, 99% used [0x0000000080000000,0x000000008f419b30,0x000000008f480000)
 Metaspace       used 69039K, committed 70592K, reserved 1114112K
  class space    used 7211K, committed 7872K, reserved 1048576K
}
Event: 30.980 GC heap after
{Heap after GC invocations=331 (full 3):
 PSYoungGen      total 3072K, used 320K [0x00000000d5580000, 0x00000000d5980000, 0x0000000100000000)
  eden space 2560K, 0% used [0x00000000d5580000,0x00000000d5580000,0x00000000d5800000)
  from space 512K, 62% used [0x00000000d5900000,0x00000000d5950000,0x00000000d5980000)
  to   space 512K, 0% used [0x00000000d5880000,0x00000000d5880000,0x00000000d5900000)
 ParOldGen       total 250368K, used 250162K [0x0000000080000000, 0x000000008f480000, 0x00000000d5580000)
  object space 250368K, 99% used [0x0000000080000000,0x000000008f44c838,0x000000008f480000)
 Metaspace       used 69039K, committed 70592K, reserved 1114112K
  class space    used 7211K, committed 7872K, reserved 1048576K
}
Event: 31.008 GC heap before
{Heap before GC invocations=332 (full 3):
 PSYoungGen      total 3072K, used 2880K [0x00000000d5580000, 0x00000000d5980000, 0x0000000100000000)
  eden space 2560K, 100% used [0x00000000d5580000,0x00000000d5800000,0x00000000d5800000)
  from space 512K, 62% used [0x00000000d5900000,0x00000000d5950000,0x00000000d5980000)
  to   space 512K, 0% used [0x00000000d5880000,0x00000000d5880000,0x00000000d5900000)
 ParOldGen       total 250368K, used 250162K [0x0000000080000000, 0x000000008f480000, 0x00000000d5580000)
  object space 250368K, 99% used [0x0000000080000000,0x000000008f44c838,0x000000008f480000)
 Metaspace       used 69075K, committed 70592K, reserved 1114112K
  class space    used 7211K, committed 7872K, reserved 1048576K
}
Event: 31.009 GC heap after
{Heap after GC invocations=332 (full 3):
 PSYoungGen      total 3072K, used 480K [0x00000000d5580000, 0x00000000d5b00000, 0x0000000100000000)
  eden space 2560K, 0% used [0x00000000d5580000,0x00000000d5580000,0x00000000d5800000)
  from space 512K, 93% used [0x00000000d5880000,0x00000000d58f8030,0x00000000d5900000)
  to   space 1536K, 0% used [0x00000000d5980000,0x00000000d5980000,0x00000000d5b00000)
 ParOldGen       total 251392K, used 250953K [0x0000000080000000, 0x000000008f580000, 0x00000000d5580000)
  object space 251392K, 99% used [0x0000000080000000,0x000000008f5124b8,0x000000008f580000)
 Metaspace       used 69075K, committed 70592K, reserved 1114112K
  class space    used 7211K, committed 7872K, reserved 1048576K
}

Dll operation events (11 events):
Event: 0.006 Loaded shared library c:\Users\Administrator\.vscode\extensions\redhat.java-1.51.0-win32-x64\jre\21.0.9-win32-x86_64\bin\java.dll
Event: 0.072 Loaded shared library c:\Users\Administrator\.vscode\extensions\redhat.java-1.51.0-win32-x64\jre\21.0.9-win32-x86_64\bin\zip.dll
Event: 0.092 Loaded shared library C:\Users\Administrator\.vscode\extensions\redhat.java-1.51.0-win32-x64\jre\21.0.9-win32-x86_64\bin\instrument.dll
Event: 0.097 Loaded shared library C:\Users\Administrator\.vscode\extensions\redhat.java-1.51.0-win32-x64\jre\21.0.9-win32-x86_64\bin\net.dll
Event: 0.099 Loaded shared library C:\Users\Administrator\.vscode\extensions\redhat.java-1.51.0-win32-x64\jre\21.0.9-win32-x86_64\bin\nio.dll
Event: 0.102 Loaded shared library C:\Users\Administrator\.vscode\extensions\redhat.java-1.51.0-win32-x64\jre\21.0.9-win32-x86_64\bin\zip.dll
Event: 0.114 Loaded shared library C:\Users\Administrator\.vscode\extensions\redhat.java-1.51.0-win32-x64\jre\21.0.9-win32-x86_64\bin\jimage.dll
Event: 0.156 Loaded shared library c:\Users\Administrator\.vscode\extensions\redhat.java-1.51.0-win32-x64\jre\21.0.9-win32-x86_64\bin\verify.dll
Event: 1.348 Loaded shared library C:\Users\Administrator\AppData\Roaming\Code\User\globalStorage\redhat.java\1.51.0\config_win\org.eclipse.equinox.launcher\org.eclipse.equinox.launcher.win32.win32.x86_64_1.2.1400.v20250801-0854\eclipse_11916.dll
Event: 3.105 Loaded shared library C:\Users\Administrator\AppData\Local\Temp\jna-76643\jna1136848478512220828.dll
Event: 10.122 Loaded shared library C:\Users\Administrator\.vscode\extensions\redhat.java-1.51.0-win32-x64\jre\21.0.9-win32-x86_64\bin\sunmscapi.dll

Deoptimization events (20 events):
Event: 13.348 Thread 0x0000018460740750 DEOPT PACKING pc=0x000001840c4b1e48 sp=0x0000005ae4cfdfb0
Event: 13.348 Thread 0x0000018460740750 DEOPT UNPACKING pc=0x000001840bad3aa2 sp=0x0000005ae4cfdf50 mode 2
Event: 13.407 Thread 0x0000018460740750 DEOPT PACKING pc=0x00000184061e9024 sp=0x0000005ae4cfe590
Event: 13.407 Thread 0x0000018460740750 DEOPT UNPACKING pc=0x000001840bad4242 sp=0x0000005ae4cfdab8 mode 0
Event: 13.414 Thread 0x0000018460740750 Uncommon trap: trap_request=0xffffffc6 fr.pc=0x000001840c189694 relative=0x00000000000001f4
Event: 13.414 Thread 0x0000018460740750 Uncommon trap: reason=bimorphic_or_optimized_type_check action=maybe_recompile pc=0x000001840c189694 method=java.util.Collections.eq(Ljava/lang/Object;Ljava/lang/Object;)Z @ 18 c2
Event: 13.414 Thread 0x0000018460740750 DEOPT PACKING pc=0x000001840c189694 sp=0x0000005ae4cfe990
Event: 13.414 Thread 0x0000018460740750 DEOPT UNPACKING pc=0x000001840bad3aa2 sp=0x0000005ae4cfe8d0 mode 2
Event: 13.414 Thread 0x0000018460740750 Uncommon trap: trap_request=0xffffffc6 fr.pc=0x000001840c189694 relative=0x00000000000001f4
Event: 13.414 Thread 0x0000018460740750 Uncommon trap: reason=bimorphic_or_optimized_type_check action=maybe_recompile pc=0x000001840c189694 method=java.util.Collections.eq(Ljava/lang/Object;Ljava/lang/Object;)Z @ 18 c2
Event: 13.414 Thread 0x0000018460740750 DEOPT PACKING pc=0x000001840c189694 sp=0x0000005ae4cfeaf0
Event: 13.415 Thread 0x0000018460740750 DEOPT UNPACKING pc=0x000001840bad3aa2 sp=0x0000005ae4cfea30 mode 2
Event: 30.991 Thread 0x000001845ba446b0 DEOPT PACKING pc=0x0000018404d2ec2e sp=0x0000005ae3afeb10
Event: 30.991 Thread 0x000001845ba446b0 DEOPT UNPACKING pc=0x000001840bad4242 sp=0x0000005ae3afe068 mode 0
Event: 30.991 Thread 0x000001845ba446b0 DEOPT PACKING pc=0x0000018404d2ec2e sp=0x0000005ae3afeb10
Event: 30.991 Thread 0x000001845ba446b0 DEOPT UNPACKING pc=0x000001840bad4242 sp=0x0000005ae3afe068 mode 0
Event: 30.991 Thread 0x000001845ba446b0 DEOPT PACKING pc=0x0000018404d2ec2e sp=0x0000005ae3afeb10
Event: 30.991 Thread 0x000001845ba446b0 DEOPT UNPACKING pc=0x000001840bad4242 sp=0x0000005ae3afe068 mode 0
Event: 30.992 Thread 0x000001845ba446b0 DEOPT PACKING pc=0x0000018404d2ec2e sp=0x0000005ae3afeb10
Event: 30.992 Thread 0x000001845ba446b0 DEOPT UNPACKING pc=0x000001840bad4242 sp=0x0000005ae3afe068 mode 0

Classes loaded (20 events):
Event: 31.015 Loading class sun/util/cldr/CLDRTimeZoneNameProviderImpl
Event: 31.015 Loading class sun/util/locale/provider/TimeZoneNameProviderImpl
Event: 31.015 Loading class sun/util/locale/provider/TimeZoneNameProviderImpl done
Event: 31.015 Loading class sun/util/cldr/CLDRTimeZoneNameProviderImpl done
Event: 31.016 Loading class sun/util/resources/cldr/TimeZoneNames
Event: 31.017 Loading class sun/util/resources/TimeZoneNamesBundle
Event: 31.017 Loading class sun/util/resources/OpenListResourceBundle
Event: 31.017 Loading class sun/util/resources/OpenListResourceBundle done
Event: 31.017 Loading class sun/util/resources/TimeZoneNamesBundle done
Event: 31.017 Loading class sun/util/resources/cldr/TimeZoneNames done
Event: 31.017 Loading class sun/util/resources/cldr/TimeZoneNames_en
Event: 31.019 Loading class sun/util/resources/cldr/TimeZoneNames_en done
Event: 31.019 Loading class sun/util/resources/cldr/TimeZoneNames_en_US
Event: 31.019 Loading class sun/util/resources/cldr/TimeZoneNames_en_US done
Event: 31.020 Loading class sun/util/cldr/CLDRBaseLocaleDataMetaInfo$TZCanonicalIDMapHolder
Event: 31.021 Loading class sun/util/cldr/CLDRBaseLocaleDataMetaInfo$TZCanonicalIDMapHolder done
Event: 31.022 Loading class sun/util/resources/TimeZoneNames
Event: 31.022 Loading class sun/util/resources/TimeZoneNames done
Event: 31.022 Loading class sun/util/resources/TimeZoneNames_en
Event: 31.022 Loading class sun/util/resources/TimeZoneNames_en done

Classes unloaded (7 events):
Event: 3.696 Thread 0x00000184181e8c40 Unloading class 0x000001841a1acc00 'java/lang/invoke/LambdaForm$MH+0x000001841a1acc00'
Event: 3.696 Thread 0x00000184181e8c40 Unloading class 0x000001841a1ac800 'java/lang/invoke/LambdaForm$MH+0x000001841a1ac800'
Event: 3.696 Thread 0x00000184181e8c40 Unloading class 0x000001841a1ac400 'java/lang/invoke/LambdaForm$MH+0x000001841a1ac400'
Event: 3.696 Thread 0x00000184181e8c40 Unloading class 0x000001841a1ac000 'java/lang/invoke/LambdaForm$MH+0x000001841a1ac000'
Event: 3.696 Thread 0x00000184181e8c40 Unloading class 0x000001841a1abc00 'java/lang/invoke/LambdaForm$BMH+0x000001841a1abc00'
Event: 3.696 Thread 0x00000184181e8c40 Unloading class 0x000001841a1ab800 'java/lang/invoke/LambdaForm$DMH+0x000001841a1ab800'
Event: 3.696 Thread 0x00000184181e8c40 Unloading class 0x000001841a1aa400 'java/lang/invoke/LambdaForm$DMH+0x000001841a1aa400'

Classes redefined (0 events):
No events

Internal exceptions (20 events):
Event: 12.096 Thread 0x0000018460ed83a0 Exception <a 'java/lang/NoSuchMethodError'{0x00000000d5ce8d00}: 'java.lang.Object java.lang.invoke.DirectMethodHandle$Holder.invokeSpecial(java.lang.Object, java.lang.Object, java.lang.Object, int, int)'> (0x00000000d5ce8d00) 
thrown [s\src\hotspot\share\interpreter\linkResolver.cpp, line 773]
Event: 12.253 Thread 0x0000018460ed83a0 Exception <a 'java/lang/LinkageError'{0x00000000d5c290e0}: loader lombok.launch.ShadowClassLoader @78867737 attempted duplicate class definition for lombok.launch.PatchFixesHider$Val. (lombok.launch.PatchFixesHider$Val is in unnamed module of loader lombok.launch.ShadowClassLoader @78867737, parent loader org.eclipse.osgi.internal.loader.EquinoxClassLoader @2bf59ae1)> (0x00000000d5c290e0) 
thrown [s\src\hotspot\share\classfile\systemDictionary.cpp, line 1682]
Event: 12.258 Thread 0x0000018460742190 Exception <a 'java/lang/LinkageError'{0x00000000d5d30be0}: loader lombok.launch.ShadowClassLoader @78867737 attempted duplicate class definition for lombok.launch.PatchFixesHider$ExtensionMethod. (lombok.launch.PatchFixesHider$ExtensionMethod is in unnamed module of loader lombok.launch.ShadowClassLoader @78867737, parent loader org.eclipse.osgi.internal.loader.EquinoxClassLoader @2bf59ae1)> (0x00000000d5d30be0) 
thrown [s\src\hotspot\share\classfile\systemDictionary.cpp, line 1682]
Event: 12.389 Thread 0x0000018460742190 Exception <a 'java/io/FileNotFoundException'{0x00000000d5633a18}> (0x00000000d5633a18) 
thrown [s\src\hotspot\share\prims\jni.cpp, line 520]
Event: 12.389 Thread 0x0000018460742190 Exception <a 'java/io/FileNotFoundException'{0x00000000d5634b40}> (0x00000000d5634b40) 
thrown [s\src\hotspot\share\prims\jni.cpp, line 520]
Event: 12.390 Thread 0x0000018460742190 Exception <a 'java/io/FileNotFoundException'{0x00000000d56358e8}> (0x00000000d56358e8) 
thrown [s\src\hotspot\share\prims\jni.cpp, line 520]
Event: 12.935 Thread 0x000001845bd971a0 Exception <a 'sun/nio/fs/WindowsException'{0x00000000d575d450}> (0x00000000d575d450) 
thrown [s\src\hotspot\share\prims\jni.cpp, line 520]
Event: 12.935 Thread 0x000001845bd971a0 Exception <a 'sun/nio/fs/WindowsException'{0x00000000d577c9a8}> (0x00000000d577c9a8) 
thrown [s\src\hotspot\share\prims\jni.cpp, line 520]
Event: 12.935 Thread 0x000001845bd971a0 Exception <a 'sun/nio/fs/WindowsException'{0x00000000d57a41b0}> (0x00000000d57a41b0) 
thrown [s\src\hotspot\share\prims\jni.cpp, line 520]
Event: 12.935 Thread 0x000001845bd971a0 Exception <a 'sun/nio/fs/WindowsException'{0x00000000d57a4a90}> (0x00000000d57a4a90) 
thrown [s\src\hotspot\share\prims\jni.cpp, line 520]
Event: 12.935 Thread 0x000001845bd971a0 Exception <a 'sun/nio/fs/WindowsException'{0x00000000d57c0e78}> (0x00000000d57c0e78) 
thrown [s\src\hotspot\share\prims\jni.cpp, line 520]
Event: 12.935 Thread 0x000001845bd971a0 Exception <a 'sun/nio/fs/WindowsException'{0x00000000d57c19c8}> (0x00000000d57c19c8) 
thrown [s\src\hotspot\share\prims\jni.cpp, line 520]
Event: 12.935 Thread 0x000001845bd971a0 Exception <a 'sun/nio/fs/WindowsException'{0x00000000d57d22e0}> (0x00000000d57d22e0) 
thrown [s\src\hotspot\share\prims\jni.cpp, line 520]
Event: 12.935 Thread 0x000001845bd971a0 Exception <a 'sun/nio/fs/WindowsException'{0x00000000d57f9238}> (0x00000000d57f9238) 
thrown [s\src\hotspot\share\prims\jni.cpp, line 520]
Event: 12.937 Thread 0x000001845bd971a0 Exception <a 'sun/nio/fs/WindowsException'{0x00000000d5580888}> (0x00000000d5580888) 
thrown [s\src\hotspot\share\prims\jni.cpp, line 520]
Event: 12.937 Thread 0x000001845bd971a0 Exception <a 'sun/nio/fs/WindowsException'{0x00000000d5581168}> (0x00000000d5581168) 
thrown [s\src\hotspot\share\prims\jni.cpp, line 520]
Event: 13.220 Thread 0x0000018460740750 Implicit null exception at 0x000001840c608296 to 0x000001840c6085b5
Event: 13.223 Thread 0x0000018460740750 Exception <a 'java/lang/NoSuchMethodError'{0x00000000d573ceb8}: 'java.lang.Object java.lang.invoke.DirectMethodHandle$Holder.invokeStatic(java.lang.Object, java.lang.Object, int, java.lang.Object)'> (0x00000000d573ceb8) 
thrown [s\src\hotspot\share\interpreter\linkResolver.cpp, line 773]
Event: 13.223 Thread 0x0000018460740750 Exception <a 'java/lang/NoSuchMethodError'{0x00000000d5744c78}: 'java.lang.Object java.lang.invoke.DirectMethodHandle$Holder.newInvokeSpecial(java.lang.Object, java.lang.Object, int)'> (0x00000000d5744c78) 
thrown [s\src\hotspot\share\interpreter\linkResolver.cpp, line 773]
Event: 13.344 Thread 0x0000018460740750 Implicit null exception at 0x000001840c5abada to 0x000001840c5abb33

ZGC Phase Switch (0 events):
No events

VM Operations (20 events):
Event: 13.383 Executing VM operation: ParallelGCFailedAllocation (Allocation Failure)
Event: 13.383 Executing VM operation: ParallelGCFailedAllocation (Allocation Failure) done
Event: 13.399 Executing VM operation: HandshakeAllThreads (Deoptimize)
Event: 13.400 Executing VM operation: HandshakeAllThreads (Deoptimize) done
Event: 13.407 Executing VM operation: HandshakeAllThreads (Deoptimize)
Event: 13.407 Executing VM operation: HandshakeAllThreads (Deoptimize) done
Event: 14.408 Executing VM operation: Cleanup
Event: 14.408 Executing VM operation: Cleanup done
Event: 15.420 Executing VM operation: Cleanup
Event: 15.420 Executing VM operation: Cleanup done
Event: 30.978 Executing VM operation: ParallelGCFailedAllocation (Allocation Failure)
Event: 30.980 Executing VM operation: ParallelGCFailedAllocation (Allocation Failure) done
Event: 31.008 Executing VM operation: ParallelGCFailedAllocation (Allocation Failure)
Event: 31.009 Executing VM operation: ParallelGCFailedAllocation (Allocation Failure) done
Event: 32.012 Executing VM operation: Cleanup
Event: 32.012 Executing VM operation: Cleanup done
Event: 60.045 Executing VM operation: HandshakeAllThreads (HandshakeForDeflation)
Event: 60.045 Executing VM operation: HandshakeAllThreads (HandshakeForDeflation) done
Event: 60.045 Executing VM operation: RendezvousGCThreads
Event: 60.045 Executing VM operation: RendezvousGCThreads done

Memory protections (0 events):
No events

Nmethod flushes (20 events):
Event: 10.363 Thread 0x00000184181e8c40 flushing  nmethod 0x0000018404e4ff90
Event: 10.363 Thread 0x00000184181e8c40 flushing  nmethod 0x0000018404e9bc10
Event: 10.363 Thread 0x00000184181e8c40 flushing  nmethod 0x0000018404e9cb10
Event: 10.363 Thread 0x00000184181e8c40 flushing  nmethod 0x0000018404e9da90
Event: 10.363 Thread 0x00000184181e8c40 flushing  nmethod 0x0000018404e9ec90
Event: 10.363 Thread 0x00000184181e8c40 flushing  nmethod 0x0000018404ea1710
Event: 10.363 Thread 0x00000184181e8c40 flushing  nmethod 0x0000018404ea3690
Event: 10.363 Thread 0x00000184181e8c40 flushing  nmethod 0x0000018404eb1f90
Event: 10.363 Thread 0x00000184181e8c40 flushing  nmethod 0x0000018404eb2690
Event: 10.363 Thread 0x00000184181e8c40 flushing  nmethod 0x0000018404eb2c90
Event: 10.363 Thread 0x00000184181e8c40 flushing  nmethod 0x0000018404eb3b10
Event: 10.363 Thread 0x00000184181e8c40 flushing  nmethod 0x0000018404eb5310
Event: 10.363 Thread 0x00000184181e8c40 flushing  nmethod 0x0000018404ec6590
Event: 10.363 Thread 0x00000184181e8c40 flushing  nmethod 0x0000018404ee7690
Event: 10.363 Thread 0x00000184181e8c40 flushing  nmethod 0x0000018404eec290
Event: 10.363 Thread 0x00000184181e8c40 flushing  nmethod 0x0000018404ef5710
Event: 10.363 Thread 0x00000184181e8c40 flushing  nmethod 0x0000018404f2a110
Event: 10.363 Thread 0x00000184181e8c40 flushing  nmethod 0x0000018404f44410
Event: 10.363 Thread 0x00000184181e8c40 flushing  nmethod 0x0000018404f45f10
Event: 10.363 Thread 0x00000184181e8c40 flushing  nmethod 0x0000018404f54d10

Events (20 events):
Event: 11.412 Thread 0x0000018460ed9750 Thread exited: 0x0000018460ed9750
Event: 11.412 Thread 0x0000018460ed6ff0 Thread exited: 0x0000018460ed6ff0
Event: 11.412 Thread 0x0000018463a4a680 Thread exited: 0x0000018463a4a680
Event: 11.413 Thread 0x0000018463a485b0 Thread exited: 0x0000018463a485b0
Event: 12.475 Thread 0x000001845bd971a0 Thread added: 0x0000018460ed6ff0
Event: 12.475 Thread 0x000001845bd971a0 Thread added: 0x00000184629422e0
Event: 12.475 Thread 0x000001845bd971a0 Thread added: 0x00000184629415c0
Event: 12.475 Thread 0x000001845bd971a0 Thread added: 0x000001846293ee60
Event: 12.475 Thread 0x000001845bd971a0 Thread added: 0x000001846293c700
Event: 12.649 Thread 0x0000018460eda470 Thread added: 0x000001846293cd90
Event: 12.814 Thread 0x00000184629422e0 Thread exited: 0x00000184629422e0
Event: 12.814 Thread 0x0000018460ed6ff0 Thread exited: 0x0000018460ed6ff0
Event: 12.814 Thread 0x000001846293ee60 Thread exited: 0x000001846293ee60
Event: 12.815 Thread 0x000001846293c700 Thread exited: 0x000001846293c700
Event: 12.815 Thread 0x00000184629415c0 Thread exited: 0x00000184629415c0
Event: 15.019 Thread 0x000001846042ac60 Thread exited: 0x000001846042ac60
Event: 73.205 Thread 0x0000018460743540 Thread exited: 0x0000018460743540
Event: 73.214 Thread 0x0000018460ed9de0 Thread exited: 0x0000018460ed9de0
Event: 73.909 Thread 0x0000018460742190 Thread exited: 0x0000018460742190
Event: 73.925 Thread 0x0000018460741470 Thread exited: 0x0000018460741470


Dynamic libraries:
0x00007ff63dc30000 - 0x00007ff63dc3e000 	c:\Users\Administrator\.vscode\extensions\redhat.java-1.51.0-win32-x64\jre\21.0.9-win32-x86_64\bin\java.exe
0x00007ff8e7e90000 - 0x00007ff8e8088000 	C:\Windows\SYSTEM32\ntdll.dll
0x00007ff8e60b0000 - 0x00007ff8e6172000 	C:\Windows\System32\KERNEL32.DLL
0x00007ff8e5860000 - 0x00007ff8e5b56000 	C:\Windows\System32\KERNELBASE.dll
0x00007ff8e5760000 - 0x00007ff8e5860000 	C:\Windows\System32\ucrtbase.dll
0x00007ff8c23f0000 - 0x00007ff8c2408000 	c:\Users\Administrator\.vscode\extensions\redhat.java-1.51.0-win32-x64\jre\21.0.9-win32-x86_64\bin\jli.dll
0x00007ff8c1130000 - 0x00007ff8c114e000 	c:\Users\Administrator\.vscode\extensions\redhat.java-1.51.0-win32-x64\jre\21.0.9-win32-x86_64\bin\VCRUNTIME140.dll
0x00007ff8e7430000 - 0x00007ff8e75cd000 	C:\Windows\System32\USER32.dll
0x00007ff8d2370000 - 0x00007ff8d260a000 	C:\Windows\WinSxS\amd64_microsoft.windows.common-controls_6595b64144ccf1df_6.0.19041.5915_none_60b4b9d171f9c7c7\COMCTL32.dll
0x00007ff8e5730000 - 0x00007ff8e5752000 	C:\Windows\System32\win32u.dll
0x00007ff8e7da0000 - 0x00007ff8e7e3e000 	C:\Windows\System32\msvcrt.dll
0x00007ff8e75d0000 - 0x00007ff8e75fb000 	C:\Windows\System32\GDI32.dll
0x00007ff8e5d10000 - 0x00007ff8e5e29000 	C:\Windows\System32\gdi32full.dll
0x00007ff8e5bf0000 - 0x00007ff8e5c8d000 	C:\Windows\System32\msvcp_win.dll
0x00007ff8e7210000 - 0x00007ff8e723f000 	C:\Windows\System32\IMM32.DLL
0x00007ff8e1a50000 - 0x00007ff8e1a5c000 	c:\Users\Administrator\.vscode\extensions\redhat.java-1.51.0-win32-x64\jre\21.0.9-win32-x86_64\bin\vcruntime140_1.dll
0x00007ff877820000 - 0x00007ff8778ad000 	c:\Users\Administrator\.vscode\extensions\redhat.java-1.51.0-win32-x64\jre\21.0.9-win32-x86_64\bin\msvcp140.dll
0x00007ff876a80000 - 0x00007ff877820000 	c:\Users\Administrator\.vscode\extensions\redhat.java-1.51.0-win32-x64\jre\21.0.9-win32-x86_64\bin\server\jvm.dll
0x00007ff8e5fd0000 - 0x00007ff8e6081000 	C:\Windows\System32\ADVAPI32.dll
0x00007ff8e62d0000 - 0x00007ff8e636f000 	C:\Windows\System32\sechost.dll
0x00007ff8e72a0000 - 0x00007ff8e73c3000 	C:\Windows\System32\RPCRT4.dll
0x00007ff8e5ce0000 - 0x00007ff8e5d07000 	C:\Windows\System32\bcrypt.dll
0x00007ff8e7600000 - 0x00007ff8e766b000 	C:\Windows\System32\WS2_32.dll
0x00007ff8e4ab0000 - 0x00007ff8e4afb000 	C:\Windows\SYSTEM32\POWRPROF.dll
0x00007ff8d2b80000 - 0x00007ff8d2ba7000 	C:\Windows\SYSTEM32\WINMM.dll
0x00007ff8d2e10000 - 0x00007ff8d2e1a000 	C:\Windows\SYSTEM32\VERSION.dll
0x00007ff8e4920000 - 0x00007ff8e4932000 	C:\Windows\SYSTEM32\UMPDC.dll
0x00007ff8e33a0000 - 0x00007ff8e33b2000 	C:\Windows\SYSTEM32\kernel.appcore.dll
0x00007ff8cc890000 - 0x00007ff8cc89a000 	c:\Users\Administrator\.vscode\extensions\redhat.java-1.51.0-win32-x64\jre\21.0.9-win32-x86_64\bin\jimage.dll
0x00007ff8d2bf0000 - 0x00007ff8d2df1000 	C:\Windows\SYSTEM32\DBGHELP.DLL
0x00007ff8d0a10000 - 0x00007ff8d0a44000 	C:\Windows\SYSTEM32\dbgcore.DLL
0x00007ff8e5b60000 - 0x00007ff8e5be2000 	C:\Windows\System32\bcryptPrimitives.dll
0x00007ff8cbee0000 - 0x00007ff8cbeef000 	c:\Users\Administrator\.vscode\extensions\redhat.java-1.51.0-win32-x64\jre\21.0.9-win32-x86_64\bin\instrument.dll
0x00007ff8767d0000 - 0x00007ff8767f0000 	c:\Users\Administrator\.vscode\extensions\redhat.java-1.51.0-win32-x64\jre\21.0.9-win32-x86_64\bin\java.dll
0x00007ff8e6370000 - 0x00007ff8e6ade000 	C:\Windows\System32\SHELL32.dll
0x00007ff8e35a0000 - 0x00007ff8e3d44000 	C:\Windows\SYSTEM32\windows.storage.dll
0x00007ff8e6e40000 - 0x00007ff8e7193000 	C:\Windows\System32\combase.dll
0x00007ff8e4f50000 - 0x00007ff8e4f7b000 	C:\Windows\SYSTEM32\Wldp.dll
0x00007ff8e6200000 - 0x00007ff8e62cd000 	C:\Windows\System32\OLEAUT32.dll
0x00007ff8e7880000 - 0x00007ff8e792d000 	C:\Windows\System32\SHCORE.dll
0x00007ff8e7670000 - 0x00007ff8e76cb000 	C:\Windows\System32\shlwapi.dll
0x00007ff8e5450000 - 0x00007ff8e5474000 	C:\Windows\SYSTEM32\profapi.dll
0x00007ff8767b0000 - 0x00007ff8767c8000 	c:\Users\Administrator\.vscode\extensions\redhat.java-1.51.0-win32-x64\jre\21.0.9-win32-x86_64\bin\zip.dll
0x00007ff8cb8a0000 - 0x00007ff8cb8b0000 	C:\Users\Administrator\.vscode\extensions\redhat.java-1.51.0-win32-x64\jre\21.0.9-win32-x86_64\bin\net.dll
0x00007ff8de840000 - 0x00007ff8de94a000 	C:\Windows\SYSTEM32\WINHTTP.dll
0x00007ff8e4cb0000 - 0x00007ff8e4d1a000 	C:\Windows\system32\mswsock.dll
0x00007ff876790000 - 0x00007ff8767a6000 	C:\Users\Administrator\.vscode\extensions\redhat.java-1.51.0-win32-x64\jre\21.0.9-win32-x86_64\bin\nio.dll
0x00007ff8cb210000 - 0x00007ff8cb220000 	c:\Users\Administrator\.vscode\extensions\redhat.java-1.51.0-win32-x64\jre\21.0.9-win32-x86_64\bin\verify.dll
0x00007ff8766f0000 - 0x00007ff876734000 	C:\Users\Administrator\AppData\Roaming\Code\User\globalStorage\redhat.java\1.51.0\config_win\org.eclipse.equinox.launcher\org.eclipse.equinox.launcher.win32.win32.x86_64_1.2.1400.v20250801-0854\eclipse_11916.dll
0x00007ff8e6c20000 - 0x00007ff8e6d4b000 	C:\Windows\System32\ole32.dll
0x00007ff8e4eb0000 - 0x00007ff8e4ec8000 	C:\Windows\SYSTEM32\CRYPTSP.dll
0x00007ff8e4560000 - 0x00007ff8e4598000 	C:\Windows\system32\rsaenh.dll
0x00007ff8e53d0000 - 0x00007ff8e53fe000 	C:\Windows\SYSTEM32\USERENV.dll
0x00007ff8e4ea0000 - 0x00007ff8e4eac000 	C:\Windows\SYSTEM32\CRYPTBASE.dll
0x00007ff8e4940000 - 0x00007ff8e497b000 	C:\Windows\SYSTEM32\IPHLPAPI.DLL
0x00007ff8e7e40000 - 0x00007ff8e7e48000 	C:\Windows\System32\NSI.dll
0x00007ff876a30000 - 0x00007ff876a79000 	C:\Users\Administrator\AppData\Local\Temp\jna-76643\jna1136848478512220828.dll
0x00007ff8e6d50000 - 0x00007ff8e6d58000 	C:\Windows\System32\PSAPI.DLL
0x00007ff8e0b90000 - 0x00007ff8e0ba7000 	C:\Windows\SYSTEM32\dhcpcsvc6.DLL
0x00007ff8e12d0000 - 0x00007ff8e12ed000 	C:\Windows\SYSTEM32\dhcpcsvc.DLL
0x00007ff8ca4f0000 - 0x00007ff8ca4fe000 	C:\Users\Administrator\.vscode\extensions\redhat.java-1.51.0-win32-x64\jre\21.0.9-win32-x86_64\bin\sunmscapi.dll
0x00007ff8e5520000 - 0x00007ff8e567d000 	C:\Windows\System32\CRYPT32.dll
0x00007ff8e4fc0000 - 0x00007ff8e4fe7000 	C:\Windows\SYSTEM32\ncrypt.dll
0x00007ff8e4f80000 - 0x00007ff8e4fbb000 	C:\Windows\SYSTEM32\NTASN1.dll

JVMTI agents:
c:\Users\Administrator\.vscode\extensions\redhat.java-1.51.0-win32-x64\lombok\lombok-1.18.39-4050.jar path:c:\Users\Administrator\.vscode\extensions\redhat.java-1.51.0-win32-x64\jre\21.0.9-win32-x86_64\bin\instrument.dll, loaded, initialized, instrumentlib options:none

dbghelp: loaded successfully - version: 4.0.5 - missing functions: none
symbol engine: initialized successfully - sym options: 0x614 - pdb path: .;c:\Users\Administrator\.vscode\extensions\redhat.java-1.51.0-win32-x64\jre\21.0.9-win32-x86_64\bin;C:\Windows\SYSTEM32;C:\Windows\WinSxS\amd64_microsoft.windows.common-controls_6595b64144ccf1df_6.0.19041.5915_none_60b4b9d171f9c7c7;c:\Users\Administrator\.vscode\extensions\redhat.java-1.51.0-win32-x64\jre\21.0.9-win32-x86_64\bin\server;C:\Users\Administrator\AppData\Roaming\Code\User\globalStorage\redhat.java\1.51.0\config_win\org.eclipse.equinox.launcher\org.eclipse.equinox.launcher.win32.win32.x86_64_1.2.1400.v20250801-0854;C:\Users\Administrator\AppData\Local\Temp\jna-76643

VM Arguments:
jvm_args: --add-modules=ALL-SYSTEM --add-opens=java.base/java.util=ALL-UNNAMED --add-opens=java.base/java.lang=ALL-UNNAMED --add-opens=java.base/sun.nio.fs=ALL-UNNAMED -Declipse.application=org.eclipse.jdt.ls.core.id1 -Dosgi.bundles.defaultStartLevel=4 -Declipse.product=org.eclipse.jdt.ls.core.product -Djava.import.generatesMetadataFilesAtProjectRoot=false -DDetectVMInstallationsJob.disabled=true -Dfile.encoding=utf8 -XX:+UseParallelGC -XX:GCTimeRatio=4 -XX:AdaptiveSizePolicyWeight=90 -Dsun.zip.disableMemoryMapping=true -Xmx2G -Xms100m -Xlog:disable -javaagent:c:\Users\Administrator\.vscode\extensions\redhat.java-1.51.0-win32-x64\lombok\lombok-1.18.39-4050.jar -XX:+HeapDumpOnOutOfMemoryError -XX:HeapDumpPath=c:\Users\Administrator\AppData\Roaming\Code\User\workspaceStorage\3c9e6b34ad60457accf36ae64ad396a8\redhat.java -Daether.dependencyCollector.impl=bf 
java_command: c:\Users\Administrator\.vscode\extensions\redhat.java-1.51.0-win32-x64\server\plugins\org.eclipse.equinox.launcher_1.7.100.v20251111-0406.jar -configuration c:\Users\Administrator\AppData\Roaming\Code\User\globalStorage\redhat.java\1.51.0\config_win -data c:\Users\Administrator\AppData\Roaming\Code\User\workspaceStorage\3c9e6b34ad60457accf36ae64ad396a8\redhat.java\jdt_ws --pipe=\\.\pipe\lsp-7dec9b80a09bd0c8e3f7124ede0a2be2-sock
java_class_path (initial): c:\Users\Administrator\.vscode\extensions\redhat.java-1.51.0-win32-x64\server\plugins\org.eclipse.equinox.launcher_1.7.100.v20251111-0406.jar
Launcher Type: SUN_STANDARD

[Global flags]
    uintx AdaptiveSizePolicyWeight                 = 90                                        {product} {command line}
     intx CICompilerCount                          = 4                                         {product} {ergonomic}
    uintx GCTimeRatio                              = 4                                         {product} {command line}
     bool HeapDumpOnOutOfMemoryError               = true                                   {manageable} {command line}
    ccstr HeapDumpPath                             = c:\Users\Administrator\AppData\Roaming\Code\User\workspaceStorage\3c9e6b34ad60457accf36ae64ad396a8\redhat.java         {manageable} {command line}
   size_t InitialHeapSize                          = 104857600                                 {product} {command line}
   size_t MaxHeapSize                              = 2147483648                                {product} {command line}
   size_t MaxNewSize                               = 715653120                                 {product} {ergonomic}
   size_t MinHeapDeltaBytes                        = 524288                                    {product} {ergonomic}
   size_t MinHeapSize                              = 104857600                                 {product} {command line}
   size_t NewSize                                  = 34603008                                  {product} {ergonomic}
    uintx NonNMethodCodeHeapSize                   = 5839372                                {pd product} {ergonomic}
    uintx NonProfiledCodeHeapSize                  = 122909434                              {pd product} {ergonomic}
   size_t OldSize                                  = 70254592                                  {product} {ergonomic}
    uintx ProfiledCodeHeapSize                     = 122909434                              {pd product} {ergonomic}
    uintx ReservedCodeCacheSize                    = 251658240                              {pd product} {ergonomic}
     bool SegmentedCodeCache                       = true                                      {product} {ergonomic}
   size_t SoftMaxHeapSize                          = 2147483648                             {manageable} {ergonomic}
     bool UseCompressedOops                        = true                           {product lp64_product} {ergonomic}
     bool UseLargePagesIndividualAllocation        = false                                  {pd product} {ergonomic}
     bool UseParallelGC                            = true                                      {product} {command line}

Logging:
Log output configuration:
 #0: stdout all=off uptime,level,tags foldmultilines=false
 #1: stderr all=off uptime,level,tags foldmultilines=false

Release file:
JAVA_VERSION="21.0.9" 
MODULES="java.base java.compiler java.datatransfer java.xml java.prefs java.desktop java.instrument java.logging java.management java.security.sasl java.naming java.rmi java.management.rmi java.net.http java.scripting java.security.jgss java.transaction.xa java.sql java.sql.rowset java.xml.crypto java.se java.smartcardio jdk.accessibility jdk.internal.jvmstat jdk.attach jdk.charsets jdk.internal.opt jdk.zipfs jdk.compiler jdk.crypto.ec jdk.crypto.cryptoki jdk.crypto.mscapi jdk.dynalink jdk.internal.ed jdk.editpad jdk.hotspot.agent jdk.httpserver jdk.internal.le jdk.internal.vm.ci jdk.internal.vm.compiler jdk.internal.vm.compiler.management jdk.jartool jdk.javadoc jdk.jcmd jdk.management jdk.management.agent jdk.jconsole jdk.jdeps jdk.jdwp.agent jdk.jdi jdk.jfr jdk.jshell jdk.jsobject jdk.jstatd jdk.localedata jdk.management.jfr jdk.naming.dns jdk.naming.rmi jdk.net jdk.nio.mapmode jdk.random jdk.sctp jdk.security.auth jdk.security.jgss jdk.unsupported jdk.unsupported.desktop jdk.xml.dom" 

Environment Variables:
JAVA_HOME=C:\Program Files\Java\jdk-21
PATH=C:\Windows\system32;C:\Windows;C:\Windows\System32\Wbem;C:\Windows\System32\WindowsPowerShell\v1.0\;C:\Windows\System32\OpenSSH\;C:\Program Files (x86)\mingw-w64\i686-8.1.0-posix-dwarf-rt_v6-rev0\mingw32\bin;C:\Program Files\Microsoft SQL Server\Client SDK\ODBC\170\Tools\Binn\;C:\Program Files (x86)\Microsoft SQL Server\160\Tools\Binn\;C:\Program Files\Microsoft SQL Server\160\Tools\Binn\;C:\Program Files\Microsoft SQL Server\160\DTS\Binn\;C:\Program Files\MySQL\MySQL Server 5.7\bin;C:\Graphviz-12.2.1-win64\bin;C:\Program Files (x86)\Microsoft SQL Server\160\DTS\Binn\;C:\Program Files\Git\cmd;D:\flutter\flutter\bin;C:\Program Files\nodejs\;C:\Program Files\Java\jdk-21\bin;C:\apache-maven-3.9.11\bin;C:\Program Files\Cloudflare\Cloudflare WARP\;C:\Users\Administrator\AppData\Local\Microsoft\WindowsApps;C:\Users\Administrator\AppData\Local\Programs\Microsoft VS Code\bin;C:\Program Files\MySQL\MySQL Server 5.7\bin;C:\Users\Administrator\AppData\Roaming\npm;C:\Program Files\JetBrains\IntelliJ IDEA Community Edition 2025.2.4\bin
USERNAME=MSI
OS=Windows_NT
PROCESSOR_IDENTIFIER=Intel64 Family 6 Model 165 Stepping 2, GenuineIntel
TMP=C:\Users\ADMINI~1\AppData\Local\Temp
TEMP=C:\Users\ADMINI~1\AppData\Local\Temp




Periodic native trim disabled

---------------  S Y S T E M  ---------------

OS:
 Windows 10 , 64 bit Build 19041 (10.0.19041.5915)
OS uptime: 0 days 0:05 hours

CPU: total 12 (initial active 12) (6 cores per cpu, 2 threads per core) family 6 model 165 stepping 2 microcode 0xe2, cx8, cmov, fxsr, ht, mmx, 3dnowpref, sse, sse2, sse3, ssse3, sse4.1, sse4.2, popcnt, lzcnt, tsc, tscinvbit, avx, avx2, aes, erms, clmul, bmi1, bmi2, adx, fma, vzeroupper, clflush, clflushopt, rdtscp, f16c, pku
Processor Information for the first 12 processors :
  Max Mhz: 2592, Current Mhz: 2592, Mhz Limit: 2592

Memory: 4k page, system-wide physical 8013M (619M free)
TotalPageFile size 12109M (AvailPageFile size 22M)
current process WorkingSet (physical memory assigned to process): 384M, peak: 536M
current process commit charge ("private bytes"): 528M, peak: 624M

vm_info: OpenJDK 64-Bit Server VM (21.0.9+10-LTS) for windows-amd64 JRE (21.0.9+10-LTS), built on 2025-10-21T00:00:00Z by "admin" with unknown MS VC++:1942

END.
