#
# There is insufficient memory for the Java Runtime Environment to continue.
# Native memory allocation (malloc) failed to allocate 662816 bytes. Error detail: Chunk::new
# Possible reasons:
#   The system is out of physical RAM or swap space
#   This process is running with CompressedOops enabled, and the Java Heap may be blocking the growth of the native heap
# Possible solutions:
#   Reduce memory load on the system
#   Increase physical memory or swap space
#   Check if swap backing store is full
#   Decrease Java heap size (-Xmx/-Xms)
#   Decrease number of Java threads
#   Decrease Java thread stack sizes (-Xss)
#   Set larger code cache with -XX:ReservedCodeCacheSize=
#   JVM is running with Unscaled Compressed Oops mode in which the Java heap is
#     placed in the first 4GB address space. The Java Heap base address is the
#     maximum limit for the native heap growth. Please use -XX:HeapBaseMinAddress
#     to set the Java Heap base and to place the Java Heap above 4GB virtual address.
# This output file may be truncated or incomplete.
#
#  Out of Memory Error (arena.cpp:168), pid=14060, tid=13404
#
# JRE version: OpenJDK Runtime Environment Temurin-21.0.9+10 (21.0.9+10) (build 21.0.9+10-LTS)
# Java VM: OpenJDK 64-Bit Server VM Temurin-21.0.9+10 (21.0.9+10-LTS, mixed mode, sharing, tiered, compressed oops, compressed class ptrs, parallel gc, windows-amd64)
# No core dump will be written. Minidumps are not enabled by default on client versions of Windows
#

---------------  S U M M A R Y ------------

Command Line: --add-modules=ALL-SYSTEM --add-opens=java.base/java.util=ALL-UNNAMED --add-opens=java.base/java.lang=ALL-UNNAMED --add-opens=java.base/sun.nio.fs=ALL-UNNAMED -Declipse.application=org.eclipse.jdt.ls.core.id1 -Dosgi.bundles.defaultStartLevel=4 -Declipse.product=org.eclipse.jdt.ls.core.product -Djava.import.generatesMetadataFilesAtProjectRoot=false -DDetectVMInstallationsJob.disabled=true -Dfile.encoding=utf8 -XX:+UseParallelGC -XX:GCTimeRatio=4 -XX:AdaptiveSizePolicyWeight=90 -Dsun.zip.disableMemoryMapping=true -Xmx2G -Xms100m -Xlog:disable -javaagent:c:\Users\Administrator\.vscode\extensions\redhat.java-1.51.0-win32-x64\lombok\lombok-1.18.39-4050.jar -XX:+HeapDumpOnOutOfMemoryError -XX:HeapDumpPath=c:\Users\Administrator\AppData\Roaming\Code\User\workspaceStorage\3c9e6b34ad60457accf36ae64ad396a8\redhat.java -Daether.dependencyCollector.impl=bf c:\Users\Administrator\.vscode\extensions\redhat.java-1.51.0-win32-x64\server\plugins\org.eclipse.equinox.launcher_1.7.100.v20251111-0406.jar -configuration c:\Users\Administrator\AppData\Roaming\Code\User\globalStorage\redhat.java\1.51.0\config_win -data c:\Users\Administrator\AppData\Roaming\Code\User\workspaceStorage\3c9e6b34ad60457accf36ae64ad396a8\redhat.java\jdt_ws --pipe=\\.\pipe\lsp-ae6192ab0d7e6eff2c2cfe090a7c4dc8-sock

Host: Intel(R) Core(TM) i7-10750H CPU @ 2.60GHz, 12 cores, 7G,  Windows 10 , 64 bit Build 19041 (10.0.19041.5915)
Time: Fri Jan  9 12:03:41 2026 SE Asia Standard Time elapsed time: 5.265362 seconds (0d 0h 0m 5s)

---------------  T H R E A D  ---------------

Current thread (0x0000024138d4e830):  JavaThread "C2 CompilerThread0" daemon [_thread_in_native, id=13404, stack(0x000000ce42d00000,0x000000ce42e00000) (1024K)]


Current CompileTask:
C2:5265 4197       4       org.lombokweb.asm.ClassReader::readMethod (1070 bytes)

Stack: [0x000000ce42d00000,0x000000ce42e00000]
Native frames: (J=compiled Java code, j=interpreted, Vv=VM code, C=native code)
V  [jvm.dll+0x6d6e29]
V  [jvm.dll+0x8b4b76]
V  [jvm.dll+0x8b712e]
V  [jvm.dll+0x8b7813]
V  [jvm.dll+0x283d86]
V  [jvm.dll+0xc66ed]
V  [jvm.dll+0xc6c31]
V  [jvm.dll+0x2facee]
V  [jvm.dll+0x5fde44]
V  [jvm.dll+0x255557]
V  [jvm.dll+0x25591d]
V  [jvm.dll+0x24df40]
V  [jvm.dll+0x24b482]
V  [jvm.dll+0x1cb13e]
V  [jvm.dll+0x25b29d]
V  [jvm.dll+0x25982a]
V  [jvm.dll+0x3f7ea6]
V  [jvm.dll+0x85e9ad]
V  [jvm.dll+0x6d565d]
C  [ucrtbase.dll+0x21bb2]
C  [KERNEL32.DLL+0x17374]
C  [ntdll.dll+0x4cc91]


---------------  P R O C E S S  ---------------

Threads class SMR info:
_java_thread_list=0x0000024198143cf0, length=23, elements={
0x0000024138d8f410, 0x0000024138d3f300, 0x0000024138d40c00, 0x0000024138d42860,
0x0000024138d473e0, 0x0000024138d48fa0, 0x0000024138d499f0, 0x0000024138d4e830,
0x000002419266e530, 0x000002419288d810, 0x000002419297b100, 0x00000241974d06c0,
0x0000024197152960, 0x00000241979ec3a0, 0x00000241979ecdd0, 0x00000241979a7e80,
0x0000024197b00650, 0x0000024197afadf0, 0x0000024197feb680, 0x0000024198092c30,
0x00000241982c0820, 0x000002419834f390, 0x00000241988abb60
}

Java Threads: ( => current thread )
  0x0000024138d8f410 JavaThread "main"                              [_thread_blocked, id=6148, stack(0x000000ce42300000,0x000000ce42400000) (1024K)]
  0x0000024138d3f300 JavaThread "Reference Handler"          daemon [_thread_blocked, id=13120, stack(0x000000ce42700000,0x000000ce42800000) (1024K)]
  0x0000024138d40c00 JavaThread "Finalizer"                  daemon [_thread_blocked, id=11876, stack(0x000000ce42800000,0x000000ce42900000) (1024K)]
  0x0000024138d42860 JavaThread "Signal Dispatcher"          daemon [_thread_blocked, id=1776, stack(0x000000ce42900000,0x000000ce42a00000) (1024K)]
  0x0000024138d473e0 JavaThread "Attach Listener"            daemon [_thread_blocked, id=13932, stack(0x000000ce42a00000,0x000000ce42b00000) (1024K)]
  0x0000024138d48fa0 JavaThread "Service Thread"             daemon [_thread_blocked, id=8840, stack(0x000000ce42b00000,0x000000ce42c00000) (1024K)]
  0x0000024138d499f0 JavaThread "Monitor Deflation Thread"   daemon [_thread_blocked, id=264, stack(0x000000ce42c00000,0x000000ce42d00000) (1024K)]
=>0x0000024138d4e830 JavaThread "C2 CompilerThread0"         daemon [_thread_in_native, id=13404, stack(0x000000ce42d00000,0x000000ce42e00000) (1024K)]
  0x000002419266e530 JavaThread "C1 CompilerThread0"         daemon [_thread_in_native, id=8008, stack(0x000000ce42e00000,0x000000ce42f00000) (1024K)]
  0x000002419288d810 JavaThread "Common-Cleaner"             daemon [_thread_blocked, id=11728, stack(0x000000ce42f00000,0x000000ce43000000) (1024K)]
  0x000002419297b100 JavaThread "Notification Thread"        daemon [_thread_blocked, id=14260, stack(0x000000ce43100000,0x000000ce43200000) (1024K)]
  0x00000241974d06c0 JavaThread "Active Thread: Equinox Container: 8e84173b-c7b4-49cf-9cd3-07cfda690cb7"        [_thread_blocked, id=8912, stack(0x000000ce43900000,0x000000ce43a00000) (1024K)]
  0x0000024197152960 JavaThread "Refresh Thread: Equinox Container: 8e84173b-c7b4-49cf-9cd3-07cfda690cb7" daemon [_thread_blocked, id=2828, stack(0x000000ce43b00000,0x000000ce43c00000) (1024K)]
  0x00000241979ec3a0 JavaThread "Framework Event Dispatcher: Equinox Container: 8e84173b-c7b4-49cf-9cd3-07cfda690cb7" daemon [_thread_blocked, id=3108, stack(0x000000ce43c00000,0x000000ce43d00000) (1024K)]
  0x00000241979ecdd0 JavaThread "Start Level: Equinox Container: 8e84173b-c7b4-49cf-9cd3-07cfda690cb7" daemon [_thread_in_Java, id=6496, stack(0x000000ce43d00000,0x000000ce43e00000) (1024K)]
  0x00000241979a7e80 JavaThread "Bundle File Closer"         daemon [_thread_blocked, id=9228, stack(0x000000ce44000000,0x000000ce44100000) (1024K)]
  0x0000024197b00650 JavaThread "SCR Component Actor"        daemon [_thread_blocked, id=13592, stack(0x000000ce43200000,0x000000ce43300000) (1024K)]
  0x0000024197afadf0 JavaThread "Worker-JM"                         [_thread_blocked, id=3688, stack(0x000000ce44200000,0x000000ce44300000) (1024K)]
  0x0000024197feb680 JavaThread "JNA Cleaner"                daemon [_thread_blocked, id=11124, stack(0x000000ce43000000,0x000000ce43100000) (1024K)]
  0x0000024198092c30 JavaThread "Worker-0"                          [_thread_blocked, id=13648, stack(0x000000ce44100000,0x000000ce44200000) (1024K)]
  0x00000241982c0820 JavaThread "Worker-1"                          [_thread_blocked, id=13652, stack(0x000000ce44300000,0x000000ce44400000) (1024K)]
  0x000002419834f390 JavaThread "C2 CompilerThread1"         daemon [_thread_in_native, id=13456, stack(0x000000ce44400000,0x000000ce44500000) (1024K)]
  0x00000241988abb60 JavaThread "C2 CompilerThread2"         daemon [_thread_in_native, id=13620, stack(0x000000ce44500000,0x000000ce44600000) (1024K)]
Total: 23

Other Threads:
  0x0000024138d23680 VMThread "VM Thread"                           [id=11320, stack(0x000000ce42600000,0x000000ce42700000) (1024K)]
  0x0000024138e55da0 WatcherThread "VM Periodic Task Thread"        [id=3696, stack(0x000000ce42500000,0x000000ce42600000) (1024K)]
  0x0000024138dad590 WorkerThread "GC Thread#0"                     [id=13828, stack(0x000000ce42400000,0x000000ce42500000) (1024K)]
  0x00000241975505d0 WorkerThread "GC Thread#1"                     [id=10484, stack(0x000000ce43300000,0x000000ce43400000) (1024K)]
  0x0000024197550970 WorkerThread "GC Thread#2"                     [id=532, stack(0x000000ce43400000,0x000000ce43500000) (1024K)]
  0x0000024197550d10 WorkerThread "GC Thread#3"                     [id=2596, stack(0x000000ce43500000,0x000000ce43600000) (1024K)]
  0x000002419753beb0 WorkerThread "GC Thread#4"                     [id=6388, stack(0x000000ce43600000,0x000000ce43700000) (1024K)]
  0x000002419753c250 WorkerThread "GC Thread#5"                     [id=7548, stack(0x000000ce43700000,0x000000ce43800000) (1024K)]
  0x000002419753c5f0 WorkerThread "GC Thread#6"                     [id=9452, stack(0x000000ce43800000,0x000000ce43900000) (1024K)]
  0x00000241974bd3f0 WorkerThread "GC Thread#7"                     [id=8496, stack(0x000000ce43a00000,0x000000ce43b00000) (1024K)]
  0x0000024197d0ee00 WorkerThread "GC Thread#8"                     [id=13808, stack(0x000000ce43e00000,0x000000ce43f00000) (1024K)]
  0x00000241979959c0 WorkerThread "GC Thread#9"                     [id=4404, stack(0x000000ce43f00000,0x000000ce44000000) (1024K)]
Total: 12

Threads with active compile tasks:
C2 CompilerThread0  5286 4197       4       org.lombokweb.asm.ClassReader::readMethod (1070 bytes)
C1 CompilerThread0  5286 4482       3       com.sun.org.apache.xerces.internal.parsers.AbstractDOMParser::startElement (883 bytes)
C2 CompilerThread1  5286 4442       4       org.eclipse.core.runtime.Path::computeSegments (163 bytes)
C2 CompilerThread2  5286 4476       4       org.eclipse.core.runtime.Path::computeSegmentCount (86 bytes)
Total: 4

VM state: not at safepoint (normal execution)

VM Mutex/Monitor currently owned by a thread:  ([mutex/lock_event])
[0x00007fffdc94dbf0] SystemDictionary_lock - owner thread: 0x0000000000000000

Heap address: 0x0000000080000000, size: 2048 MB, Compressed Oops mode: 32-bit

CDS archive(s) mapped at: [0x0000024150000000-0x0000024150ba0000-0x0000024150ba0000), size 12189696, SharedBaseAddress: 0x0000024150000000, ArchiveRelocationMode: 1.
Compressed class space mapped at: 0x0000024151000000-0x0000024191000000, reserved size: 1073741824
Narrow klass base: 0x0000024150000000, Narrow klass shift: 0, Narrow klass range: 0x100000000

GC Precious Log:
 CardTable entry size: 512
 CPUs: 12 total, 12 available
 Memory: 8013M
 Large Page Support: Disabled
 NUMA Support: Disabled
 Compressed Oops: Enabled (32-bit)
 Alignments: Space 512K, Generation 512K, Heap 2M
 Heap Min Capacity: 100M
 Heap Initial Capacity: 100M
 Heap Max Capacity: 2G
 Pre-touch: Disabled
 Parallel Workers: 10

Heap:
 PSYoungGen      total 26112K, used 10981K [0x00000000d5580000, 0x00000000d7500000, 0x0000000100000000)
  eden space 23040K, 34% used [0x00000000d5580000,0x00000000d5d585b0,0x00000000d6c00000)
  from space 3072K, 95% used [0x00000000d7200000,0x00000000d74e1000,0x00000000d7500000)
  to   space 3584K, 0% used [0x00000000d6e00000,0x00000000d6e00000,0x00000000d7180000)
 ParOldGen       total 68608K, used 15331K [0x0000000080000000, 0x0000000084300000, 0x00000000d5580000)
  object space 68608K, 22% used [0x0000000080000000,0x0000000080ef8de0,0x0000000084300000)
 Metaspace       used 28283K, committed 29248K, reserved 1114112K
  class space    used 2791K, committed 3200K, reserved 1048576K

Card table byte_map: [0x0000024138740000,0x0000024138b50000] _byte_map_base: 0x0000024138340000

Marking Bits: (ParMarkBitMap*) 0x00007fffdc952460
 Begin Bits: [0x000002414b250000, 0x000002414d250000)
 End Bits:   [0x000002414d250000, 0x000002414f250000)

Polling page: 0x0000024136d30000

Metaspace:

Usage:
  Non-class:     24.89 MB used.
      Class:      2.73 MB used.
       Both:     27.62 MB used.

Virtual space:
  Non-class space:       64.00 MB reserved,      25.44 MB ( 40%) committed,  1 nodes.
      Class space:        1.00 GB reserved,       3.12 MB ( <1%) committed,  1 nodes.
             Both:        1.06 GB reserved,      28.56 MB (  3%) committed. 

Chunk freelists:
   Non-Class:  6.14 MB
       Class:  12.70 MB
        Both:  18.84 MB

MaxMetaspaceSize: unlimited
CompressedClassSpaceSize: 1.00 GB
Initial GC threshold: 21.00 MB
Current GC threshold: 35.00 MB
CDS: on
 - commit_granule_bytes: 65536.
 - commit_granule_words: 8192.
 - virtual_space_node_default_size: 8388608.
 - enlarge_chunks_in_place: 1.
 - use_allocation_guard: 0.


Internal statistics:

num_allocs_failed_limit: 3.
num_arena_births: 842.
num_arena_deaths: 14.
num_vsnodes_births: 2.
num_vsnodes_deaths: 0.
num_space_committed: 457.
num_space_uncommitted: 0.
num_chunks_returned_to_freelist: 17.
num_chunks_taken_from_freelist: 2008.
num_chunk_merges: 9.
num_chunk_splits: 1286.
num_chunks_enlarged: 778.
num_inconsistent_stats: 0.

CodeHeap 'non-profiled nmethods': size=120000Kb used=2112Kb max_used=2112Kb free=117887Kb
 bounds [0x0000024143a70000, 0x0000024143ce0000, 0x000002414afa0000]
CodeHeap 'profiled nmethods': size=120000Kb used=9435Kb max_used=9435Kb free=110564Kb
 bounds [0x000002413bfa0000, 0x000002413c8e0000, 0x00000241434d0000]
CodeHeap 'non-nmethods': size=5760Kb used=1338Kb max_used=1370Kb free=4421Kb
 bounds [0x00000241434d0000, 0x0000024143740000, 0x0000024143a70000]
CodeCache: size=245760Kb, used=12885Kb, max_used=12917Kb, free=232872Kb
 total_blobs=5098, nmethods=4470, adapters=533, full_count=0
Compilation: enabled, stopped_count=0, restarted_count=0

Compilation events (20 events):
Event: 5.259 Thread 0x000002419834f390 4442       4       org.eclipse.core.runtime.Path::computeSegments (163 bytes)
Event: 5.259 Thread 0x000002419266e530 nmethod 4438 0x000002413c8bdb90 code [0x000002413c8bde20, 0x000002413c8bea88]
Event: 5.260 Thread 0x000002419266e530 4444       3       com.sun.org.apache.xerces.internal.dom.DeferredDocumentImpl::appendChild (81 bytes)
Event: 5.260 Thread 0x000002419266e530 nmethod 4444 0x000002413c8bef10 code [0x000002413c8bf0e0, 0x000002413c8bf408]
Event: 5.260 Thread 0x000002419266e530 4445       3       com.sun.org.apache.xerces.internal.impl.XMLDocumentFragmentScannerImpl::checkDepth (100 bytes)
Event: 5.261 Thread 0x000002419266e530 nmethod 4445 0x000002413c8bf690 code [0x000002413c8bf960, 0x000002413c8c0a50]
Event: 5.261 Thread 0x000002419266e530 4447       3       com.sun.org.apache.xerces.internal.dom.NamedNodeMapImpl::isReadOnly (15 bytes)
Event: 5.261 Thread 0x000002419266e530 nmethod 4447 0x000002413c8c1110 code [0x000002413c8c12a0, 0x000002413c8c1408]
Event: 5.261 Thread 0x000002419266e530 4448       3       com.sun.org.apache.xerces.internal.dom.NodeImpl::isIdAttribute (29 bytes)
Event: 5.262 Thread 0x000002419266e530 nmethod 4448 0x000002413c8c1490 code [0x000002413c8c1620, 0x000002413c8c1788]
Event: 5.262 Thread 0x000002419266e530 4453       3       com.sun.org.apache.xerces.internal.dom.NodeImpl::ownerDocument (23 bytes)
Event: 5.262 Thread 0x000002419266e530 nmethod 4453 0x000002413c8c1810 code [0x000002413c8c19e0, 0x000002413c8c1db0]
Event: 5.262 Thread 0x000002419266e530 4454       3       com.sun.org.apache.xerces.internal.dom.NodeImpl::hasStringValue (29 bytes)
Event: 5.262 Thread 0x000002419266e530 nmethod 4454 0x000002413c8c1e90 code [0x000002413c8c2020, 0x000002413c8c2188]
Event: 5.262 Thread 0x000002419266e530 4449       3       com.sun.org.apache.xerces.internal.dom.DeferredDocumentImpl::getNodeName (7 bytes)
Event: 5.262 Thread 0x000002419266e530 nmethod 4449 0x000002413c8c2210 code [0x000002413c8c23c0, 0x000002413c8c2508]
Event: 5.263 Thread 0x000002419266e530 4455       3       org.eclipse.core.internal.localstore.FileStoreRoot::localLocation (100 bytes)
Event: 5.263 Thread 0x000002419266e530 nmethod 4455 0x000002413c8c2590 code [0x000002413c8c2820, 0x000002413c8c34f0]
Event: 5.263 Thread 0x000002419266e530 4456       3       org.eclipse.core.internal.resources.ProjectPathVariableManager::resolvePath (55 bytes)
Event: 5.264 Thread 0x000002419266e530 nmethod 4456 0x000002413c8c3a10 code [0x000002413c8c3c20, 0x000002413c8c4130]

GC Heap History (20 events):
Event: 1.908 GC heap before
{Heap before GC invocations=2 (full 0):
 PSYoungGen      total 29696K, used 28912K [0x00000000d5580000, 0x00000000d7680000, 0x0000000100000000)
  eden space 25600K, 100% used [0x00000000d5580000,0x00000000d6e80000,0x00000000d6e80000)
  from space 4096K, 80% used [0x00000000d6e80000,0x00000000d71bc148,0x00000000d7280000)
  to   space 4096K, 0% used [0x00000000d7280000,0x00000000d7280000,0x00000000d7680000)
 ParOldGen       total 68608K, used 16K [0x0000000080000000, 0x0000000084300000, 0x00000000d5580000)
  object space 68608K, 0% used [0x0000000080000000,0x0000000080004000,0x0000000084300000)
 Metaspace       used 7971K, committed 8256K, reserved 1114112K
  class space    used 829K, committed 960K, reserved 1048576K
}
Event: 1.916 GC heap after
{Heap after GC invocations=2 (full 0):
 PSYoungGen      total 29696K, used 4070K [0x00000000d5580000, 0x00000000d7680000, 0x0000000100000000)
  eden space 25600K, 0% used [0x00000000d5580000,0x00000000d5580000,0x00000000d6e80000)
  from space 4096K, 99% used [0x00000000d7280000,0x00000000d7679800,0x00000000d7680000)
  to   space 4096K, 0% used [0x00000000d6e80000,0x00000000d6e80000,0x00000000d7280000)
 ParOldGen       total 68608K, used 2021K [0x0000000080000000, 0x0000000084300000, 0x00000000d5580000)
  object space 68608K, 2% used [0x0000000080000000,0x00000000801f95f0,0x0000000084300000)
 Metaspace       used 7971K, committed 8256K, reserved 1114112K
  class space    used 829K, committed 960K, reserved 1048576K
}
Event: 2.320 GC heap before
{Heap before GC invocations=3 (full 0):
 PSYoungGen      total 29696K, used 29645K [0x00000000d5580000, 0x00000000d7680000, 0x0000000100000000)
  eden space 25600K, 99% used [0x00000000d5580000,0x00000000d6e79c28,0x00000000d6e80000)
  from space 4096K, 99% used [0x00000000d7280000,0x00000000d7679800,0x00000000d7680000)
  to   space 4096K, 0% used [0x00000000d6e80000,0x00000000d6e80000,0x00000000d7280000)
 ParOldGen       total 68608K, used 2021K [0x0000000080000000, 0x0000000084300000, 0x00000000d5580000)
  object space 68608K, 2% used [0x0000000080000000,0x00000000801f95f0,0x0000000084300000)
 Metaspace       used 9386K, committed 9728K, reserved 1114112K
  class space    used 1004K, committed 1152K, reserved 1048576K
}
Event: 2.328 GC heap after
{Heap after GC invocations=3 (full 0):
 PSYoungGen      total 29696K, used 4081K [0x00000000d5580000, 0x00000000d7680000, 0x0000000100000000)
  eden space 25600K, 0% used [0x00000000d5580000,0x00000000d5580000,0x00000000d6e80000)
  from space 4096K, 99% used [0x00000000d6e80000,0x00000000d727c628,0x00000000d7280000)
  to   space 4096K, 0% used [0x00000000d7280000,0x00000000d7280000,0x00000000d7680000)
 ParOldGen       total 68608K, used 4847K [0x0000000080000000, 0x0000000084300000, 0x00000000d5580000)
  object space 68608K, 7% used [0x0000000080000000,0x00000000804bbd80,0x0000000084300000)
 Metaspace       used 9386K, committed 9728K, reserved 1114112K
  class space    used 1004K, committed 1152K, reserved 1048576K
}
Event: 2.907 GC heap before
{Heap before GC invocations=4 (full 0):
 PSYoungGen      total 29696K, used 29681K [0x00000000d5580000, 0x00000000d7680000, 0x0000000100000000)
  eden space 25600K, 100% used [0x00000000d5580000,0x00000000d6e80000,0x00000000d6e80000)
  from space 4096K, 99% used [0x00000000d6e80000,0x00000000d727c628,0x00000000d7280000)
  to   space 4096K, 0% used [0x00000000d7280000,0x00000000d7280000,0x00000000d7680000)
 ParOldGen       total 68608K, used 4847K [0x0000000080000000, 0x0000000084300000, 0x00000000d5580000)
  object space 68608K, 7% used [0x0000000080000000,0x00000000804bbd80,0x0000000084300000)
 Metaspace       used 11645K, committed 12032K, reserved 1114112K
  class space    used 1238K, committed 1408K, reserved 1048576K
}
Event: 2.913 GC heap after
{Heap after GC invocations=4 (full 0):
 PSYoungGen      total 29696K, used 4091K [0x00000000d5580000, 0x00000000d7680000, 0x0000000100000000)
  eden space 25600K, 0% used [0x00000000d5580000,0x00000000d5580000,0x00000000d6e80000)
  from space 4096K, 99% used [0x00000000d7280000,0x00000000d767ece8,0x00000000d7680000)
  to   space 4096K, 0% used [0x00000000d6e80000,0x00000000d6e80000,0x00000000d7280000)
 ParOldGen       total 68608K, used 6376K [0x0000000080000000, 0x0000000084300000, 0x00000000d5580000)
  object space 68608K, 9% used [0x0000000080000000,0x000000008063a0b8,0x0000000084300000)
 Metaspace       used 11645K, committed 12032K, reserved 1114112K
  class space    used 1238K, committed 1408K, reserved 1048576K
}
Event: 3.506 GC heap before
{Heap before GC invocations=5 (full 0):
 PSYoungGen      total 29696K, used 29691K [0x00000000d5580000, 0x00000000d7680000, 0x0000000100000000)
  eden space 25600K, 100% used [0x00000000d5580000,0x00000000d6e80000,0x00000000d6e80000)
  from space 4096K, 99% used [0x00000000d7280000,0x00000000d767ece8,0x00000000d7680000)
  to   space 4096K, 0% used [0x00000000d6e80000,0x00000000d6e80000,0x00000000d7280000)
 ParOldGen       total 68608K, used 6376K [0x0000000080000000, 0x0000000084300000, 0x00000000d5580000)
  object space 68608K, 9% used [0x0000000080000000,0x000000008063a0b8,0x0000000084300000)
 Metaspace       used 15590K, committed 16128K, reserved 1114112K
  class space    used 1623K, committed 1856K, reserved 1048576K
}
Event: 3.511 GC heap after
{Heap after GC invocations=5 (full 0):
 PSYoungGen      total 29184K, used 4087K [0x00000000d5580000, 0x00000000d7900000, 0x0000000100000000)
  eden space 25088K, 0% used [0x00000000d5580000,0x00000000d5580000,0x00000000d6e00000)
  from space 4096K, 99% used [0x00000000d6e80000,0x00000000d727dde0,0x00000000d7280000)
  to   space 5632K, 0% used [0x00000000d7380000,0x00000000d7380000,0x00000000d7900000)
 ParOldGen       total 68608K, used 7612K [0x0000000080000000, 0x0000000084300000, 0x00000000d5580000)
  object space 68608K, 11% used [0x0000000080000000,0x000000008076f0d8,0x0000000084300000)
 Metaspace       used 15590K, committed 16128K, reserved 1114112K
  class space    used 1623K, committed 1856K, reserved 1048576K
}
Event: 3.989 GC heap before
{Heap before GC invocations=6 (full 0):
 PSYoungGen      total 29184K, used 29175K [0x00000000d5580000, 0x00000000d7900000, 0x0000000100000000)
  eden space 25088K, 100% used [0x00000000d5580000,0x00000000d6e00000,0x00000000d6e00000)
  from space 4096K, 99% used [0x00000000d6e80000,0x00000000d727dde0,0x00000000d7280000)
  to   space 5632K, 0% used [0x00000000d7380000,0x00000000d7380000,0x00000000d7900000)
 ParOldGen       total 68608K, used 7612K [0x0000000080000000, 0x0000000084300000, 0x00000000d5580000)
  object space 68608K, 11% used [0x0000000080000000,0x000000008076f0d8,0x0000000084300000)
 Metaspace       used 18684K, committed 19520K, reserved 1114112K
  class space    used 1968K, committed 2304K, reserved 1048576K
}
Event: 3.994 GC heap after
{Heap after GC invocations=6 (full 0):
 PSYoungGen      total 29696K, used 5045K [0x00000000d5580000, 0x00000000d7880000, 0x0000000100000000)
  eden space 24576K, 0% used [0x00000000d5580000,0x00000000d5580000,0x00000000d6d80000)
  from space 5120K, 98% used [0x00000000d7380000,0x00000000d786d690,0x00000000d7880000)
  to   space 5632K, 0% used [0x00000000d6d80000,0x00000000d6d80000,0x00000000d7300000)
 ParOldGen       total 68608K, used 7620K [0x0000000080000000, 0x0000000084300000, 0x00000000d5580000)
  object space 68608K, 11% used [0x0000000080000000,0x00000000807710d8,0x0000000084300000)
 Metaspace       used 18684K, committed 19520K, reserved 1114112K
  class space    used 1968K, committed 2304K, reserved 1048576K
}
Event: 4.253 GC heap before
{Heap before GC invocations=7 (full 0):
 PSYoungGen      total 29696K, used 25353K [0x00000000d5580000, 0x00000000d7880000, 0x0000000100000000)
  eden space 24576K, 82% used [0x00000000d5580000,0x00000000d6954e20,0x00000000d6d80000)
  from space 5120K, 98% used [0x00000000d7380000,0x00000000d786d690,0x00000000d7880000)
  to   space 5632K, 0% used [0x00000000d6d80000,0x00000000d6d80000,0x00000000d7300000)
 ParOldGen       total 68608K, used 7620K [0x0000000080000000, 0x0000000084300000, 0x00000000d5580000)
  object space 68608K, 11% used [0x0000000080000000,0x00000000807710d8,0x0000000084300000)
 Metaspace       used 20611K, committed 21504K, reserved 1114112K
  class space    used 2200K, committed 2560K, reserved 1048576K
}
Event: 4.258 GC heap after
{Heap after GC invocations=7 (full 0):
 PSYoungGen      total 29696K, used 5001K [0x00000000d5580000, 0x00000000d7780000, 0x0000000100000000)
  eden space 24576K, 0% used [0x00000000d5580000,0x00000000d5580000,0x00000000d6d80000)
  from space 5120K, 97% used [0x00000000d6d80000,0x00000000d7262450,0x00000000d7280000)
  to   space 5120K, 0% used [0x00000000d7280000,0x00000000d7280000,0x00000000d7780000)
 ParOldGen       total 68608K, used 9304K [0x0000000080000000, 0x0000000084300000, 0x00000000d5580000)
  object space 68608K, 13% used [0x0000000080000000,0x0000000080916070,0x0000000084300000)
 Metaspace       used 20611K, committed 21504K, reserved 1114112K
  class space    used 2200K, committed 2560K, reserved 1048576K
}
Event: 4.258 GC heap before
{Heap before GC invocations=8 (full 1):
 PSYoungGen      total 29696K, used 5001K [0x00000000d5580000, 0x00000000d7780000, 0x0000000100000000)
  eden space 24576K, 0% used [0x00000000d5580000,0x00000000d5580000,0x00000000d6d80000)
  from space 5120K, 97% used [0x00000000d6d80000,0x00000000d7262450,0x00000000d7280000)
  to   space 5120K, 0% used [0x00000000d7280000,0x00000000d7280000,0x00000000d7780000)
 ParOldGen       total 68608K, used 9304K [0x0000000080000000, 0x0000000084300000, 0x00000000d5580000)
  object space 68608K, 13% used [0x0000000080000000,0x0000000080916070,0x0000000084300000)
 Metaspace       used 20611K, committed 21504K, reserved 1114112K
  class space    used 2200K, committed 2560K, reserved 1048576K
}
Event: 4.296 GC heap after
{Heap after GC invocations=8 (full 1):
 PSYoungGen      total 29696K, used 0K [0x00000000d5580000, 0x00000000d7780000, 0x0000000100000000)
  eden space 24576K, 0% used [0x00000000d5580000,0x00000000d5580000,0x00000000d6d80000)
  from space 5120K, 0% used [0x00000000d6d80000,0x00000000d6d80000,0x00000000d7280000)
  to   space 5120K, 0% used [0x00000000d7280000,0x00000000d7280000,0x00000000d7780000)
 ParOldGen       total 68608K, used 13655K [0x0000000080000000, 0x0000000084300000, 0x00000000d5580000)
  object space 68608K, 19% used [0x0000000080000000,0x0000000080d55f28,0x0000000084300000)
 Metaspace       used 20598K, committed 21504K, reserved 1114112K
  class space    used 2196K, committed 2560K, reserved 1048576K
}
Event: 4.551 GC heap before
{Heap before GC invocations=9 (full 1):
 PSYoungGen      total 29696K, used 24576K [0x00000000d5580000, 0x00000000d7780000, 0x0000000100000000)
  eden space 24576K, 100% used [0x00000000d5580000,0x00000000d6d80000,0x00000000d6d80000)
  from space 5120K, 0% used [0x00000000d6d80000,0x00000000d6d80000,0x00000000d7280000)
  to   space 5120K, 0% used [0x00000000d7280000,0x00000000d7280000,0x00000000d7780000)
 ParOldGen       total 68608K, used 13655K [0x0000000080000000, 0x0000000084300000, 0x00000000d5580000)
  object space 68608K, 19% used [0x0000000080000000,0x0000000080d55f28,0x0000000084300000)
 Metaspace       used 22512K, committed 23424K, reserved 1114112K
  class space    used 2370K, committed 2752K, reserved 1048576K
}
Event: 4.553 GC heap after
{Heap after GC invocations=9 (full 1):
 PSYoungGen      total 27648K, used 3480K [0x00000000d5580000, 0x00000000d7600000, 0x0000000100000000)
  eden space 24064K, 0% used [0x00000000d5580000,0x00000000d5580000,0x00000000d6d00000)
  from space 3584K, 97% used [0x00000000d7280000,0x00000000d75e6090,0x00000000d7600000)
  to   space 4096K, 0% used [0x00000000d6e00000,0x00000000d6e00000,0x00000000d7200000)
 ParOldGen       total 68608K, used 13663K [0x0000000080000000, 0x0000000084300000, 0x00000000d5580000)
  object space 68608K, 19% used [0x0000000080000000,0x0000000080d57f28,0x0000000084300000)
 Metaspace       used 22512K, committed 23424K, reserved 1114112K
  class space    used 2370K, committed 2752K, reserved 1048576K
}
Event: 4.756 GC heap before
{Heap before GC invocations=10 (full 1):
 PSYoungGen      total 27648K, used 27544K [0x00000000d5580000, 0x00000000d7600000, 0x0000000100000000)
  eden space 24064K, 100% used [0x00000000d5580000,0x00000000d6d00000,0x00000000d6d00000)
  from space 3584K, 97% used [0x00000000d7280000,0x00000000d75e6090,0x00000000d7600000)
  to   space 4096K, 0% used [0x00000000d6e00000,0x00000000d6e00000,0x00000000d7200000)
 ParOldGen       total 68608K, used 13663K [0x0000000080000000, 0x0000000084300000, 0x00000000d5580000)
  object space 68608K, 19% used [0x0000000080000000,0x0000000080d57f28,0x0000000084300000)
 Metaspace       used 25816K, committed 26816K, reserved 1114112K
  class space    used 2616K, committed 3008K, reserved 1048576K
}
Event: 4.758 GC heap after
{Heap after GC invocations=10 (full 1):
 PSYoungGen      total 27648K, used 4074K [0x00000000d5580000, 0x00000000d7580000, 0x0000000100000000)
  eden space 23552K, 0% used [0x00000000d5580000,0x00000000d5580000,0x00000000d6c80000)
  from space 4096K, 99% used [0x00000000d6e00000,0x00000000d71fa860,0x00000000d7200000)
  to   space 3584K, 0% used [0x00000000d7200000,0x00000000d7200000,0x00000000d7580000)
 ParOldGen       total 68608K, used 13991K [0x0000000080000000, 0x0000000084300000, 0x00000000d5580000)
  object space 68608K, 20% used [0x0000000080000000,0x0000000080da9f28,0x0000000084300000)
 Metaspace       used 25816K, committed 26816K, reserved 1114112K
  class space    used 2616K, committed 3008K, reserved 1048576K
}
Event: 5.084 GC heap before
{Heap before GC invocations=11 (full 1):
 PSYoungGen      total 27648K, used 27626K [0x00000000d5580000, 0x00000000d7580000, 0x0000000100000000)
  eden space 23552K, 100% used [0x00000000d5580000,0x00000000d6c80000,0x00000000d6c80000)
  from space 4096K, 99% used [0x00000000d6e00000,0x00000000d71fa860,0x00000000d7200000)
  to   space 3584K, 0% used [0x00000000d7200000,0x00000000d7200000,0x00000000d7580000)
 ParOldGen       total 68608K, used 13991K [0x0000000080000000, 0x0000000084300000, 0x00000000d5580000)
  object space 68608K, 20% used [0x0000000080000000,0x0000000080da9f28,0x0000000084300000)
 Metaspace       used 27503K, committed 28480K, reserved 1114112K
  class space    used 2724K, committed 3136K, reserved 1048576K
}
Event: 5.087 GC heap after
{Heap after GC invocations=11 (full 1):
 PSYoungGen      total 26112K, used 2948K [0x00000000d5580000, 0x00000000d7500000, 0x0000000100000000)
  eden space 23040K, 0% used [0x00000000d5580000,0x00000000d5580000,0x00000000d6c00000)
  from space 3072K, 95% used [0x00000000d7200000,0x00000000d74e1000,0x00000000d7500000)
  to   space 3584K, 0% used [0x00000000d6e00000,0x00000000d6e00000,0x00000000d7180000)
 ParOldGen       total 68608K, used 15331K [0x0000000080000000, 0x0000000084300000, 0x00000000d5580000)
  object space 68608K, 22% used [0x0000000080000000,0x0000000080ef8de0,0x0000000084300000)
 Metaspace       used 27503K, committed 28480K, reserved 1114112K
  class space    used 2724K, committed 3136K, reserved 1048576K
}

Dll operation events (10 events):
Event: 0.016 Loaded shared library c:\Users\Administrator\.vscode\extensions\redhat.java-1.51.0-win32-x64\jre\21.0.9-win32-x86_64\bin\java.dll
Event: 0.214 Loaded shared library c:\Users\Administrator\.vscode\extensions\redhat.java-1.51.0-win32-x64\jre\21.0.9-win32-x86_64\bin\zip.dll
Event: 0.250 Loaded shared library C:\Users\Administrator\.vscode\extensions\redhat.java-1.51.0-win32-x64\jre\21.0.9-win32-x86_64\bin\instrument.dll
Event: 0.259 Loaded shared library C:\Users\Administrator\.vscode\extensions\redhat.java-1.51.0-win32-x64\jre\21.0.9-win32-x86_64\bin\net.dll
Event: 0.260 Loaded shared library C:\Users\Administrator\.vscode\extensions\redhat.java-1.51.0-win32-x64\jre\21.0.9-win32-x86_64\bin\nio.dll
Event: 0.264 Loaded shared library C:\Users\Administrator\.vscode\extensions\redhat.java-1.51.0-win32-x64\jre\21.0.9-win32-x86_64\bin\zip.dll
Event: 0.298 Loaded shared library C:\Users\Administrator\.vscode\extensions\redhat.java-1.51.0-win32-x64\jre\21.0.9-win32-x86_64\bin\jimage.dll
Event: 0.475 Loaded shared library c:\Users\Administrator\.vscode\extensions\redhat.java-1.51.0-win32-x64\jre\21.0.9-win32-x86_64\bin\verify.dll
Event: 1.929 Loaded shared library C:\Users\Administrator\AppData\Roaming\Code\User\globalStorage\redhat.java\1.51.0\config_win\org.eclipse.equinox.launcher\org.eclipse.equinox.launcher.win32.win32.x86_64_1.2.1400.v20250801-0854\eclipse_11916.dll
Event: 3.610 Loaded shared library C:\Users\Administrator\AppData\Local\Temp\jna-76643\jna15565246987575774829.dll

Deoptimization events (20 events):
Event: 5.218 Thread 0x00000241979ecdd0 DEOPT PACKING pc=0x000002413c45a11f sp=0x000000ce43df9800
Event: 5.218 Thread 0x00000241979ecdd0 DEOPT UNPACKING pc=0x0000024143524242 sp=0x000000ce43df8cd8 mode 0
Event: 5.228 Thread 0x00000241979ecdd0 DEOPT PACKING pc=0x000002413c45a11f sp=0x000000ce43df9800
Event: 5.228 Thread 0x00000241979ecdd0 DEOPT UNPACKING pc=0x0000024143524242 sp=0x000000ce43df8cd8 mode 0
Event: 5.230 Thread 0x00000241979ecdd0 DEOPT PACKING pc=0x000002413c45a11f sp=0x000000ce43df9880
Event: 5.230 Thread 0x00000241979ecdd0 DEOPT UNPACKING pc=0x0000024143524242 sp=0x000000ce43df8d58 mode 0
Event: 5.231 Thread 0x00000241979ecdd0 DEOPT PACKING pc=0x000002413c45a11f sp=0x000000ce43df9880
Event: 5.231 Thread 0x00000241979ecdd0 DEOPT UNPACKING pc=0x0000024143524242 sp=0x000000ce43df8d58 mode 0
Event: 5.239 Thread 0x00000241979ecdd0 DEOPT PACKING pc=0x000002413c45a11f sp=0x000000ce43df9800
Event: 5.239 Thread 0x00000241979ecdd0 DEOPT UNPACKING pc=0x0000024143524242 sp=0x000000ce43df8cd8 mode 0
Event: 5.240 Thread 0x00000241979ecdd0 DEOPT PACKING pc=0x000002413c45a11f sp=0x000000ce43df9880
Event: 5.240 Thread 0x00000241979ecdd0 DEOPT UNPACKING pc=0x0000024143524242 sp=0x000000ce43df8d58 mode 0
Event: 5.254 Thread 0x00000241979ecdd0 DEOPT PACKING pc=0x000002413c45a11f sp=0x000000ce43df9800
Event: 5.255 Thread 0x00000241979ecdd0 DEOPT UNPACKING pc=0x0000024143524242 sp=0x000000ce43df8cd8 mode 0
Event: 5.255 Thread 0x00000241979ecdd0 DEOPT PACKING pc=0x000002413c45a11f sp=0x000000ce43df9880
Event: 5.255 Thread 0x00000241979ecdd0 DEOPT UNPACKING pc=0x0000024143524242 sp=0x000000ce43df8d58 mode 0
Event: 5.263 Thread 0x00000241979ecdd0 DEOPT PACKING pc=0x000002413c45a11f sp=0x000000ce43df9880
Event: 5.263 Thread 0x00000241979ecdd0 DEOPT UNPACKING pc=0x0000024143524242 sp=0x000000ce43df8d58 mode 0
Event: 5.264 Thread 0x00000241979ecdd0 DEOPT PACKING pc=0x000002413c45a11f sp=0x000000ce43df9800
Event: 5.264 Thread 0x00000241979ecdd0 DEOPT UNPACKING pc=0x0000024143524242 sp=0x000000ce43df8cd8 mode 0

Classes loaded (20 events):
Event: 5.154 Loading class com/sun/org/apache/xerces/internal/impl/msg/XMLSerializerMessages_en
Event: 5.154 Loading class com/sun/org/apache/xerces/internal/impl/msg/XMLSerializerMessages_en done
Event: 5.154 Loading class com/sun/org/apache/xerces/internal/impl/msg/XMLSerializerMessages_en
Event: 5.154 Loading class com/sun/org/apache/xerces/internal/impl/msg/XMLSerializerMessages_en done
Event: 5.154 Loading class com/sun/org/apache/xerces/internal/impl/msg/XMLSerializerMessages_en_US
Event: 5.154 Loading class com/sun/org/apache/xerces/internal/impl/msg/XMLSerializerMessages_en_US done
Event: 5.154 Loading class com/sun/org/apache/xerces/internal/impl/msg/XMLSerializerMessages_en_US
Event: 5.154 Loading class com/sun/org/apache/xerces/internal/impl/msg/XMLSerializerMessages_en_US done
Event: 5.154 Loading class com/sun/org/apache/xerces/internal/impl/msg/XMLMessages
Event: 5.154 Loading class com/sun/org/apache/xerces/internal/impl/msg/XMLMessages done
Event: 5.154 Loading class com/sun/org/apache/xerces/internal/impl/msg/XMLMessages
Event: 5.154 Loading class com/sun/org/apache/xerces/internal/impl/msg/XMLMessages done
Event: 5.156 Loading class com/sun/org/apache/xerces/internal/impl/msg/XMLMessages_en
Event: 5.156 Loading class com/sun/org/apache/xerces/internal/impl/msg/XMLMessages_en done
Event: 5.156 Loading class com/sun/org/apache/xerces/internal/impl/msg/XMLMessages_en
Event: 5.156 Loading class com/sun/org/apache/xerces/internal/impl/msg/XMLMessages_en done
Event: 5.159 Loading class com/sun/org/apache/xerces/internal/impl/msg/XMLMessages_en_US
Event: 5.159 Loading class com/sun/org/apache/xerces/internal/impl/msg/XMLMessages_en_US done
Event: 5.159 Loading class com/sun/org/apache/xerces/internal/impl/msg/XMLMessages_en_US
Event: 5.159 Loading class com/sun/org/apache/xerces/internal/impl/msg/XMLMessages_en_US done

Classes unloaded (7 events):
Event: 4.262 Thread 0x0000024138d23680 Unloading class 0x00000241511ab400 'java/lang/invoke/LambdaForm$MH+0x00000241511ab400'
Event: 4.262 Thread 0x0000024138d23680 Unloading class 0x00000241511ab000 'java/lang/invoke/LambdaForm$MH+0x00000241511ab000'
Event: 4.262 Thread 0x0000024138d23680 Unloading class 0x00000241511aac00 'java/lang/invoke/LambdaForm$MH+0x00000241511aac00'
Event: 4.262 Thread 0x0000024138d23680 Unloading class 0x00000241511aa800 'java/lang/invoke/LambdaForm$MH+0x00000241511aa800'
Event: 4.262 Thread 0x0000024138d23680 Unloading class 0x00000241511aa400 'java/lang/invoke/LambdaForm$BMH+0x00000241511aa400'
Event: 4.262 Thread 0x0000024138d23680 Unloading class 0x00000241511aa000 'java/lang/invoke/LambdaForm$DMH+0x00000241511aa000'
Event: 4.262 Thread 0x0000024138d23680 Unloading class 0x00000241511a8c00 'java/lang/invoke/LambdaForm$DMH+0x00000241511a8c00'

Classes redefined (0 events):
No events

Internal exceptions (20 events):
Event: 4.181 Thread 0x00000241979ecdd0 Exception <a 'java/lang/NoSuchMethodError'{0x00000000d6624880}: 'int java.lang.invoke.DirectMethodHandle$Holder.invokeStaticInit(java.lang.Object, long, long)'> (0x00000000d6624880) 
thrown [s\src\hotspot\share\interpreter\linkResolver.cpp, line 773]
Event: 4.182 Thread 0x00000241979ecdd0 Exception <a 'java/lang/NoSuchMethodError'{0x00000000d662c238}: 'int java.lang.invoke.DirectMethodHandle$Holder.invokeStaticInit(java.lang.Object, float, float)'> (0x00000000d662c238) 
thrown [s\src\hotspot\share\interpreter\linkResolver.cpp, line 773]
Event: 4.183 Thread 0x00000241979ecdd0 Exception <a 'java/lang/NoSuchMethodError'{0x00000000d6633be8}: 'int java.lang.invoke.DirectMethodHandle$Holder.invokeStaticInit(java.lang.Object, double, double)'> (0x00000000d6633be8) 
thrown [s\src\hotspot\share\interpreter\linkResolver.cpp, line 773]
Event: 4.183 Thread 0x00000241979ecdd0 Exception <a 'java/lang/NoSuchMethodError'{0x00000000d6639000}: 'int java.lang.invoke.DirectMethodHandle$Holder.invokeStatic(java.lang.Object, long)'> (0x00000000d6639000) 
thrown [s\src\hotspot\share\interpreter\linkResolver.cpp, line 773]
Event: 4.187 Thread 0x00000241979ecdd0 Exception <a 'java/lang/NoSuchMethodError'{0x00000000d6657ce8}: 'int java.lang.invoke.Invokers$Holder.linkToTargetMethod(java.lang.Object, java.lang.Object)'> (0x00000000d6657ce8) 
thrown [s\src\hotspot\share\interpreter\linkResolver.cpp, line 773]
Event: 4.252 Thread 0x00000241979ecdd0 Exception <a 'java/lang/NoSuchMethodError'{0x00000000d68fe840}: 'java.lang.Object java.lang.invoke.Invokers$Holder.invoke_MT(java.lang.Object, java.lang.Object, java.lang.Object, java.lang.Object, java.lang.Object, java.lang.Object, java.lang.Object, java.lang.Object, java.lang.Object, java.lang.Object, java.lang.Object)'> (0x00000000d68fe840) 
thrown [s\src\hotspot\share\interpreter\linkResolver.cpp, line 773]
Event: 4.311 Thread 0x00000241979ecdd0 Exception <a 'java/lang/NoSuchMethodError'{0x00000000d5610168}: 'java.lang.Object java.lang.invoke.Invokers$Holder.invoke_MT(java.lang.Object, java.lang.Object, java.lang.Object, java.lang.Object, java.lang.Object, java.lang.Object, java.lang.Object, java.lang.Object, java.lang.Object, java.lang.Object)'> (0x00000000d5610168) 
thrown [s\src\hotspot\share\interpreter\linkResolver.cpp, line 773]
Event: 4.325 Thread 0x00000241979ecdd0 Exception <a 'java/lang/NoSuchMethodError'{0x00000000d56ad6e8}: 'java.lang.Object java.lang.invoke.DirectMethodHandle$Holder.newInvokeSpecial(java.lang.Object, java.lang.Object, java.lang.Object, java.lang.Object, java.lang.Object, java.lang.Object, java.lang.Object)'> (0x00000000d56ad6e8) 
thrown [s\src\hotspot\share\interpreter\linkResolver.cpp, line 773]
Event: 4.333 Thread 0x00000241979ecdd0 Exception <a 'java/lang/NoSuchMethodError'{0x00000000d57251d8}: 'java.lang.Object java.lang.invoke.Invokers$Holder.invoker(java.lang.Object, java.lang.Object, java.lang.Object, java.lang.Object, java.lang.Object, java.lang.Object, java.lang.Object, java.lang.Object, java.lang.Object, java.lang.Object, java.lang.Object, java.lang.Object, java.lang.Object)'> (0x00000000d57251d8) 
thrown [s\src\hotspot\share\interpreter\linkResolver.cpp, line 773]
Event: 4.333 Thread 0x00000241979ecdd0 Exception <a 'java/lang/NoSuchMethodError'{0x00000000d572f670}: 'java.lang.Object java.lang.invoke.DelegatingMethodHandle$Holder.delegate(java.lang.Object, java.lang.Object, java.lang.Object, java.lang.Object, java.lang.Object, java.lang.Object, java.lang.Object, java.lang.Object, java.lang.Object, java.lang.Object, java.lang.Object, java.lang.Object, java.lang.Object)'> (0x00000000d572f670) 
thrown [s\src\hotspot\share\interpreter\linkResolver.cpp, line 773]
Event: 4.343 Thread 0x00000241979ecdd0 Exception <a 'java/lang/NoSuchMethodError'{0x00000000d579b390}: static Lorg/eclipse/m2e/core/internal/lifecyclemapping/model/PluginExecutionMetadata;.<clinit>()V> (0x00000000d579b390) 
thrown [s\src\hotspot\share\prims\jni.cpp, line 1111]
Event: 4.351 Thread 0x00000241979ecdd0 Exception <a 'java/lang/NoSuchMethodError'{0x00000000d57faae0}: static Lorg/eclipse/m2e/core/internal/lifecyclemapping/model/PluginExecutionFilter;.<clinit>()V> (0x00000000d57faae0) 
thrown [s\src\hotspot\share\prims\jni.cpp, line 1111]
Event: 4.355 Thread 0x00000241979ecdd0 Exception <a 'java/lang/NoSuchMethodError'{0x00000000d58276f0}: static Lorg/eclipse/m2e/core/internal/project/registry/MavenProjectFacade$MavenProjectConfiguration;.<clinit>()V> (0x00000000d58276f0) 
thrown [s\src\hotspot\share\prims\jni.cpp, line 1111]
Event: 4.465 Thread 0x00000241979ecdd0 Exception <a 'java/lang/NoSuchMethodError'{0x00000000d5eb0a90}: 'double java.lang.invoke.DirectMethodHandle$Holder.invokeStatic(java.lang.Object, java.lang.Object)'> (0x00000000d5eb0a90) 
thrown [s\src\hotspot\share\interpreter\linkResolver.cpp, line 773]
Event: 4.466 Thread 0x00000241979ecdd0 Exception <a 'java/lang/NoSuchMethodError'{0x00000000d5eb4150}: 'double java.lang.invoke.DirectMethodHandle$Holder.invokeStaticInit(java.lang.Object, java.lang.Object)'> (0x00000000d5eb4150) 
thrown [s\src\hotspot\share\interpreter\linkResolver.cpp, line 773]
Event: 4.727 Thread 0x00000241979ecdd0 Implicit null exception at 0x0000024143c571f5 to 0x0000024143c572e8
Event: 4.901 Thread 0x00000241979ecdd0 Exception <a 'java/lang/NoSuchMethodError'{0x00000000d64cc5d8}: 'java.lang.Object java.lang.invoke.DirectMethodHandle$Holder.newInvokeSpecial(java.lang.Object, int, java.lang.Object, java.lang.Object)'> (0x00000000d64cc5d8) 
thrown [s\src\hotspot\share\interpreter\linkResolver.cpp, line 773]
Event: 5.148 Thread 0x00000241979ecdd0 Exception <a 'java/lang/ClassNotFoundException'{0x00000000d56ecc80}: com/sun/org/apache/xerces/internal/impl/msg/spi/DOMMessagesProvider> (0x00000000d56ecc80) 
thrown [s\src\hotspot\share\classfile\systemDictionary.cpp, line 312]
Event: 5.153 Thread 0x00000241979ecdd0 Exception <a 'java/lang/ClassNotFoundException'{0x00000000d56fe438}: com/sun/org/apache/xerces/internal/impl/msg/spi/XMLSerializerMessagesProvider> (0x00000000d56fe438) 
thrown [s\src\hotspot\share\classfile\systemDictionary.cpp, line 312]
Event: 5.154 Thread 0x00000241979ecdd0 Exception <a 'java/lang/ClassNotFoundException'{0x00000000d570b708}: com/sun/org/apache/xerces/internal/impl/msg/spi/XMLMessagesProvider> (0x00000000d570b708) 
thrown [s\src\hotspot\share\classfile\systemDictionary.cpp, line 312]

ZGC Phase Switch (0 events):
No events

VM Operations (20 events):
Event: 3.832 Executing VM operation: HandshakeAllThreads (Deoptimize)
Event: 3.832 Executing VM operation: HandshakeAllThreads (Deoptimize) done
Event: 3.868 Executing VM operation: HandshakeAllThreads (Deoptimize)
Event: 3.869 Executing VM operation: HandshakeAllThreads (Deoptimize) done
Event: 3.875 Executing VM operation: HandshakeAllThreads (Deoptimize)
Event: 3.875 Executing VM operation: HandshakeAllThreads (Deoptimize) done
Event: 3.904 Executing VM operation: ICBufferFull
Event: 3.904 Executing VM operation: ICBufferFull done
Event: 3.989 Executing VM operation: ParallelGCFailedAllocation (Allocation Failure)
Event: 3.994 Executing VM operation: ParallelGCFailedAllocation (Allocation Failure) done
Event: 4.163 Executing VM operation: HandshakeAllThreads (Deoptimize)
Event: 4.163 Executing VM operation: HandshakeAllThreads (Deoptimize) done
Event: 4.253 Executing VM operation: CollectForMetadataAllocation (Metadata GC Threshold)
Event: 4.296 Executing VM operation: CollectForMetadataAllocation (Metadata GC Threshold) done
Event: 4.551 Executing VM operation: ParallelGCFailedAllocation (Allocation Failure)
Event: 4.553 Executing VM operation: ParallelGCFailedAllocation (Allocation Failure) done
Event: 4.756 Executing VM operation: ParallelGCFailedAllocation (Allocation Failure)
Event: 4.758 Executing VM operation: ParallelGCFailedAllocation (Allocation Failure) done
Event: 5.084 Executing VM operation: ParallelGCFailedAllocation (Allocation Failure)
Event: 5.087 Executing VM operation: ParallelGCFailedAllocation (Allocation Failure) done

Memory protections (0 events):
No events

Nmethod flushes (0 events):
No events

Events (20 events):
Event: 1.682 Thread 0x0000024138d8f410 Thread added: 0x00000241974d06c0
Event: 1.924 Thread 0x0000024138d8f410 Thread added: 0x0000024197152960
Event: 1.959 Thread 0x0000024197152960 Thread added: 0x00000241979ec3a0
Event: 1.964 Thread 0x0000024138d8f410 Thread added: 0x00000241979ecdd0
Event: 2.432 Thread 0x00000241979ecdd0 Thread added: 0x00000241979a7e80
Event: 2.649 Thread 0x000002419707f6c0 Thread exited: 0x000002419707f6c0
Event: 2.870 Thread 0x00000241979ecdd0 Thread added: 0x0000024197b00650
Event: 2.953 Thread 0x000002419266e530 Thread added: 0x0000024197a98060
Event: 3.210 Thread 0x00000241979ecdd0 Thread added: 0x0000024197afadf0
Event: 3.259 Thread 0x0000024197a98060 Thread exited: 0x0000024197a98060
Event: 3.266 Thread 0x00000241928c0560 Thread exited: 0x00000241928c0560
Event: 3.630 Thread 0x00000241979ecdd0 Thread added: 0x0000024197feb680
Event: 3.696 Thread 0x00000241979ecdd0 Thread added: 0x0000024198092c30
Event: 3.725 Thread 0x00000241979ecdd0 Thread added: 0x00000241982c0820
Event: 3.757 Thread 0x000002419266e530 Thread added: 0x0000024198063810
Event: 4.230 Thread 0x000002419266e530 Thread added: 0x0000024198a5e440
Event: 4.653 Thread 0x0000024198a5e440 Thread exited: 0x0000024198a5e440
Event: 4.655 Thread 0x0000024198063810 Thread exited: 0x0000024198063810
Event: 4.978 Thread 0x000002419266e530 Thread added: 0x000002419834f390
Event: 4.978 Thread 0x000002419266e530 Thread added: 0x00000241988abb60


Dynamic libraries:
0x00007ff6c0390000 - 0x00007ff6c039e000 	c:\Users\Administrator\.vscode\extensions\redhat.java-1.51.0-win32-x64\jre\21.0.9-win32-x86_64\bin\java.exe
0x00007ff860790000 - 0x00007ff860988000 	C:\Windows\SYSTEM32\ntdll.dll
0x00007ff8600f0000 - 0x00007ff8601b2000 	C:\Windows\System32\KERNEL32.DLL
0x00007ff85e420000 - 0x00007ff85e716000 	C:\Windows\System32\KERNELBASE.dll
0x00007ff85e0f0000 - 0x00007ff85e1f0000 	C:\Windows\System32\ucrtbase.dll
0x00007ff85a090000 - 0x00007ff85a0a8000 	c:\Users\Administrator\.vscode\extensions\redhat.java-1.51.0-win32-x64\jre\21.0.9-win32-x86_64\bin\jli.dll
0x00007ff85ee80000 - 0x00007ff85f01d000 	C:\Windows\System32\USER32.dll
0x00007ff85de70000 - 0x00007ff85de92000 	C:\Windows\System32\win32u.dll
0x00007ff85a070000 - 0x00007ff85a08e000 	c:\Users\Administrator\.vscode\extensions\redhat.java-1.51.0-win32-x64\jre\21.0.9-win32-x86_64\bin\VCRUNTIME140.dll
0x00007ff85ed00000 - 0x00007ff85ed2b000 	C:\Windows\System32\GDI32.dll
0x00007ff85dfd0000 - 0x00007ff85e0e9000 	C:\Windows\System32\gdi32full.dll
0x00007ff85e220000 - 0x00007ff85e2bd000 	C:\Windows\System32\msvcp_win.dll
0x00007ff84af30000 - 0x00007ff84b1ca000 	C:\Windows\WinSxS\amd64_microsoft.windows.common-controls_6595b64144ccf1df_6.0.19041.5915_none_60b4b9d171f9c7c7\COMCTL32.dll
0x00007ff85eb40000 - 0x00007ff85ebde000 	C:\Windows\System32\msvcrt.dll
0x00007ff860050000 - 0x00007ff86007f000 	C:\Windows\System32\IMM32.DLL
0x00007ff85a3b0000 - 0x00007ff85a3bc000 	c:\Users\Administrator\.vscode\extensions\redhat.java-1.51.0-win32-x64\jre\21.0.9-win32-x86_64\bin\vcruntime140_1.dll
0x00007ff848df0000 - 0x00007ff848e7d000 	c:\Users\Administrator\.vscode\extensions\redhat.java-1.51.0-win32-x64\jre\21.0.9-win32-x86_64\bin\msvcp140.dll
0x00007fffdbc90000 - 0x00007fffdca30000 	c:\Users\Administrator\.vscode\extensions\redhat.java-1.51.0-win32-x64\jre\21.0.9-win32-x86_64\bin\server\jvm.dll
0x00007ff85edc0000 - 0x00007ff85ee71000 	C:\Windows\System32\ADVAPI32.dll
0x00007ff85ec00000 - 0x00007ff85ec9f000 	C:\Windows\System32\sechost.dll
0x00007ff85f8e0000 - 0x00007ff85fa03000 	C:\Windows\System32\RPCRT4.dll
0x00007ff85e1f0000 - 0x00007ff85e217000 	C:\Windows\System32\bcrypt.dll
0x00007ff860080000 - 0x00007ff8600eb000 	C:\Windows\System32\WS2_32.dll
0x00007ff85d3a0000 - 0x00007ff85d3eb000 	C:\Windows\SYSTEM32\POWRPROF.dll
0x00007ff84b590000 - 0x00007ff84b59a000 	C:\Windows\SYSTEM32\VERSION.dll
0x00007ff84b1d0000 - 0x00007ff84b1f7000 	C:\Windows\SYSTEM32\WINMM.dll
0x00007ff85d220000 - 0x00007ff85d232000 	C:\Windows\SYSTEM32\UMPDC.dll
0x00007ff85bca0000 - 0x00007ff85bcb2000 	C:\Windows\SYSTEM32\kernel.appcore.dll
0x00007ff856b70000 - 0x00007ff856b7a000 	c:\Users\Administrator\.vscode\extensions\redhat.java-1.51.0-win32-x64\jre\21.0.9-win32-x86_64\bin\jimage.dll
0x00007ff84b660000 - 0x00007ff84b861000 	C:\Windows\SYSTEM32\DBGHELP.DLL
0x00007ff848fe0000 - 0x00007ff849014000 	C:\Windows\SYSTEM32\dbgcore.DLL
0x00007ff85e720000 - 0x00007ff85e7a2000 	C:\Windows\System32\bcryptPrimitives.dll
0x00007ff855aa0000 - 0x00007ff855aaf000 	c:\Users\Administrator\.vscode\extensions\redhat.java-1.51.0-win32-x64\jre\21.0.9-win32-x86_64\bin\instrument.dll
0x00007ff84cdd0000 - 0x00007ff84cdf0000 	c:\Users\Administrator\.vscode\extensions\redhat.java-1.51.0-win32-x64\jre\21.0.9-win32-x86_64\bin\java.dll
0x00007ff85f150000 - 0x00007ff85f8be000 	C:\Windows\System32\SHELL32.dll
0x00007ff85bea0000 - 0x00007ff85c644000 	C:\Windows\SYSTEM32\windows.storage.dll
0x00007ff860280000 - 0x00007ff8605d3000 	C:\Windows\System32\combase.dll
0x00007ff85d850000 - 0x00007ff85d87b000 	C:\Windows\SYSTEM32\Wldp.dll
0x00007ff85ea10000 - 0x00007ff85eadd000 	C:\Windows\System32\OLEAUT32.dll
0x00007ff85e960000 - 0x00007ff85ea0d000 	C:\Windows\System32\SHCORE.dll
0x00007ff85eca0000 - 0x00007ff85ecfb000 	C:\Windows\System32\shlwapi.dll
0x00007ff85dd50000 - 0x00007ff85dd74000 	C:\Windows\SYSTEM32\profapi.dll
0x00007ff844f00000 - 0x00007ff844f18000 	c:\Users\Administrator\.vscode\extensions\redhat.java-1.51.0-win32-x64\jre\21.0.9-win32-x86_64\bin\zip.dll
0x00007ff84cdc0000 - 0x00007ff84cdd0000 	C:\Users\Administrator\.vscode\extensions\redhat.java-1.51.0-win32-x64\jre\21.0.9-win32-x86_64\bin\net.dll
0x00007ff857310000 - 0x00007ff85741a000 	C:\Windows\SYSTEM32\WINHTTP.dll
0x00007ff85d5b0000 - 0x00007ff85d61a000 	C:\Windows\system32\mswsock.dll
0x00007ff843210000 - 0x00007ff843226000 	C:\Users\Administrator\.vscode\extensions\redhat.java-1.51.0-win32-x64\jre\21.0.9-win32-x86_64\bin\nio.dll
0x00007ff848aa0000 - 0x00007ff848ab0000 	c:\Users\Administrator\.vscode\extensions\redhat.java-1.51.0-win32-x64\jre\21.0.9-win32-x86_64\bin\verify.dll
0x00007ff843000000 - 0x00007ff843044000 	C:\Users\Administrator\AppData\Roaming\Code\User\globalStorage\redhat.java\1.51.0\config_win\org.eclipse.equinox.launcher\org.eclipse.equinox.launcher.win32.win32.x86_64_1.2.1400.v20250801-0854\eclipse_11916.dll
0x00007ff85f020000 - 0x00007ff85f14b000 	C:\Windows\System32\ole32.dll
0x00007ff85d7b0000 - 0x00007ff85d7c8000 	C:\Windows\SYSTEM32\CRYPTSP.dll
0x00007ff85ce60000 - 0x00007ff85ce98000 	C:\Windows\system32\rsaenh.dll
0x00007ff85dcd0000 - 0x00007ff85dcfe000 	C:\Windows\SYSTEM32\USERENV.dll
0x00007ff85d7a0000 - 0x00007ff85d7ac000 	C:\Windows\SYSTEM32\CRYPTBASE.dll
0x00007ff85d240000 - 0x00007ff85d27b000 	C:\Windows\SYSTEM32\IPHLPAPI.DLL
0x00007ff85f8d0000 - 0x00007ff85f8d8000 	C:\Windows\System32\NSI.dll
0x00007ff842f60000 - 0x00007ff842fa9000 	C:\Users\Administrator\AppData\Local\Temp\jna-76643\jna15565246987575774829.dll
0x00007ff8605e0000 - 0x00007ff8605e8000 	C:\Windows\System32\PSAPI.DLL

JVMTI agents:
c:\Users\Administrator\.vscode\extensions\redhat.java-1.51.0-win32-x64\lombok\lombok-1.18.39-4050.jar path:c:\Users\Administrator\.vscode\extensions\redhat.java-1.51.0-win32-x64\jre\21.0.9-win32-x86_64\bin\instrument.dll, loaded, initialized, instrumentlib options:none

dbghelp: loaded successfully - version: 4.0.5 - missing functions: none
symbol engine: initialized successfully - sym options: 0x614 - pdb path: .;c:\Users\Administrator\.vscode\extensions\redhat.java-1.51.0-win32-x64\jre\21.0.9-win32-x86_64\bin;C:\Windows\SYSTEM32;C:\Windows\WinSxS\amd64_microsoft.windows.common-controls_6595b64144ccf1df_6.0.19041.5915_none_60b4b9d171f9c7c7;c:\Users\Administrator\.vscode\extensions\redhat.java-1.51.0-win32-x64\jre\21.0.9-win32-x86_64\bin\server;C:\Users\Administrator\AppData\Roaming\Code\User\globalStorage\redhat.java\1.51.0\config_win\org.eclipse.equinox.launcher\org.eclipse.equinox.launcher.win32.win32.x86_64_1.2.1400.v20250801-0854;C:\Users\Administrator\AppData\Local\Temp\jna-76643

VM Arguments:
jvm_args: --add-modules=ALL-SYSTEM --add-opens=java.base/java.util=ALL-UNNAMED --add-opens=java.base/java.lang=ALL-UNNAMED --add-opens=java.base/sun.nio.fs=ALL-UNNAMED -Declipse.application=org.eclipse.jdt.ls.core.id1 -Dosgi.bundles.defaultStartLevel=4 -Declipse.product=org.eclipse.jdt.ls.core.product -Djava.import.generatesMetadataFilesAtProjectRoot=false -DDetectVMInstallationsJob.disabled=true -Dfile.encoding=utf8 -XX:+UseParallelGC -XX:GCTimeRatio=4 -XX:AdaptiveSizePolicyWeight=90 -Dsun.zip.disableMemoryMapping=true -Xmx2G -Xms100m -Xlog:disable -javaagent:c:\Users\Administrator\.vscode\extensions\redhat.java-1.51.0-win32-x64\lombok\lombok-1.18.39-4050.jar -XX:+HeapDumpOnOutOfMemoryError -XX:HeapDumpPath=c:\Users\Administrator\AppData\Roaming\Code\User\workspaceStorage\3c9e6b34ad60457accf36ae64ad396a8\redhat.java -Daether.dependencyCollector.impl=bf 
java_command: c:\Users\Administrator\.vscode\extensions\redhat.java-1.51.0-win32-x64\server\plugins\org.eclipse.equinox.launcher_1.7.100.v20251111-0406.jar -configuration c:\Users\Administrator\AppData\Roaming\Code\User\globalStorage\redhat.java\1.51.0\config_win -data c:\Users\Administrator\AppData\Roaming\Code\User\workspaceStorage\3c9e6b34ad60457accf36ae64ad396a8\redhat.java\jdt_ws --pipe=\\.\pipe\lsp-ae6192ab0d7e6eff2c2cfe090a7c4dc8-sock
java_class_path (initial): c:\Users\Administrator\.vscode\extensions\redhat.java-1.51.0-win32-x64\server\plugins\org.eclipse.equinox.launcher_1.7.100.v20251111-0406.jar
Launcher Type: SUN_STANDARD

[Global flags]
    uintx AdaptiveSizePolicyWeight                 = 90                                        {product} {command line}
     intx CICompilerCount                          = 4                                         {product} {ergonomic}
    uintx GCTimeRatio                              = 4                                         {product} {command line}
     bool HeapDumpOnOutOfMemoryError               = true                                   {manageable} {command line}
    ccstr HeapDumpPath                             = c:\Users\Administrator\AppData\Roaming\Code\User\workspaceStorage\3c9e6b34ad60457accf36ae64ad396a8\redhat.java         {manageable} {command line}
   size_t InitialHeapSize                          = 104857600                                 {product} {command line}
   size_t MaxHeapSize                              = 2147483648                                {product} {command line}
   size_t MaxNewSize                               = 715653120                                 {product} {ergonomic}
   size_t MinHeapDeltaBytes                        = 524288                                    {product} {ergonomic}
   size_t MinHeapSize                              = 104857600                                 {product} {command line}
   size_t NewSize                                  = 34603008                                  {product} {ergonomic}
    uintx NonNMethodCodeHeapSize                   = 5839372                                {pd product} {ergonomic}
    uintx NonProfiledCodeHeapSize                  = 122909434                              {pd product} {ergonomic}
   size_t OldSize                                  = 70254592                                  {product} {ergonomic}
    uintx ProfiledCodeHeapSize                     = 122909434                              {pd product} {ergonomic}
    uintx ReservedCodeCacheSize                    = 251658240                              {pd product} {ergonomic}
     bool SegmentedCodeCache                       = true                                      {product} {ergonomic}
   size_t SoftMaxHeapSize                          = 2147483648                             {manageable} {ergonomic}
     bool UseCompressedOops                        = true                           {product lp64_product} {ergonomic}
     bool UseLargePagesIndividualAllocation        = false                                  {pd product} {ergonomic}
     bool UseParallelGC                            = true                                      {product} {command line}

Logging:
Log output configuration:
 #0: stdout all=off uptime,level,tags foldmultilines=false
 #1: stderr all=off uptime,level,tags foldmultilines=false

Release file:
JAVA_VERSION="21.0.9" 
MODULES="java.base java.compiler java.datatransfer java.xml java.prefs java.desktop java.instrument java.logging java.management java.security.sasl java.naming java.rmi java.management.rmi java.net.http java.scripting java.security.jgss java.transaction.xa java.sql java.sql.rowset java.xml.crypto java.se java.smartcardio jdk.accessibility jdk.internal.jvmstat jdk.attach jdk.charsets jdk.internal.opt jdk.zipfs jdk.compiler jdk.crypto.ec jdk.crypto.cryptoki jdk.crypto.mscapi jdk.dynalink jdk.internal.ed jdk.editpad jdk.hotspot.agent jdk.httpserver jdk.internal.le jdk.internal.vm.ci jdk.internal.vm.compiler jdk.internal.vm.compiler.management jdk.jartool jdk.javadoc jdk.jcmd jdk.management jdk.management.agent jdk.jconsole jdk.jdeps jdk.jdwp.agent jdk.jdi jdk.jfr jdk.jshell jdk.jsobject jdk.jstatd jdk.localedata jdk.management.jfr jdk.naming.dns jdk.naming.rmi jdk.net jdk.nio.mapmode jdk.random jdk.sctp jdk.security.auth jdk.security.jgss jdk.unsupported jdk.unsupported.desktop jdk.xml.dom" 

Environment Variables:
JAVA_HOME=C:\Program Files\Java\jdk-21
PATH=C:\Windows\system32;C:\Windows;C:\Windows\System32\Wbem;C:\Windows\System32\WindowsPowerShell\v1.0\;C:\Windows\System32\OpenSSH\;C:\Program Files (x86)\mingw-w64\i686-8.1.0-posix-dwarf-rt_v6-rev0\mingw32\bin;C:\Program Files\Microsoft SQL Server\Client SDK\ODBC\170\Tools\Binn\;C:\Program Files (x86)\Microsoft SQL Server\160\Tools\Binn\;C:\Program Files\Microsoft SQL Server\160\Tools\Binn\;C:\Program Files\Microsoft SQL Server\160\DTS\Binn\;C:\Program Files\MySQL\MySQL Server 5.7\bin;C:\Graphviz-12.2.1-win64\bin;C:\Program Files (x86)\Microsoft SQL Server\160\DTS\Binn\;C:\Program Files\Git\cmd;D:\flutter\flutter\bin;C:\Program Files\nodejs\;C:\Program Files\Java\jdk-21\bin;C:\apache-maven-3.9.11\bin;C:\Program Files\Cloudflare\Cloudflare WARP\;C:\Users\Administrator\AppData\Local\Microsoft\WindowsApps;C:\Users\Administrator\AppData\Local\Programs\Microsoft VS Code\bin;C:\Program Files\MySQL\MySQL Server 5.7\bin;C:\Users\Administrator\AppData\Roaming\npm;C:\Program Files\JetBrains\IntelliJ IDEA Community Edition 2025.2.4\bin
USERNAME=MSI
OS=Windows_NT
PROCESSOR_IDENTIFIER=Intel64 Family 6 Model 165 Stepping 2, GenuineIntel
TMP=C:\Users\ADMINI~1\AppData\Local\Temp
TEMP=C:\Users\ADMINI~1\AppData\Local\Temp




Periodic native trim disabled

---------------  S Y S T E M  ---------------

OS:
 Windows 10 , 64 bit Build 19041 (10.0.19041.5915)
OS uptime: 0 days 1:18 hours

CPU: total 12 (initial active 12) (6 cores per cpu, 2 threads per core) family 6 model 165 stepping 2 microcode 0xe2, cx8, cmov, fxsr, ht, mmx, 3dnowpref, sse, sse2, sse3, ssse3, sse4.1, sse4.2, popcnt, lzcnt, tsc, tscinvbit, avx, avx2, aes, erms, clmul, bmi1, bmi2, adx, fma, vzeroupper, clflush, clflushopt, rdtscp, f16c, pku
Processor Information for the first 12 processors :
  Max Mhz: 2592, Current Mhz: 2592, Mhz Limit: 2592

Memory: 4k page, system-wide physical 8013M (812M free)
TotalPageFile size 12109M (AvailPageFile size 5M)
current process WorkingSet (physical memory assigned to process): 169M, peak: 170M
current process commit charge ("private bytes"): 304M, peak: 306M

vm_info: OpenJDK 64-Bit Server VM (21.0.9+10-LTS) for windows-amd64 JRE (21.0.9+10-LTS), built on 2025-10-21T00:00:00Z by "admin" with unknown MS VC++:1942

END.
