#
# There is insufficient memory for the Java Runtime Environment to continue.
# Native memory allocation (mmap) failed to map 65536 bytes for Failed to commit metaspace.
# Possible reasons:
#   The system is out of physical RAM or swap space
#   In 32 bit mode, the process size limit was hit
# Possible solutions:
#   Reduce memory load on the system
#   Increase physical memory or swap space
#   Check if swap backing store is full
#   Use 64 bit Java on a 64 bit OS
#   Decrease Java heap size (-Xmx/-Xms)
#   Decrease number of Java threads
#   Decrease Java thread stack sizes (-Xss)
#   Set larger code cache with -XX:ReservedCodeCacheSize=
# This output file may be truncated or incomplete.
#
#  Out of Memory Error (virtualSpaceNode.cpp:110), pid=4468, tid=2600
#
# JRE version: OpenJDK Runtime Environment Temurin-17.0.8.1+1 (17.0.8.1+1) (build 17.0.8.1+1)
# Java VM: OpenJDK Client VM Temurin-17.0.8.1+1 (17.0.8.1+1, mixed mode, emulated-client, serial gc, windows-x86)
# No core dump will be written. Minidumps are not enabled by default on client versions of Windows
#

---------------  S U M M A R Y ------------

Command Line: -javaagent:C:\Program Files\JetBrains\IntelliJ IDEA Community Edition 2025.2.4\lib\idea_rt.jar=61781 -Dfile.encoding=UTF-8 com.hotel.discovery.DiscoveryServerApplication

Host: Intel(R) Core(TM) i7-10750H CPU @ 2.60GHz, 12 cores, 7G,  Windows 10 , 64 bit Build 19041 (10.0.19041.5915)
Time: Fri Jan  9 10:04:21 2026 SE Asia Standard Time elapsed time: 3.754048 seconds (0d 0h 0m 3s)

---------------  T H R E A D  ---------------

Current thread (0x03450928):  JavaThread "main" [_thread_in_vm, id=2600, stack(0x02bd0000,0x02c20000)]

Stack: [0x02bd0000,0x02c20000]
Java frames: (J=compiled Java code, j=interpreted, Vv=VM code)
j  sun.util.calendar.ZoneInfoFile.getZoneInfo(Ljava/io/DataInput;Ljava/lang/String;)Lsun/util/calendar/ZoneInfo;+178 java.base@17.0.8.1
j  sun.util.calendar.ZoneInfoFile.getZoneInfo0(Ljava/lang/String;)Lsun/util/calendar/ZoneInfo;+92 java.base@17.0.8.1
j  sun.util.calendar.ZoneInfoFile.getZoneInfo(Ljava/lang/String;)Lsun/util/calendar/ZoneInfo;+7 java.base@17.0.8.1
j  sun.util.calendar.ZoneInfo.getTimeZone(Ljava/lang/String;)Ljava/util/TimeZone;+1 java.base@17.0.8.1
j  java.util.TimeZone.getTimeZone(Ljava/lang/String;Z)Ljava/util/TimeZone;+1 java.base@17.0.8.1
j  java.util.TimeZone.getTimeZone(Ljava/lang/String;)Ljava/util/TimeZone;+2 java.base@17.0.8.1
j  sun.util.cldr.CLDRTimeZoneNameProviderImpl.deriveFallbackNames([Ljava/lang/String;Ljava/util/Locale;)V+3 java.base@17.0.8.1
j  sun.util.cldr.CLDRTimeZoneNameProviderImpl.getZoneStrings(Ljava/util/Locale;)[[Ljava/lang/String;+19 java.base@17.0.8.1
j  sun.util.locale.provider.TimeZoneNameUtility.loadZoneStrings(Ljava/util/Locale;)[[Ljava/lang/String;+24 java.base@17.0.8.1
j  sun.util.locale.provider.TimeZoneNameUtility.getZoneStrings(Ljava/util/Locale;)[[Ljava/lang/String;+28 java.base@17.0.8.1
j  java.text.DateFormatSymbols.getZoneStringsImpl(Z)[[Ljava/lang/String;+12 java.base@17.0.8.1
j  java.text.DateFormatSymbols.getZoneStringsWrapper()[[Ljava/lang/String;+14 java.base@17.0.8.1
j  java.text.DateFormatSymbols.getZoneIndex(Ljava/lang/String;)I+1 java.base@17.0.8.1
j  java.text.SimpleDateFormat.subParseZoneString(Ljava/lang/String;ILjava/text/CalendarBuilder;)I+18 java.base@17.0.8.1
j  java.text.SimpleDateFormat.subParse(Ljava/lang/String;IIIZ[ZLjava/text/ParsePosition;ZLjava/text/CalendarBuilder;)I+1433 java.base@17.0.8.1
j  java.text.SimpleDateFormat.parse(Ljava/lang/String;Ljava/text/ParsePosition;)Ljava/util/Date;+349 java.base@17.0.8.1
j  java.text.DateFormat.parse(Ljava/lang/String;)Ljava/util/Date;+12 java.base@17.0.8.1
j  com.thoughtworks.xstream.core.JVM.<clinit>()V+746
v  ~StubRoutines::call_stub
j  com.thoughtworks.xstream.core.util.CompositeClassLoader.<clinit>()V+2
v  ~StubRoutines::call_stub
j  com.thoughtworks.xstream.XStream.<init>(Lcom/thoughtworks/xstream/converters/reflection/ReflectionProvider;Lcom/thoughtworks/xstream/mapper/Mapper;Lcom/thoughtworks/xstream/io/HierarchicalStreamDriver;)V+3
j  com.thoughtworks.xstream.XStream.<init>(Lcom/thoughtworks/xstream/io/HierarchicalStreamDriver;)V+7
j  com.netflix.discovery.converters.XmlXStream.<init>()V+12
j  com.netflix.discovery.converters.XmlXStream.<clinit>()V+4
v  ~StubRoutines::call_stub
j  com.netflix.discovery.converters.wrappers.CodecWrappers$XStreamXml.<init>()V+5
j  com.netflix.discovery.converters.wrappers.CodecWrappers.create(Ljava/lang/String;)Lcom/netflix/discovery/converters/wrappers/CodecWrapper;+136
j  com.netflix.discovery.converters.wrappers.CodecWrappers.getEncoder(Ljava/lang/String;)Lcom/netflix/discovery/converters/wrappers/EncoderWrapper;+19
j  com.netflix.discovery.converters.wrappers.CodecWrappers.getEncoder(Ljava/lang/Class;)Lcom/netflix/discovery/converters/wrappers/EncoderWrapper;+4
j  com.netflix.discovery.provider.DiscoveryJerseyProvider.<init>(Lcom/netflix/discovery/converters/wrappers/EncoderWrapper;Lcom/netflix/discovery/converters/wrappers/DecoderWrapper;)V+123
j  com.netflix.discovery.provider.DiscoveryJerseyProvider.<init>()V+3
v  ~StubRoutines::call_stub
J 1750  jdk.internal.reflect.NativeConstructorAccessorImpl.newInstance0(Ljava/lang/reflect/Constructor;[Ljava/lang/Object;)Ljava/lang/Object; java.base@17.0.8.1 (0 bytes) @ 0x03791dc7 [0x03791d60+0x00000067]
J 1749 c1 jdk.internal.reflect.NativeConstructorAccessorImpl.newInstance([Ljava/lang/Object;)Ljava/lang/Object; java.base@17.0.8.1 (122 bytes) @ 0x03792764 [0x03792570+0x000001f4]
J 1721 c1 jdk.internal.reflect.DelegatingConstructorAccessorImpl.newInstance([Ljava/lang/Object;)Ljava/lang/Object; java.base@17.0.8.1 (9 bytes) @ 0x03786d88 [0x03786d60+0x00000028]
J 1719 c1 java.lang.reflect.Constructor.newInstanceWithCaller([Ljava/lang/Object;ZLjava/lang/Class;)Ljava/lang/Object; java.base@17.0.8.1 (75 bytes) @ 0x0378676c [0x037866d0+0x0000009c]
J 1532 c1 java.lang.reflect.Constructor.newInstance([Ljava/lang/Object;)Ljava/lang/Object; java.base@17.0.8.1 (34 bytes) @ 0x03749360 [0x037492f0+0x00000070]
j  org.glassfish.hk2.utilities.reflection.ReflectionHelper.makeMe(Ljava/lang/reflect/Constructor;[Ljava/lang/Object;Z)Ljava/lang/Object;+12
j  org.jvnet.hk2.internal.ClazzCreator.createMe(Ljava/util/Map;)Ljava/lang/Object;+157
j  org.jvnet.hk2.internal.ClazzCreator.create(Lorg/glassfish/hk2/api/ServiceHandle;Lorg/jvnet/hk2/internal/SystemDescriptor;)Ljava/lang/Object;+46
j  org.jvnet.hk2.internal.SystemDescriptor.create(Lorg/glassfish/hk2/api/ServiceHandle;)Ljava/lang/Object;+83
j  org.jvnet.hk2.internal.SingletonContext$1.compute(Lorg/glassfish/hk2/utilities/ContextualInput;)Ljava/lang/Object;+23
j  org.jvnet.hk2.internal.SingletonContext$1.compute(Ljava/lang/Object;)Ljava/lang/Object;+5
j  org.glassfish.hk2.utilities.cache.Cache$OriginThreadAwareFuture$1.call()Ljava/lang/Object;+14
j  java.util.concurrent.FutureTask.run()V+39 java.base@17.0.8.1
j  org.glassfish.hk2.utilities.cache.Cache$OriginThreadAwareFuture.run()V+4
j  org.glassfish.hk2.utilities.cache.Cache.compute(Ljava/lang/Object;)Ljava/lang/Object;+47
j  org.jvnet.hk2.internal.SingletonContext.findOrCreate(Lorg/glassfish/hk2/api/ActiveDescriptor;Lorg/glassfish/hk2/api/ServiceHandle;)Ljava/lang/Object;+13
j  org.jvnet.hk2.internal.Utilities.createService(Lorg/glassfish/hk2/api/ActiveDescriptor;Lorg/glassfish/hk2/api/Injectee;Lorg/jvnet/hk2/internal/ServiceLocatorImpl;Lorg/glassfish/hk2/api/ServiceHandle;Ljava/lang/Class;)Ljava/lang/Object;+182
j  org.jvnet.hk2.internal.ServiceHandleImpl.getService(Lorg/glassfish/hk2/api/ServiceHandle;)Ljava/lang/Object;+119
j  org.jvnet.hk2.internal.ServiceHandleImpl.getService()Ljava/lang/Object;+2
j  org.glassfish.jersey.inject.hk2.AbstractHk2InjectionManager.lambda$getAllServiceHolders$0(Lorg/glassfish/hk2/api/ServiceHandle;)Lorg/glassfish/jersey/internal/inject/ServiceHolderImpl;+5
j  org.glassfish.jersey.inject.hk2.AbstractHk2InjectionManager$$Lambda$849+0x18d3b958.apply(Ljava/lang/Object;)Ljava/lang/Object;+4
J 1207 c1 java.util.stream.ReferencePipeline$3$1.accept(Ljava/lang/Object;)V java.base@17.0.8.1 (23 bytes) @ 0x036f62e4 [0x036f62b0+0x00000034]
j  java.util.LinkedList$LLSpliterator.forEachRemaining(Ljava/util/function/Consumer;)V+54 java.base@17.0.8.1
J 1521 c1 java.util.stream.AbstractPipeline.copyInto(Ljava/util/stream/Sink;Ljava/util/Spliterator;)V java.base@17.0.8.1 (54 bytes) @ 0x03746f84 [0x03746ef0+0x00000094]
J 1520 c1 java.util.stream.AbstractPipeline.wrapAndCopyInto(Ljava/util/stream/Sink;Ljava/util/Spliterator;)Ljava/util/stream/Sink; java.base@17.0.8.1 (18 bytes) @ 0x03746b90 [0x03746b00+0x00000090]
J 3862 c1 java.util.stream.ReduceOps$ReduceOp.evaluateSequential(Ljava/util/stream/PipelineHelper;Ljava/util/Spliterator;)Ljava/lang/Object; java.base@17.0.8.1 (18 bytes) @ 0x03a322d4 [0x03a32290+0x00000044]
J 2003 c1 java.util.stream.AbstractPipeline.evaluate(Ljava/util/stream/TerminalOp;)Ljava/lang/Object; java.base@17.0.8.1 (94 bytes) @ 0x037de304 [0x037de240+0x000000c4]
J 2361 c1 java.util.stream.ReferencePipeline.collect(Ljava/util/stream/Collector;)Ljava/lang/Object; java.base@17.0.8.1 (124 bytes) @ 0x03856704 [0x03856600+0x00000104]
j  org.glassfish.jersey.inject.hk2.AbstractHk2InjectionManager.getAllServiceHolders(Ljava/lang/Class;[Ljava/lang/annotation/Annotation;)Ljava/util/List;+29
j  org.glassfish.jersey.inject.hk2.ImmediateHk2InjectionManager.getAllServiceHolders(Ljava/lang/Class;[Ljava/lang/annotation/Annotation;)Ljava/util/List;+3
j  org.glassfish.jersey.internal.inject.Providers.getServiceHolders(Lorg/glassfish/jersey/internal/inject/InjectionManager;Ljava/lang/Class;Ljava/util/Comparator;[Ljava/lang/annotation/Annotation;)Ljava/util/List;+3
j  org.glassfish.jersey.internal.inject.Providers.getCustomProviders(Lorg/glassfish/jersey/internal/inject/InjectionManager;Ljava/lang/Class;)Ljava/util/Set;+20
j  org.glassfish.jersey.message.internal.MessageBodyFactory.initialize(Lorg/glassfish/jersey/internal/inject/InjectionManager;)V+19
j  org.glassfish.jersey.message.internal.MessageBodyFactory$MessageBodyWorkersConfigurator.postInit(Lorg/glassfish/jersey/internal/inject/InjectionManager;Lorg/glassfish/jersey/internal/BootstrapBag;)V+5
j  org.glassfish.jersey.server.ApplicationHandler.lambda$initialize$2(Lorg/glassfish/jersey/internal/inject/InjectionManager;Lorg/glassfish/jersey/server/ServerBootstrapBag;Lorg/glassfish/jersey/internal/BootstrapConfigurator;)V+3
j  org.glassfish.jersey.server.ApplicationHandler$$Lambda$840+0x18d316d0.accept(Ljava/lang/Object;)V+12
j  java.util.Arrays$ArrayList.forEach(Ljava/util/function/Consumer;)V+31 java.base@17.0.8.1
j  org.glassfish.jersey.server.ApplicationHandler.initialize(Lorg/glassfish/jersey/internal/inject/InjectionManager;Ljava/util/List;Lorg/glassfish/jersey/server/ServerBootstrapBag;)Lorg/glassfish/jersey/server/ServerRuntime;+230
j  org.glassfish.jersey.server.ApplicationHandler.lambda$initialize$1(Lorg/glassfish/jersey/internal/inject/InjectionManager;Ljava/util/List;Lorg/glassfish/jersey/server/ServerBootstrapBag;)Lorg/glassfish/jersey/server/ServerRuntime;+4
j  org.glassfish.jersey.server.ApplicationHandler$$Lambda$789+0x18b1f770.call()Ljava/lang/Object;+16
j  org.glassfish.jersey.internal.Errors.process(Ljava/util/concurrent/Callable;Z)Ljava/lang/Object;+36
j  org.glassfish.jersey.internal.Errors.process(Lorg/glassfish/jersey/internal/util/Producer;Z)Ljava/lang/Object;+2
j  org.glassfish.jersey.internal.Errors.processWithException(Lorg/glassfish/jersey/internal/util/Producer;)Ljava/lang/Object;+2
j  org.glassfish.jersey.server.ApplicationHandler.initialize(Lorg/glassfish/jersey/server/ApplicationConfigurator;Lorg/glassfish/jersey/internal/inject/InjectionManager;Lorg/glassfish/jersey/internal/inject/Binder;)V+321
j  org.glassfish.jersey.server.ApplicationHandler.<init>(Ljakarta/ws/rs/core/Application;Lorg/glassfish/jersey/internal/inject/Binder;Ljava/lang/Object;)V+18
j  org.glassfish.jersey.servlet.WebComponent.<init>(Lorg/glassfish/jersey/servlet/WebConfig;Lorg/glassfish/jersey/server/ResourceConfig;)V+176
j  org.glassfish.jersey.servlet.ServletContainer.init(Lorg/glassfish/jersey/servlet/WebConfig;)V+10
j  org.glassfish.jersey.servlet.ServletContainer.init(Ljakarta/servlet/FilterConfig;)V+14
j  org.apache.catalina.core.ApplicationFilterConfig.initFilter()V+99
j  org.apache.catalina.core.ApplicationFilterConfig.<init>(Lorg/apache/catalina/Context;Lorg/apache/tomcat/util/descriptor/web/FilterDef;)V+67
j  org.apache.catalina.core.StandardContext.filterStart()Z+132
j  org.apache.catalina.core.StandardContext.startInternal()V+1182
j  org.apache.catalina.util.LifecycleBase.start()V+210
j  org.apache.catalina.core.ContainerBase$StartChild.call()Ljava/lang/Void;+4
j  org.apache.catalina.core.ContainerBase$StartChild.call()Ljava/lang/Object;+1
j  java.util.concurrent.FutureTask.run()V+39 java.base@17.0.8.1
j  org.apache.tomcat.util.threads.InlineExecutorService.execute(Ljava/lang/Runnable;)V+38
j  java.util.concurrent.AbstractExecutorService.submit(Ljava/util/concurrent/Callable;)Ljava/util/concurrent/Future;+20 java.base@17.0.8.1
j  org.apache.catalina.core.ContainerBase.startInternal()V+116
j  org.apache.catalina.core.StandardHost.startInternal()V+177
j  org.apache.catalina.util.LifecycleBase.start()V+210
j  org.apache.catalina.core.ContainerBase$StartChild.call()Ljava/lang/Void;+4
j  org.apache.catalina.core.ContainerBase$StartChild.call()Ljava/lang/Object;+1
j  java.util.concurrent.FutureTask.run()V+39 java.base@17.0.8.1
j  org.apache.tomcat.util.threads.InlineExecutorService.execute(Ljava/lang/Runnable;)V+38
j  java.util.concurrent.AbstractExecutorService.submit(Ljava/util/concurrent/Callable;)Ljava/util/concurrent/Future;+20 java.base@17.0.8.1
j  org.apache.catalina.core.ContainerBase.startInternal()V+116
j  org.apache.catalina.core.StandardEngine.startInternal()V+38
j  org.apache.catalina.util.LifecycleBase.start()V+210
j  org.apache.catalina.core.StandardService.startInternal()V+63
j  org.apache.catalina.util.LifecycleBase.start()V+210
j  org.apache.catalina.core.StandardServer.startInternal()V+94
j  org.apache.catalina.util.LifecycleBase.start()V+210
j  org.apache.catalina.startup.Tomcat.start()V+9
j  org.springframework.boot.web.embedded.tomcat.TomcatWebServer.initialize()V+55
j  org.springframework.boot.web.embedded.tomcat.TomcatWebServer.<init>(Lorg/apache/catalina/startup/Tomcat;ZLorg/springframework/boot/web/server/Shutdown;)V+66
j  org.springframework.boot.web.embedded.tomcat.TomcatServletWebServerFactory.getTomcatWebServer(Lorg/apache/catalina/startup/Tomcat;)Lorg/springframework/boot/web/embedded/tomcat/TomcatWebServer;+21
j  org.springframework.boot.web.embedded.tomcat.TomcatServletWebServerFactory.getWebServer([Lorg/springframework/boot/web/servlet/ServletContextInitializer;)Lorg/springframework/boot/web/server/WebServer;+212
j  org.springframework.boot.web.servlet.context.ServletWebServerApplicationContext.createWebServer()V+67
j  org.springframework.boot.web.servlet.context.ServletWebServerApplicationContext.onRefresh()V+5
j  org.springframework.context.support.AbstractApplicationContext.refresh()V+85
j  org.springframework.boot.web.servlet.context.ServletWebServerApplicationContext.refresh()V+1
j  org.springframework.boot.SpringApplication.refresh(Lorg/springframework/context/ConfigurableApplicationContext;)V+1
j  org.springframework.boot.SpringApplication.refreshContext(Lorg/springframework/context/ConfigurableApplicationContext;)V+16
j  org.springframework.boot.SpringApplication.run([Ljava/lang/String;)Lorg/springframework/context/ConfigurableApplicationContext;+110
j  org.springframework.boot.SpringApplication.run([Ljava/lang/Class;[Ljava/lang/String;)Lorg/springframework/context/ConfigurableApplicationContext;+9
j  org.springframework.boot.SpringApplication.run(Ljava/lang/Class;[Ljava/lang/String;)Lorg/springframework/context/ConfigurableApplicationContext;+9
j  com.hotel.discovery.DiscoveryServerApplication.main([Ljava/lang/String;)V+3
v  ~StubRoutines::call_stub

---------------  P R O C E S S  ---------------

Threads class SMR info:
_java_thread_list=0x1907d428, length=13, elements={
0x03450928, 0x03087118, 0x03088c08, 0x030c0b80,
0x030c1798, 0x030c23b0, 0x030c3698, 0x030a46c0,
0x030a92f0, 0x034e7b98, 0x15e1ea60, 0x1705a0a8,
0x17403e00
}

Java Threads: ( => current thread )
=>0x03450928 JavaThread "main" [_thread_in_vm, id=2600, stack(0x02bd0000,0x02c20000)]
  0x03087118 JavaThread "Reference Handler" daemon [_thread_blocked, id=14348, stack(0x03340000,0x03390000)]
  0x03088c08 JavaThread "Finalizer" daemon [_thread_blocked, id=13092, stack(0x033d0000,0x03420000)]
  0x030c0b80 JavaThread "Signal Dispatcher" daemon [_thread_blocked, id=9796, stack(0x05560000,0x055b0000)]
  0x030c1798 JavaThread "Attach Listener" daemon [_thread_blocked, id=11456, stack(0x15700000,0x15750000)]
  0x030c23b0 JavaThread "Service Thread" daemon [_thread_blocked, id=1812, stack(0x15790000,0x157e0000)]
  0x030c3698 JavaThread "Monitor Deflation Thread" daemon [_thread_blocked, id=9144, stack(0x15820000,0x15870000)]
  0x030a46c0 JavaThread "C1 CompilerThread0" daemon [_thread_blocked, id=15860, stack(0x158b0000,0x15900000)]
  0x030a92f0 JavaThread "Sweeper thread" daemon [_thread_blocked, id=11156, stack(0x15940000,0x15990000)]
  0x034e7b98 JavaThread "Common-Cleaner" daemon [_thread_blocked, id=10932, stack(0x159d0000,0x15a20000)]
  0x15e1ea60 JavaThread "Monitor Ctrl-Break" daemon [_thread_in_native, id=16200, stack(0x15e60000,0x15eb0000)]
  0x1705a0a8 JavaThread "Notification Thread" daemon [_thread_blocked, id=2456, stack(0x15ef0000,0x15f40000)]
  0x17403e00 JavaThread "spring.cloud.inetutils" daemon [_thread_in_native, id=13292, stack(0x17990000,0x179e0000)]

Other Threads:
  0x0350eca8 VMThread "VM Thread" [stack: 0x032b0000,0x03300000] [id=2616]
  0x1705a7b8 WatcherThread [stack: 0x15f80000,0x15fd0000] [id=15316]

Threads with active compile tasks:

VM state: not at safepoint (normal execution)

VM Mutex/Monitor currently owned by a thread:  ([mutex/lock_event])
[0x0142ddb8] Metaspace_lock - owner thread: 0x03450928

GC Precious Log:
 CPUs: 12 total, 12 available
 Memory: 8013M
 Large Page Support: Disabled
 NUMA Support: Disabled
 Compressed Oops: Disabled
 Heap Min Capacity: 6M
 Heap Initial Capacity: 16M
 Heap Max Capacity: 256M
 Pre-touch: Disabled

Heap:
 def new generation   total 11776K, used 6640K [0x05600000, 0x062c0000, 0x0ab50000)
  eden space 10496K,  54% used [0x05600000, 0x05b91210, 0x06040000)
  from space 1280K,  73% used [0x06180000, 0x0626af98, 0x062c0000)
  to   space 1280K,   0% used [0x06040000, 0x06040000, 0x06180000)
 tenured generation   total 25992K, used 18707K [0x0ab50000, 0x0c4b2000, 0x15600000)
   the space 25992K,  71% used [0x0ab50000, 0x0bd94d28, 0x0bd94e00, 0x0c4b2000)
 Metaspace       used 29868K, committed 30144K, reserved 32768K

Card table byte_map: [0x02f80000,0x03010000] _byte_map_base: 0x02f55000

Polling page: 0x01300000

Metaspace:

Usage:
   29.17 MB used.

Virtual space:
     32.00 MB reserved,      29.44 MB ( 92%) committed,  2 nodes.

Chunk freelists:
2.55 MB

MaxMetaspaceSize: unlimited
No class space
Initial GC threshold: 16.00 MB
Current GC threshold: 37.31 MB
CDS: off
MetaspaceReclaimPolicy: balanced
 - commit_granule_bytes: 65536.
 - commit_granule_words: 16384.
 - virtual_space_node_default_size: 4194304.
 - enlarge_chunks_in_place: 1.
 - new_chunks_are_fully_committed: 0.
 - uncommit_free_chunks: 1.
 - use_allocation_guard: 0.
 - handle_deallocations: 1.


Internal statistics:

num_allocs_failed_limit: 3.
num_arena_births: 310.
num_arena_deaths: 0.
num_vsnodes_births: 2.
num_vsnodes_deaths: 0.
num_space_committed: 471.
num_space_uncommitted: 0.
num_chunks_returned_to_freelist: 3.
num_chunks_taken_from_freelist: 1167.
num_chunk_merges: 3.
num_chunk_splits: 879.
num_chunks_enlarged: 769.
num_inconsistent_stats: 0.

CodeCache: size=32768Kb used=5340Kb max_used=5340Kb free=27427Kb
 bounds [0x03520000, 0x03a58000, 0x05520000]
 total_blobs=4219 nmethods=3985 adapters=165
 compilation: enabled
              stopped_count=0, restarted_count=0
 full_count=0

Compilation events (20 events):
Event: 3.744 Thread 0x030a46c0 3977             java.lang.reflect.Method::setMethodAccessor (21 bytes)
Event: 3.744 Thread 0x030a46c0 nmethod 3977 0x03a54cc8 code [0x03a54de0, 0x03a54eec]
Event: 3.744 Thread 0x030a46c0 3976             jdk.internal.reflect.NativeMethodAccessorImpl::setParent (6 bytes)
Event: 3.744 Thread 0x030a46c0 nmethod 3976 0x03a54f88 code [0x03a55090, 0x03a55150]
Event: 3.751 Thread 0x030a46c0 3978             java.util.HashMap::afterNodeRemoval (1 bytes)
Event: 3.751 Thread 0x030a46c0 nmethod 3978 0x03a55188 code [0x03a55290, 0x03a55340]
Event: 3.751 Thread 0x030a46c0 3979             java.util.ResourceBundle::getObject (82 bytes)
Event: 3.752 Thread 0x030a46c0 nmethod 3979 0x03a55388 code [0x03a55540, 0x03a55930]
Event: 3.752 Thread 0x030a46c0 3980             sun.util.resources.OpenListResourceBundle::loadLookupTablesIfNecessary (12 bytes)
Event: 3.752 Thread 0x030a46c0 nmethod 3980 0x03a55bc8 code [0x03a55ce0, 0x03a55dac]
Event: 3.752 Thread 0x030a46c0 3981             sun.util.resources.TimeZoneNamesBundle::handleGetObject (49 bytes)
Event: 3.752 Thread 0x030a46c0 nmethod 3981 0x03a55e08 code [0x03a55f60, 0x03a562d0]
Event: 3.752 Thread 0x030a46c0 3982             java.util.ResourceBundle::getStringArray (9 bytes)
Event: 3.752 Thread 0x030a46c0 nmethod 3982 0x03a56488 code [0x03a565a0, 0x03a5668c]
Event: 3.752 Thread 0x030a46c0 3983             sun.util.resources.OpenListResourceBundle::handleGetObject (27 bytes)
Event: 3.752 Thread 0x030a46c0 nmethod 3983 0x03a56708 code [0x03a56840, 0x03a569b4]
Event: 3.752 Thread 0x030a46c0 3984  s          java.io.ByteArrayInputStream::read (36 bytes)
Event: 3.752 Thread 0x030a46c0 nmethod 3984 0x03a56a88 code [0x03a56ba0, 0x03a56d30]
Event: 3.752 Thread 0x030a46c0 3985             java.io.DataInputStream::readByte (23 bytes)
Event: 3.752 Thread 0x030a46c0 nmethod 3985 0x03a56e08 code [0x03a56f30, 0x03a57088]

GC Heap History (20 events):
Event: 2.830 GC heap before
{Heap before GC invocations=25 (full 1):
 def new generation   total 7168K, used 6880K [0x05600000, 0x05dc0000, 0x0ab50000)
  eden space 6400K, 100% used [0x05600000, 0x05c40000, 0x05c40000)
  from space 768K,  62% used [0x05c40000, 0x05cb8098, 0x05d00000)
  to   space 768K,   0% used [0x05d00000, 0x05d00000, 0x05dc0000)
 tenured generation   total 15840K, used 14803K [0x0ab50000, 0x0bac8000, 0x15600000)
   the space 15840K,  93% used [0x0ab50000, 0x0b9c4e08, 0x0b9c5000, 0x0bac8000)
 Metaspace       used 22027K, committed 22272K, reserved 32768K
}
Event: 2.833 GC heap after
{Heap after GC invocations=26 (full 1):
 def new generation   total 7168K, used 741K [0x05600000, 0x05dc0000, 0x0ab50000)
  eden space 6400K,   0% used [0x05600000, 0x05600000, 0x05c40000)
  from space 768K,  96% used [0x05d00000, 0x05db94a8, 0x05dc0000)
  to   space 768K,   0% used [0x05c40000, 0x05c40000, 0x05d00000)
 tenured generation   total 15840K, used 15244K [0x0ab50000, 0x0bac8000, 0x15600000)
   the space 15840K,  96% used [0x0ab50000, 0x0ba33040, 0x0ba33200, 0x0bac8000)
 Metaspace       used 22027K, committed 22272K, reserved 32768K
}
Event: 2.936 GC heap before
{Heap before GC invocations=26 (full 1):
 def new generation   total 7168K, used 7141K [0x05600000, 0x05dc0000, 0x0ab50000)
  eden space 6400K, 100% used [0x05600000, 0x05c40000, 0x05c40000)
  from space 768K,  96% used [0x05d00000, 0x05db94a8, 0x05dc0000)
  to   space 768K,   0% used [0x05c40000, 0x05c40000, 0x05d00000)
 tenured generation   total 15840K, used 15244K [0x0ab50000, 0x0bac8000, 0x15600000)
   the space 15840K,  96% used [0x0ab50000, 0x0ba33040, 0x0ba33200, 0x0bac8000)
 Metaspace       used 22678K, committed 22912K, reserved 32768K
}
Event: 2.939 GC heap after
{Heap after GC invocations=27 (full 1):
 def new generation   total 7168K, used 662K [0x05600000, 0x05dc0000, 0x0ab50000)
  eden space 6400K,   0% used [0x05600000, 0x05600000, 0x05c40000)
  from space 768K,  86% used [0x05c40000, 0x05ce5bb0, 0x05d00000)
  to   space 768K,   0% used [0x05d00000, 0x05d00000, 0x05dc0000)
 tenured generation   total 15968K, used 15964K [0x0ab50000, 0x0bae8000, 0x15600000)
   the space 15968K,  99% used [0x0ab50000, 0x0bae71e8, 0x0bae7200, 0x0bae8000)
 Metaspace       used 22678K, committed 22912K, reserved 32768K
}
Event: 2.939 GC heap before
{Heap before GC invocations=27 (full 1):
 def new generation   total 7168K, used 662K [0x05600000, 0x05dc0000, 0x0ab50000)
  eden space 6400K,   0% used [0x05600000, 0x05600000, 0x05c40000)
  from space 768K,  86% used [0x05c40000, 0x05ce5bb0, 0x05d00000)
  to   space 768K,   0% used [0x05d00000, 0x05d00000, 0x05dc0000)
 tenured generation   total 15968K, used 15964K [0x0ab50000, 0x0bae8000, 0x15600000)
   the space 15968K,  99% used [0x0ab50000, 0x0bae71e8, 0x0bae7200, 0x0bae8000)
 Metaspace       used 22678K, committed 22912K, reserved 32768K
}
Event: 2.960 GC heap after
{Heap after GC invocations=27 (full 2):
 def new generation   total 11776K, used 0K [0x05600000, 0x062c0000, 0x0ab50000)
  eden space 10496K,   0% used [0x05600000, 0x05600000, 0x06040000)
  from space 1280K,   0% used [0x06040000, 0x06040000, 0x06180000)
  to   space 1280K,   0% used [0x06180000, 0x06180000, 0x062c0000)
 tenured generation   total 25992K, used 15594K [0x0ab50000, 0x0c4b2000, 0x15600000)
   the space 25992K,  59% used [0x0ab50000, 0x0ba8a820, 0x0ba8aa00, 0x0c4b2000)
 Metaspace       used 22678K, committed 22912K, reserved 32768K
}
Event: 3.087 GC heap before
{Heap before GC invocations=27 (full 2):
 def new generation   total 11776K, used 10496K [0x05600000, 0x062c0000, 0x0ab50000)
  eden space 10496K, 100% used [0x05600000, 0x06040000, 0x06040000)
  from space 1280K,   0% used [0x06040000, 0x06040000, 0x06180000)
  to   space 1280K,   0% used [0x06180000, 0x06180000, 0x062c0000)
 tenured generation   total 25992K, used 15594K [0x0ab50000, 0x0c4b2000, 0x15600000)
   the space 25992K,  59% used [0x0ab50000, 0x0ba8a820, 0x0ba8aa00, 0x0c4b2000)
 Metaspace       used 24076K, committed 24320K, reserved 32768K
}
Event: 3.089 GC heap after
{Heap after GC invocations=28 (full 2):
 def new generation   total 11776K, used 565K [0x05600000, 0x062c0000, 0x0ab50000)
  eden space 10496K,   0% used [0x05600000, 0x05600000, 0x06040000)
  from space 1280K,  44% used [0x06180000, 0x0620d4c8, 0x062c0000)
  to   space 1280K,   0% used [0x06040000, 0x06040000, 0x06180000)
 tenured generation   total 25992K, used 15594K [0x0ab50000, 0x0c4b2000, 0x15600000)
   the space 25992K,  59% used [0x0ab50000, 0x0ba8a820, 0x0ba8aa00, 0x0c4b2000)
 Metaspace       used 24076K, committed 24320K, reserved 32768K
}
Event: 3.199 GC heap before
{Heap before GC invocations=28 (full 2):
 def new generation   total 11776K, used 11061K [0x05600000, 0x062c0000, 0x0ab50000)
  eden space 10496K, 100% used [0x05600000, 0x06040000, 0x06040000)
  from space 1280K,  44% used [0x06180000, 0x0620d4c8, 0x062c0000)
  to   space 1280K,   0% used [0x06040000, 0x06040000, 0x06180000)
 tenured generation   total 25992K, used 15594K [0x0ab50000, 0x0c4b2000, 0x15600000)
   the space 25992K,  59% used [0x0ab50000, 0x0ba8a820, 0x0ba8aa00, 0x0c4b2000)
 Metaspace       used 24971K, committed 25216K, reserved 32768K
}
Event: 3.202 GC heap after
{Heap after GC invocations=29 (full 2):
 def new generation   total 11776K, used 1268K [0x05600000, 0x062c0000, 0x0ab50000)
  eden space 10496K,   0% used [0x05600000, 0x05600000, 0x06040000)
  from space 1280K,  99% used [0x06040000, 0x0617d1f8, 0x06180000)
  to   space 1280K,   0% used [0x06180000, 0x06180000, 0x062c0000)
 tenured generation   total 25992K, used 15594K [0x0ab50000, 0x0c4b2000, 0x15600000)
   the space 25992K,  59% used [0x0ab50000, 0x0ba8a820, 0x0ba8aa00, 0x0c4b2000)
 Metaspace       used 24971K, committed 25216K, reserved 32768K
}
Event: 3.231 GC heap before
{Heap before GC invocations=29 (full 2):
 def new generation   total 11776K, used 11764K [0x05600000, 0x062c0000, 0x0ab50000)
  eden space 10496K, 100% used [0x05600000, 0x06040000, 0x06040000)
  from space 1280K,  99% used [0x06040000, 0x0617d1f8, 0x06180000)
  to   space 1280K,   0% used [0x06180000, 0x06180000, 0x062c0000)
 tenured generation   total 25992K, used 15594K [0x0ab50000, 0x0c4b2000, 0x15600000)
   the space 25992K,  59% used [0x0ab50000, 0x0ba8a820, 0x0ba8aa00, 0x0c4b2000)
 Metaspace       used 25007K, committed 25216K, reserved 32768K
}
Event: 3.235 GC heap after
{Heap after GC invocations=30 (full 2):
 def new generation   total 11776K, used 737K [0x05600000, 0x062c0000, 0x0ab50000)
  eden space 10496K,   0% used [0x05600000, 0x05600000, 0x06040000)
  from space 1280K,  57% used [0x06180000, 0x06238570, 0x062c0000)
  to   space 1280K,   0% used [0x06040000, 0x06040000, 0x06180000)
 tenured generation   total 25992K, used 16819K [0x0ab50000, 0x0c4b2000, 0x15600000)
   the space 25992K,  64% used [0x0ab50000, 0x0bbbcf48, 0x0bbbd000, 0x0c4b2000)
 Metaspace       used 25007K, committed 25216K, reserved 32768K
}
Event: 3.323 GC heap before
{Heap before GC invocations=30 (full 2):
 def new generation   total 11776K, used 11233K [0x05600000, 0x062c0000, 0x0ab50000)
  eden space 10496K, 100% used [0x05600000, 0x06040000, 0x06040000)
  from space 1280K,  57% used [0x06180000, 0x06238570, 0x062c0000)
  to   space 1280K,   0% used [0x06040000, 0x06040000, 0x06180000)
 tenured generation   total 25992K, used 16819K [0x0ab50000, 0x0c4b2000, 0x15600000)
   the space 25992K,  64% used [0x0ab50000, 0x0bbbcf48, 0x0bbbd000, 0x0c4b2000)
 Metaspace       used 25650K, committed 25920K, reserved 32768K
}
Event: 3.328 GC heap after
{Heap after GC invocations=31 (full 2):
 def new generation   total 11776K, used 876K [0x05600000, 0x062c0000, 0x0ab50000)
  eden space 10496K,   0% used [0x05600000, 0x05600000, 0x06040000)
  from space 1280K,  68% used [0x06040000, 0x0611b010, 0x06180000)
  to   space 1280K,   0% used [0x06180000, 0x06180000, 0x062c0000)
 tenured generation   total 25992K, used 17366K [0x0ab50000, 0x0c4b2000, 0x15600000)
   the space 25992K,  66% used [0x0ab50000, 0x0bc45a00, 0x0bc45a00, 0x0c4b2000)
 Metaspace       used 25650K, committed 25920K, reserved 32768K
}
Event: 3.437 GC heap before
{Heap before GC invocations=31 (full 2):
 def new generation   total 11776K, used 11372K [0x05600000, 0x062c0000, 0x0ab50000)
  eden space 10496K, 100% used [0x05600000, 0x06040000, 0x06040000)
  from space 1280K,  68% used [0x06040000, 0x0611b010, 0x06180000)
  to   space 1280K,   0% used [0x06180000, 0x06180000, 0x062c0000)
 tenured generation   total 25992K, used 17366K [0x0ab50000, 0x0c4b2000, 0x15600000)
   the space 25992K,  66% used [0x0ab50000, 0x0bc45a00, 0x0bc45a00, 0x0c4b2000)
 Metaspace       used 26917K, committed 27200K, reserved 32768K
}
Event: 3.440 GC heap after
{Heap after GC invocations=32 (full 2):
 def new generation   total 11776K, used 480K [0x05600000, 0x062c0000, 0x0ab50000)
  eden space 10496K,   0% used [0x05600000, 0x05600000, 0x06040000)
  from space 1280K,  37% used [0x06180000, 0x061f8180, 0x062c0000)
  to   space 1280K,   0% used [0x06040000, 0x06040000, 0x06180000)
 tenured generation   total 25992K, used 18235K [0x0ab50000, 0x0c4b2000, 0x15600000)
   the space 25992K,  70% used [0x0ab50000, 0x0bd1ecd8, 0x0bd1ee00, 0x0c4b2000)
 Metaspace       used 26917K, committed 27200K, reserved 32768K
}
Event: 3.543 GC heap before
{Heap before GC invocations=32 (full 2):
 def new generation   total 11776K, used 10976K [0x05600000, 0x062c0000, 0x0ab50000)
  eden space 10496K, 100% used [0x05600000, 0x06040000, 0x06040000)
  from space 1280K,  37% used [0x06180000, 0x061f8180, 0x062c0000)
  to   space 1280K,   0% used [0x06040000, 0x06040000, 0x06180000)
 tenured generation   total 25992K, used 18235K [0x0ab50000, 0x0c4b2000, 0x15600000)
   the space 25992K,  70% used [0x0ab50000, 0x0bd1ecd8, 0x0bd1ee00, 0x0c4b2000)
 Metaspace       used 28206K, committed 28480K, reserved 32768K
}
Event: 3.546 GC heap after
{Heap after GC invocations=33 (full 2):
 def new generation   total 11776K, used 1006K [0x05600000, 0x062c0000, 0x0ab50000)
  eden space 10496K,   0% used [0x05600000, 0x05600000, 0x06040000)
  from space 1280K,  78% used [0x06040000, 0x0613ba80, 0x06180000)
  to   space 1280K,   0% used [0x06180000, 0x06180000, 0x062c0000)
 tenured generation   total 25992K, used 18235K [0x0ab50000, 0x0c4b2000, 0x15600000)
   the space 25992K,  70% used [0x0ab50000, 0x0bd1ecd8, 0x0bd1ee00, 0x0c4b2000)
 Metaspace       used 28206K, committed 28480K, reserved 32768K
}
Event: 3.683 GC heap before
{Heap before GC invocations=33 (full 2):
 def new generation   total 11776K, used 11502K [0x05600000, 0x062c0000, 0x0ab50000)
  eden space 10496K, 100% used [0x05600000, 0x06040000, 0x06040000)
  from space 1280K,  78% used [0x06040000, 0x0613ba80, 0x06180000)
  to   space 1280K,   0% used [0x06180000, 0x06180000, 0x062c0000)
 tenured generation   total 25992K, used 18235K [0x0ab50000, 0x0c4b2000, 0x15600000)
   the space 25992K,  70% used [0x0ab50000, 0x0bd1ecd8, 0x0bd1ee00, 0x0c4b2000)
 Metaspace       used 29387K, committed 29632K, reserved 32768K
}
Event: 3.687 GC heap after
{Heap after GC invocations=34 (full 2):
 def new generation   total 11776K, used 939K [0x05600000, 0x062c0000, 0x0ab50000)
  eden space 10496K,   0% used [0x05600000, 0x05600000, 0x06040000)
  from space 1280K,  73% used [0x06180000, 0x0626af98, 0x062c0000)
  to   space 1280K,   0% used [0x06040000, 0x06040000, 0x06180000)
 tenured generation   total 25992K, used 18707K [0x0ab50000, 0x0c4b2000, 0x15600000)
   the space 25992K,  71% used [0x0ab50000, 0x0bd94d28, 0x0bd94e00, 0x0c4b2000)
 Metaspace       used 29387K, committed 29632K, reserved 32768K
}

Dll operation events (11 events):
Event: 0.004 Loaded shared library C:\Java\bin\java.dll
Event: 0.120 Loaded shared library C:\Java\bin\zip.dll
Event: 0.123 Loaded shared library C:\java\bin\instrument.dll
Event: 0.131 Loaded shared library C:\java\bin\net.dll
Event: 0.132 Loaded shared library C:\java\bin\nio.dll
Event: 0.137 Loaded shared library C:\java\bin\zip.dll
Event: 0.234 Loaded shared library C:\java\bin\jimage.dll
Event: 2.197 Loaded shared library C:\java\bin\sunmscapi.dll
Event: 3.044 Loaded shared library C:\java\bin\management.dll
Event: 3.045 Loaded shared library C:\java\bin\management_ext.dll
Event: 3.143 Loaded shared library C:\Java\bin\verify.dll

Deoptimization events (4 events):
Event: 2.033 Thread 0x03450928 DEOPT PACKING pc=0x03764a79 sp=0x02c1e9c0
Event: 2.033 Thread 0x03450928 DEOPT UNPACKING pc=0x03565587 sp=0x02c1e898 mode 3
Event: 2.330 Thread 0x03450928 DEOPT PACKING pc=0x0384df52 sp=0x02c1f110
Event: 2.330 Thread 0x03450928 DEOPT UNPACKING pc=0x03565587 sp=0x02c1efac mode 3

Classes unloaded (0 events):
No events

Classes redefined (0 events):
No events

Internal exceptions (20 events):
Event: 2.863 Thread 0x03450928 Exception <a 'java/lang/NoSuchMethodError'{0x0584b3e0}: 'java.lang.Object java.lang.invoke.DirectMethodHandle$Holder.newInvokeSpecial(java.lang.Object, java.lang.Object, java.lang.Object, int)'> (0x0584b3e0) 
thrown [s\src\hotspot\share\interpreter\linkResolver.cpp, line 759]
Event: 2.863 Thread 0x03450928 Exception <a 'java/lang/NoSuchMethodError'{0x0584f160}: 'java.lang.Object java.lang.invoke.DirectMethodHandle$Holder.invokeSpecial(java.lang.Object, java.lang.Object, java.lang.Object, java.lang.Object, int)'> (0x0584f160) 
thrown [s\src\hotspot\share\interpreter\linkResolver.cpp, line 759]
Event: 2.863 Thread 0x03450928 Exception <a 'java/lang/NoSuchMethodError'{0x058528c8}: 'java.lang.Object java.lang.invoke.Invokers$Holder.linkToTargetMethod(java.lang.Object, java.lang.Object, int, java.lang.Object)'> (0x058528c8) 
thrown [s\src\hotspot\share\interpreter\linkResolver.cpp, line 759]
Event: 2.903 Thread 0x03450928 Exception <a 'java/lang/NoSuchMethodError'{0x05bc09a0}: 'java.lang.Object java.lang.invoke.DirectMethodHandle$Holder.invokeStaticInit(java.lang.Object, int, int, int, int)'> (0x05bc09a0) 
thrown [s\src\hotspot\share\interpreter\linkResolver.cpp, line 759]
Event: 2.932 Thread 0x03450928 Exception <a 'java/lang/NoSuchMethodError'{0x05be9498}: 'java.lang.Object java.lang.invoke.DirectMethodHandle$Holder.invokeStaticInit(java.lang.Object, java.lang.Object, int, int, int, int)'> (0x05be9498) 
thrown [s\src\hotspot\share\interpreter\linkResolver.cpp, line 759]
Event: 3.024 Thread 0x03450928 Exception <a 'java/lang/NoSuchMethodError'{0x05aca068}: 'java.lang.Object java.lang.invoke.DirectMethodHandle$Holder.invokeSpecial(java.lang.Object, java.lang.Object, long, java.lang.Object, java.lang.Object, java.lang.Object, java.lang.Object, java.lang.Object, java.lang.Object)'> (0x05aca068) 
thrown [s\src\hotspot\share\interpreter\linkResolver.cpp, line 759]
Event: 3.024 Thread 0x03450928 Exception <a 'java/lang/NoSuchMethodError'{0x05ace668}: 'java.lang.Object java.lang.invoke.DelegatingMethodHandle$Holder.reinvoke_L(java.lang.Object, long, java.lang.Object, java.lang.Object, java.lang.Object, java.lang.Object, java.lang.Object, java.lang.Object)'> (0x05ace668) 
thrown [s\src\hotspot\share\interpreter\linkResolver.cpp, line 759]
Event: 3.053 Thread 0x03450928 Exception <a 'java/io/FileNotFoundException'{0x05c50e10}> (0x05c50e10) 
thrown [s\src\hotspot\share\prims\jni.cpp, line 516]
Event: 3.081 Thread 0x03450928 Exception <a 'java/lang/NoSuchMethodError'{0x05fc7110}: 'int java.lang.invoke.DirectMethodHandle$Holder.invokeInterface(java.lang.Object, java.lang.Object, java.lang.Object, java.lang.Object)'> (0x05fc7110) 
thrown [s\src\hotspot\share\interpreter\linkResolver.cpp, line 759]
Event: 3.107 Thread 0x03450928 Exception <a 'java/lang/NoSuchMethodError'{0x0578c6a0}: 'java.lang.Object java.lang.invoke.DirectMethodHandle$Holder.invokeStaticInit(java.lang.Object, java.lang.Object, java.lang.Object, java.lang.Object)'> (0x0578c6a0) 
thrown [s\src\hotspot\share\interpreter\linkResolver.cpp, line 759]
Event: 3.108 Thread 0x03450928 Exception <a 'java/lang/IncompatibleClassChangeError'{0x0579fc10}: Found class java.lang.Object, but interface was expected> (0x0579fc10) 
thrown [s\src\hotspot\share\interpreter\linkResolver.cpp, line 826]
Event: 3.109 Thread 0x03450928 Exception <a 'java/lang/IncompatibleClassChangeError'{0x057acdb8}: Found class java.lang.Object, but interface was expected> (0x057acdb8) 
thrown [s\src\hotspot\share\interpreter\linkResolver.cpp, line 826]
Event: 3.112 Thread 0x03450928 Exception <a 'java/lang/IncompatibleClassChangeError'{0x057da900}: Found class java.lang.Object, but interface was expected> (0x057da900) 
thrown [s\src\hotspot\share\interpreter\linkResolver.cpp, line 826]
Event: 3.171 Thread 0x03450928 Exception <a 'java/lang/NoSuchMethodError'{0x05c6b200}: 'java.lang.Object java.lang.invoke.DirectMethodHandle$Holder.invokeStatic(java.lang.Object, java.lang.Object, int, java.lang.Object)'> (0x05c6b200) 
thrown [s\src\hotspot\share\interpreter\linkResolver.cpp, line 759]
Event: 3.171 Thread 0x03450928 Exception <a 'java/lang/NoSuchMethodError'{0x05c71ad0}: 'java.lang.Object java.lang.invoke.DirectMethodHandle$Holder.newInvokeSpecial(java.lang.Object, java.lang.Object, int)'> (0x05c71ad0) 
thrown [s\src\hotspot\share\interpreter\linkResolver.cpp, line 759]
Event: 3.251 Thread 0x03450928 Exception <a 'java/lang/NoSuchMethodError'{0x059717a8}: 'java.lang.Object java.lang.invoke.DirectMethodHandle$Holder.newInvokeSpecial(java.lang.Object, java.lang.Object, java.lang.Object, int, java.lang.Object, java.lang.Object)'> (0x059717a8) 
thrown [s\src\hotspot\share\interpreter\linkResolver.cpp, line 759]
Event: 3.323 Thread 0x03450928 Exception <a 'java/lang/NoSuchMethodError'{0x0603c628}: 'long java.lang.invoke.DirectMethodHandle$Holder.invokeVirtual(java.lang.Object, java.lang.Object)'> (0x0603c628) 
thrown [s\src\hotspot\share\interpreter\linkResolver.cpp, line 759]
Event: 3.372 Thread 0x03450928 Exception <a 'java/lang/NoSuchMethodError'{0x059b6b60}: 'java.lang.Object java.lang.invoke.DirectMethodHandle$Holder.invokeSpecial(java.lang.Object, java.lang.Object, java.lang.Object, long, int)'> (0x059b6b60) 
thrown [s\src\hotspot\share\interpreter\linkResolver.cpp, line 759]
Event: 3.695 Thread 0x03450928 Exception <a 'java/lang/NoSuchMethodError'{0x0568a680}: 'int java.lang.invoke.DirectMethodHandle$Holder.invokeStatic(java.lang.Object, java.lang.Object, java.lang.Object, java.lang.Object, java.lang.Object)'> (0x0568a680) 
thrown [s\src\hotspot\share\interpreter\linkResolver.cpp, line 759]
Event: 3.721 Thread 0x03450928 Exception <a 'java/lang/NoSuchMethodError'{0x058b66a0}: 'void java.lang.invoke.DirectMethodHandle$Holder.invokeInterface(java.lang.Object, java.lang.Object)'> (0x058b66a0) 
thrown [s\src\hotspot\share\interpreter\linkResolver.cpp, line 759]

VM Operations (20 events):
Event: 3.199 Executing VM operation: GenCollectForAllocation
Event: 3.202 Executing VM operation: GenCollectForAllocation done
Event: 3.231 Executing VM operation: GenCollectForAllocation
Event: 3.235 Executing VM operation: GenCollectForAllocation done
Event: 3.306 Executing VM operation: HandshakeAllThreads
Event: 3.306 Executing VM operation: HandshakeAllThreads done
Event: 3.306 Executing VM operation: HandshakeAllThreads
Event: 3.306 Executing VM operation: HandshakeAllThreads done
Event: 3.323 Executing VM operation: GenCollectForAllocation
Event: 3.328 Executing VM operation: GenCollectForAllocation done
Event: 3.333 Executing VM operation: HandshakeAllThreads
Event: 3.333 Executing VM operation: HandshakeAllThreads done
Event: 3.437 Executing VM operation: GenCollectForAllocation
Event: 3.440 Executing VM operation: GenCollectForAllocation done
Event: 3.499 Executing VM operation: HandshakeAllThreads
Event: 3.499 Executing VM operation: HandshakeAllThreads done
Event: 3.543 Executing VM operation: GenCollectForAllocation
Event: 3.546 Executing VM operation: GenCollectForAllocation done
Event: 3.682 Executing VM operation: GenCollectForAllocation
Event: 3.687 Executing VM operation: GenCollectForAllocation done

Events (20 events):
Event: 3.655 loading class java/util/concurrent/Flow$Subscriber
Event: 3.655 loading class java/util/concurrent/Flow$Subscriber done
Event: 3.666 loading class java/util/LinkedList$LLSpliterator
Event: 3.666 loading class java/util/LinkedList$LLSpliterator done
Event: 3.725 loading class javax/xml/parsers/DocumentBuilderFactory
Event: 3.725 loading class javax/xml/parsers/DocumentBuilderFactory done
Event: 3.725 loading class javax/xml/parsers/SAXParserFactory
Event: 3.725 loading class javax/xml/parsers/SAXParserFactory done
Event: 3.732 loading class java/io/ObjectOutputStream
Event: 3.733 loading class java/io/ObjectOutput
Event: 3.733 loading class java/io/ObjectOutput done
Event: 3.733 loading class java/io/ObjectOutputStream done
Event: 3.743 loading class sun/misc/Unsafe
Event: 3.743 loading class sun/misc/Unsafe done
Event: 3.743 loading class jdk/internal/vm/annotation/ForceInline
Event: 3.743 loading class jdk/internal/vm/annotation/ForceInline done
Event: 3.750 loading class java/text/ParsePosition
Event: 3.751 loading class java/text/ParsePosition done
Event: 3.751 loading class java/text/CalendarBuilder
Event: 3.751 loading class java/text/CalendarBuilder done


Dynamic libraries:
0x009d0000 - 0x009dc000 	C:\Java\bin\java.exe
0x77250000 - 0x773f4000 	C:\Windows\SYSTEM32\ntdll.dll
0x752a0000 - 0x75390000 	C:\Windows\System32\KERNEL32.DLL
0x76540000 - 0x76779000 	C:\Windows\System32\KERNELBASE.dll
0x6e810000 - 0x6e8b4000 	C:\Windows\SYSTEM32\apphelp.dll
0x76d80000 - 0x76ea0000 	C:\Windows\System32\ucrtbase.dll
0x505e0000 - 0x505f5000 	C:\Java\bin\jli.dll
0x50600000 - 0x50614000 	C:\Java\bin\VCRUNTIME140.dll
0x75390000 - 0x7552c000 	C:\Windows\System32\USER32.dll
0x75850000 - 0x75868000 	C:\Windows\System32\win32u.dll
0x71900000 - 0x71b10000 	C:\Windows\WinSxS\x86_microsoft.windows.common-controls_6595b64144ccf1df_6.0.19041.5915_none_a861f0a88675f0cd\COMCTL32.dll
0x76510000 - 0x76533000 	C:\Windows\System32\GDI32.dll
0x76c00000 - 0x76cbf000 	C:\Windows\System32\msvcrt.dll
0x75640000 - 0x75727000 	C:\Windows\System32\gdi32full.dll
0x76f20000 - 0x76f9b000 	C:\Windows\System32\msvcp_win.dll
0x764e0000 - 0x76505000 	C:\Windows\System32\IMM32.DLL
0x50460000 - 0x504d1000 	C:\Java\bin\msvcp140.dll
0x77ad0000 - 0x77ff9000 	C:\Java\bin\client\jvm.dll
0x757d0000 - 0x7584d000 	C:\Windows\System32\ADVAPI32.dll
0x76400000 - 0x76477000 	C:\Windows\System32\sechost.dll
0x76cc0000 - 0x76d7c000 	C:\Windows\System32\RPCRT4.dll
0x77130000 - 0x77149000 	C:\Windows\System32\bcrypt.dll
0x72b30000 - 0x72b74000 	C:\Windows\SYSTEM32\POWRPROF.dll
0x6e3d0000 - 0x6e3d8000 	C:\Windows\SYSTEM32\WSOCK32.dll
0x77060000 - 0x770c3000 	C:\Windows\System32\WS2_32.dll
0x72b80000 - 0x72ba8000 	C:\Windows\SYSTEM32\WINMM.dll
0x74800000 - 0x74808000 	C:\Windows\SYSTEM32\VERSION.dll
0x72b20000 - 0x72b2d000 	C:\Windows\SYSTEM32\UMPDC.dll
0x74520000 - 0x7452f000 	C:\Windows\SYSTEM32\kernel.appcore.dll
0x65e80000 - 0x65e89000 	C:\Java\bin\jimage.dll
0x52e40000 - 0x52feb000 	C:\Windows\SYSTEM32\DBGHELP.DLL
0x505b0000 - 0x505db000 	C:\Windows\SYSTEM32\dbgcore.DLL
0x770d0000 - 0x7712f000 	C:\Windows\System32\bcryptPrimitives.dll
0x5db10000 - 0x5db1d000 	C:\Java\bin\instrument.dll
0x50580000 - 0x505a1000 	C:\Java\bin\java.dll
0x75950000 - 0x75f2a000 	C:\Windows\System32\SHELL32.dll
0x74aa0000 - 0x750b8000 	C:\Windows\SYSTEM32\windows.storage.dll
0x76810000 - 0x76a90000 	C:\Windows\System32\combase.dll
0x74a70000 - 0x74a95000 	C:\Windows\SYSTEM32\Wldp.dll
0x75730000 - 0x757c6000 	C:\Windows\System32\OLEAUT32.dll
0x76780000 - 0x76807000 	C:\Windows\System32\SHCORE.dll
0x750d0000 - 0x75119000 	C:\Windows\System32\shlwapi.dll
0x73e30000 - 0x73e4b000 	C:\Windows\SYSTEM32\profapi.dll
0x50280000 - 0x50296000 	C:\Java\bin\zip.dll
0x502c0000 - 0x502d4000 	C:\java\bin\net.dll
0x73bb0000 - 0x73c7a000 	C:\Windows\SYSTEM32\WINHTTP.dll
0x73b50000 - 0x73ba2000 	C:\Windows\system32\mswsock.dll
0x502a0000 - 0x502b2000 	C:\java\bin\nio.dll
0x73c90000 - 0x73cc2000 	C:\Windows\SYSTEM32\IPHLPAPI.DLL
0x750c0000 - 0x750c7000 	C:\Windows\System32\NSI.dll
0x73b30000 - 0x73b44000 	C:\Windows\SYSTEM32\dhcpcsvc6.DLL
0x73b10000 - 0x73b26000 	C:\Windows\SYSTEM32\dhcpcsvc.DLL
0x739d0000 - 0x73a60000 	C:\Windows\SYSTEM32\DNSAPI.dll
0x5d120000 - 0x5d12b000 	C:\java\bin\sunmscapi.dll
0x75540000 - 0x7563f000 	C:\Windows\System32\CRYPT32.dll
0x74640000 - 0x74661000 	C:\Windows\SYSTEM32\ncrypt.dll
0x74670000 - 0x74698000 	C:\Windows\SYSTEM32\NTASN1.dll
0x74620000 - 0x74633000 	C:\Windows\SYSTEM32\CRYPTSP.dll
0x73d30000 - 0x73d61000 	C:\Windows\system32\rsaenh.dll
0x74880000 - 0x748a5000 	C:\Windows\SYSTEM32\USERENV.dll
0x73d20000 - 0x73d2a000 	C:\Windows\SYSTEM32\CRYPTBASE.dll
0x50270000 - 0x50278000 	C:\java\bin\management.dll
0x50260000 - 0x50269000 	C:\java\bin\management_ext.dll
0x75530000 - 0x75536000 	C:\Windows\System32\PSAPI.DLL
0x5e7e0000 - 0x5e7ed000 	C:\Java\bin\verify.dll

dbghelp: loaded successfully - version: 4.0.5 - missing functions: none
symbol engine: initialized successfully - sym options: 0x614 - pdb path: .;C:\Java\bin;C:\Windows\SYSTEM32;C:\Windows\WinSxS\x86_microsoft.windows.common-controls_6595b64144ccf1df_6.0.19041.5915_none_a861f0a88675f0cd;C:\Java\bin\client

VM Arguments:
jvm_args: -javaagent:C:\Program Files\JetBrains\IntelliJ IDEA Community Edition 2025.2.4\lib\idea_rt.jar=61781 -Dfile.encoding=UTF-8 
java_command: com.hotel.discovery.DiscoveryServerApplication
java_class_path (initial): D:\HotelManagementSystem-develop\hms_backend\discovery-server\target\classes;C:\Users\Administrator\.m2\repository\org\springframework\boot\spring-boot-starter-actuator\3.2.5\spring-boot-starter-actuator-3.2.5.jar;C:\Users\Administrator\.m2\repository\org\springframework\boot\spring-boot-starter\3.2.5\spring-boot-starter-3.2.5.jar;C:\Users\Administrator\.m2\repository\org\springframework\boot\spring-boot\3.2.5\spring-boot-3.2.5.jar;C:\Users\Administrator\.m2\repository\org\springframework\spring-context\6.1.6\spring-context-6.1.6.jar;C:\Users\Administrator\.m2\repository\org\springframework\spring-aop\6.1.6\spring-aop-6.1.6.jar;C:\Users\Administrator\.m2\repository\org\springframework\spring-beans\6.1.6\spring-beans-6.1.6.jar;C:\Users\Administrator\.m2\repository\org\springframework\spring-expression\6.1.6\spring-expression-6.1.6.jar;C:\Users\Administrator\.m2\repository\org\springframework\boot\spring-boot-autoconfigure\3.2.5\spring-boot-autoconfigure-3.2.5.jar;C:\Users\Administrator\.m2\repository\org\springframework\boot\spring-boot-starter-logging\3.2.5\spring-boot-starter-logging-3.2.5.jar;C:\Users\Administrator\.m2\repository\ch\qos\logback\logback-classic\1.4.14\logback-classic-1.4.14.jar;C:\Users\Administrator\.m2\repository\ch\qos\logback\logback-core\1.4.14\logback-core-1.4.14.jar;C:\Users\Administrator\.m2\repository\org\apache\logging\log4j\log4j-to-slf4j\2.21.1\log4j-to-slf4j-2.21.1.jar;C:\Users\Administrator\.m2\repository\org\apache\logging\log4j\log4j-api\2.21.1\log4j-api-2.21.1.jar;C:\Users\Administrator\.m2\repository\org\slf4j\jul-to-slf4j\2.0.13\jul-to-slf4j-2.0.13.jar;C:\Users\Administrator\.m2\repository\jakarta\annotation\jakarta.annotation-api\2.1.1\jakarta.annotation-api-2.1.1.jar;C:\Users\Administrator\.m2\repository\org\yaml\snakeyaml\2.2\snakeyaml-2.2.jar;C:\Users\Administrator\.m2\repository\org\springframework\boot\spring-boot-actuator-autoconfigure\3.2.5\spring-boot-actuator-autoconfigure-3.2.5.jar;C:\Users
Launcher Type: SUN_STANDARD

[Global flags]
     intx CICompilerCount                          = 1                                         {product} {ergonomic}
    uintx CodeCacheExpansionSize                   = 32768                                  {pd product} {ergonomic}
    uintx InitialCodeCacheSize                     = 163840                                 {pd product} {ergonomic}
   size_t InitialHeapSize                          = 16777216                                  {product} {ergonomic}
   size_t MaxHeapSize                              = 268435456                                 {product} {ergonomic}
   size_t MaxNewSize                               = 89456640                                  {product} {ergonomic}
   size_t MinHeapDeltaBytes                        = 131072                                    {product} {ergonomic}
   size_t MinHeapSize                              = 6291456                                   {product} {ergonomic}
     bool NeverActAsServerClassMachine             = true                                   {pd product} {ergonomic}
   size_t NewSize                                  = 5570560                                   {product} {ergonomic}
    uintx NonNMethodCodeHeapSize                   = 5242880                                {pd product} {ergonomic}
    uintx NonProfiledCodeHeapSize                  = 0                                      {pd product} {ergonomic}
   size_t OldSize                                  = 11206656                                  {product} {ergonomic}
     bool ProfileInterpreter                       = false                                  {pd product} {ergonomic}
    uintx ProfiledCodeHeapSize                     = 0                                      {pd product} {ergonomic}
    uintx ReservedCodeCacheSize                    = 33554432                               {pd product} {ergonomic}
   size_t SoftMaxHeapSize                          = 268435456                              {manageable} {ergonomic}
     bool UseLargePagesIndividualAllocation        = false                                  {pd product} {ergonomic}
     bool UseSerialGC                              = true                                      {product} {ergonomic}

Logging:
Log output configuration:
 #0: stdout all=warning uptime,level,tags
 #1: stderr all=off uptime,level,tags

Environment Variables:
JAVA_HOME=C:\Program Files\Java\jdk-21
PATH=C:\Windows\system32;C:\Windows;C:\Windows\System32\Wbem;C:\Windows\System32\WindowsPowerShell\v1.0\;C:\Windows\System32\OpenSSH\;C:\Program Files (x86)\mingw-w64\i686-8.1.0-posix-dwarf-rt_v6-rev0\mingw32\bin;C:\Program Files\Microsoft SQL Server\Client SDK\ODBC\170\Tools\Binn\;C:\Program Files (x86)\Microsoft SQL Server\160\Tools\Binn\;C:\Program Files\Microsoft SQL Server\160\Tools\Binn\;C:\Program Files\Microsoft SQL Server\160\DTS\Binn\;C:\Program Files\MySQL\MySQL Server 5.7\bin;C:\Graphviz-12.2.1-win64\bin;C:\Program Files (x86)\Microsoft SQL Server\160\DTS\Binn\;C:\Program Files\Git\cmd;D:\flutter\flutter\bin;C:\Program Files\nodejs\;C:\Program Files\Java\jdk-21\bin;C:\apache-maven-3.9.11\bin;C:\Program Files\Cloudflare\Cloudflare WARP\;C:\Users\Administrator\AppData\Local\Microsoft\WindowsApps;C:\Users\Administrator\AppData\Local\Programs\Microsoft VS Code\bin;C:\Program Files\MySQL\MySQL Server 5.7\bin;C:\Users\Administrator\AppData\Roaming\npm;C:\Program Files\JetBrains\IntelliJ IDEA Community Edition 2025.2.4\bin
USERNAME=MSI
OS=Windows_NT
PROCESSOR_IDENTIFIER=Intel64 Family 6 Model 165 Stepping 2, GenuineIntel
TMP=C:\Users\ADMINI~1\AppData\Local\Temp
TEMP=C:\Users\ADMINI~1\AppData\Local\Temp



---------------  S Y S T E M  ---------------

OS:
 Windows 10 , 64 bit Build 19041 (10.0.19041.5915)
OS uptime: 0 days 1:27 hours

CPU: total 12 (initial active 12) (6 cores per cpu, 2 threads per core) family 6 model 165 stepping 2 microcode 0xe2, cx8, cmov, fxsr, ht, mmx, 3dnowpref, sse, sse2, sse3, ssse3, sse4.1, sse4.2, popcnt, lzcnt, tsc, tscinvbit, avx, avx2, aes, erms, clmul, bmi1, bmi2, adx, fma, vzeroupper, clflush, clflushopt
Processor Information for all 12 processors :
  Max Mhz: 2592, Current Mhz: 2592, Mhz Limit: 2592

Memory: 4k page, system-wide physical 8013M (363M free)
TotalPageFile size 12109M (AvailPageFile size 0M), user-mode portion of virtual address-space 2047M (1587M free)
current process WorkingSet (physical memory assigned to process): 102M, peak: 102M
current process commit charge ("private bytes"): 100M, peak: 100M

vm_info: OpenJDK Client VM (17.0.8.1+1) for windows-x86 JRE (17.0.8.1+1), built on Aug 23 2023 15:29:16 by "admin" with MS VC++ 16.7 (VS2019)

END.
